CORP,,"IP-C6137C2D$",,,,,,,"IP-C6137C2D.corp.amazonworkspaces.com",0x330,,,4688,0,,,,,,,"Audit Success",Security,,,,0x3e7,,,"A new process has been created.

Subject:
	Security ID:		S-1-5-18
	Account Name:		IP-C6137C2D$
	Account Domain:		CORP
	Logon ID:		0x3e7

Process Information:
	New Process ID:		0x1860
	New Process Name:	C:\Windows\System32\dllhost.exe
	Token Elevation Type:	TokenElevationTypeDefault (1)
	Creator Process ID:	0x330
	Process Command Line:	

Token Elevation Type indicates the type of token that was assigned to the new process in accordance with User Account Control policy.

Type 1 is a full token with no privileges removed or groups disabled.  A full token is only used if User Account Control is disabled or if the user is the built-in Administrator account or a service account.

Type 2 is an elevated token with no privileges removed or groups disabled.  An elevated token is used when User Account Control is enabled and the user chooses to start the program using Run as administrator.  An elevated token is also used when an application is configured to always require administrative privilege or to always require maximum privilege, and the user is a member of the Administrators group.

Type 3 is a limited token with administrative privileges removed and administrative groups disabled.  The limited token is used when User Account Control is enabled, the application does not require administrative privilege, and the user does not choose to start the program using Run as administrator.",,0x1860,"C:\Windows\System32\dllhost.exe",,,Info,,,,,,,,,,131948,,,,"S-1-5-18",,,"Microsoft Windows security auditing.",,,,,,"IP-C6137C2D$",,"Process Creation","TokenElevationTypeDefault (1)",,Information,,,,,,"11/28/2016 02:30:32 PM
LogName=Security
SourceName=Microsoft Windows security auditing.
EventCode=4688
EventType=0
Type=Information
ComputerName=IP-C6137C2D.corp.amazonworkspaces.com
TaskCategory=Process Creation
OpCode=Info
RecordNumber=131948
Keywords=Audit Success
Message=A new process has been created.

Subject:
	Security ID:		S-1-5-18
	Account Name:		IP-C6137C2D$
	Account Domain:		CORP
	Logon ID:		0x3e7

Process Information:
	New Process ID:		0x1860
	New Process Name:	C:\Windows\System32\dllhost.exe
	Token Elevation Type:	TokenElevationTypeDefault (1)
	Creator Process ID:	0x330
	Process Command Line:	

Token Elevation Type indicates the type of token that was assigned to the new process in accordance with User Account Control policy.

Type 1 is a full token with no privileges removed or groups disabled.  A full token is only used if User Account Control is disabled or if the user is the built-in Administrator account or a service account.

Type 2 is an elevated token with no privileges removed or groups disabled.  An elevated token is used when User Account Control is enabled and the user chooses to start the program using Run as administrator.  An elevated token is also used when an application is configured to always require administrative privilege or to always require maximum privilege, and the user is a member of the Administrators group.

Type 3 is a limited token with administrative privileges removed and administrative groups disabled.  The limited token is used when User Account Control is enabled, the application does not require administrative privilege, and the user does not choose to start the program using Run as administrator.","1480361432.000",14,28,30,november,32,monday,2016,local,,"IP-C6137C2D",main,33,"//_::_\r=\r=___.\r=\r=\r=\r=-...\r=_\r=\r=\r=_\r=_____.\r\r\r\r:\r","WinEventLog:Security","WinEventLog:Security",PersonalSplunk,,23,0
"IP-C6137C2D",,"msmith_admin",,,,,,,"IP-C6137C2D.corp.amazonworkspaces.com",,,,4672,0,,,,,,,"Audit Success",Security,,,,0x155f5f6,,,"Special privileges assigned to new logon.

Subject:
	Security ID:		S-1-5-21-530973380-1803174443-1567984831-1004
	Account Name:		msmith_admin
	Account Domain:		IP-C6137C2D
	Logon ID:		0x155f5f6

Privileges:		SeSecurityPrivilege
			SeTakeOwnershipPrivilege
			SeLoadDriverPrivilege
			SeBackupPrivilege
			SeRestorePrivilege
			SeDebugPrivilege
			SeSystemEnvironmentPrivilege
			SeImpersonatePrivilege",,,,,,Info,,,,,SeSecurityPrivilege,,,,,131947,,,,"S-1-5-21-530973380-1803174443-1567984831-1004",,,"Microsoft Windows security auditing.",,,,,,"msmith_admin",,"Special Logon",,,Information,,,,,,"11/28/2016 02:30:32 PM
LogName=Security
SourceName=Microsoft Windows security auditing.
EventCode=4672
EventType=0
Type=Information
ComputerName=IP-C6137C2D.corp.amazonworkspaces.com
TaskCategory=Special Logon
OpCode=Info
RecordNumber=131947
Keywords=Audit Success
Message=Special privileges assigned to new logon.

Subject:
	Security ID:		S-1-5-21-530973380-1803174443-1567984831-1004
	Account Name:		msmith_admin
	Account Domain:		IP-C6137C2D
	Logon ID:		0x155f5f6

Privileges:		SeSecurityPrivilege
			SeTakeOwnershipPrivilege
			SeLoadDriverPrivilege
			SeBackupPrivilege
			SeRestorePrivilege
			SeDebugPrivilege
			SeSystemEnvironmentPrivilege
			SeImpersonatePrivilege","1480361432.000",14,28,30,november,32,monday,2016,local,,"IP-C6137C2D",main,27,"//_::_\r=\r=___.\r=\r=\r=\r=-...\r=_\r=\r=\r=_\r=_____.\r\r\r\r:\r","WinEventLog:Security","WinEventLog:Security",PersonalSplunk,,23,0
"CORP
IP-C6137C2D",,"dveuve;msmith_admin",,,,Negotiate,,,"IP-C6137C2D.corp.amazonworkspaces.com",,,,4624,0,,,,,,0,"Audit Success",Security,,"{00000000-0000-0000-0000-000000000000}",,"0x45186d
0x155f60e",seclogo,2,"An account was successfully logged on.

Subject:
	Security ID:		S-1-5-21-2206723804-4039538768-2100233310-1109
	Account Name:		dveuve
	Account Domain:		CORP
	Logon ID:		0x45186d

Logon Type:			2

New Logon:
	Security ID:		S-1-5-21-530973380-1803174443-1567984831-1004
	Account Name:		msmith_admin
	Account Domain:		IP-C6137C2D
	Logon ID:		0x155f60e
	Logon GUID:		{00000000-0000-0000-0000-000000000000}

Process Information:
	Process ID:		0x1f8
	Process Name:		C:\Windows\System32\svchost.exe

Network Information:
	Workstation Name:	IP-C6137C2D
	Source Network Address:	::1
	Source Port:		0

Detailed Authentication Information:
	Logon Process:		seclogo
	Authentication Package:	Negotiate
	Transited Services:	-
	Package Name (NTLM only):	-
	Key Length:		0

This event is generated when a logon session is created. It is generated on the computer that was accessed.

The subject fields indicate the account on the local system which requested the logon. This is most commonly a service such as the Server service, or a local process such as Winlogon.exe or Services.exe.

The logon type field indicates the kind of logon that occurred. The most common types are 2 (interactive) and 3 (network).

The New Logon fields indicate the account for whom the new logon was created, i.e. the account that was logged on.

The network fields indicate where a remote logon request originated. Workstation name is not always available and may be left blank in some cases.

The authentication information fields provide detailed information about this specific logon request.
	- Logon GUID is a unique identifier that can be used to correlate this event with a KDC event.
	- Transited services indicate which intermediate services have participated in this logon request.
	- Package name indicates which sub-protocol was used among the NTLM protocols.
	- Key length indicates the length of the generated session key. This will be 0 if no session key was requested.",,,,,,Info,"-",,,,,,0x1f8,"C:\Windows\System32\svchost.exe",,131946,,,,"S-1-5-21-2206723804-4039538768-2100233310-1109
S-1-5-21-530973380-1803174443-1567984831-1004",,,"Microsoft Windows security auditing.","::1",0,,,,"msmith_admin",,Logon,,"-",Information,,,,,"IP-C6137C2D","11/28/2016 02:30:32 PM
LogName=Security
SourceName=Microsoft Windows security auditing.
EventCode=4624
EventType=0
Type=Information
ComputerName=IP-C6137C2D.corp.amazonworkspaces.com
TaskCategory=Logon
OpCode=Info
RecordNumber=131946
Keywords=Audit Success
Message=An account was successfully logged on.

Subject:
	Security ID:		S-1-5-21-2206723804-4039538768-2100233310-1109
	Account Name:		dveuve
	Account Domain:		CORP
	Logon ID:		0x45186d

Logon Type:			2

New Logon:
	Security ID:		S-1-5-21-530973380-1803174443-1567984831-1004
	Account Name:		msmith_admin
	Account Domain:		IP-C6137C2D
	Logon ID:		0x155f60e
	Logon GUID:		{00000000-0000-0000-0000-000000000000}

Process Information:
	Process ID:		0x1f8
	Process Name:		C:\Windows\System32\svchost.exe

Network Information:
	Workstation Name:	IP-C6137C2D
	Source Network Address:	::1
	Source Port:		0

Detailed Authentication Information:
	Logon Process:		seclogo
	Authentication Package:	Negotiate
	Transited Services:	-
	Package Name (NTLM only):	-
	Key Length:		0

This event is generated when a logon session is created. It is generated on the computer that was accessed.

The subject fields indicate the account on the local system which requested the logon. This is most commonly a service such as the Server service, or a local process such as Winlogon.exe or Services.exe.

The logon type field indicates the kind of logon that occurred. The most common types are 2 (interactive) and 3 (network).

The New Logon fields indicate the account for whom the new logon was created, i.e. the account that was logged on.

The network fields indicate where a remote logon request originated. Workstation name is not always available and may be left blank in some cases.

The authentication information fields provide detailed information about this specific logon request.
	- Logon GUID is a unique identifier that can be used to correlate this event with a KDC event.
	- Transited services indicate which intermediate services have participated in this logon request.
	- Package name indicates which sub-protocol was used among the NTLM protocols.
	- Key length indicates the length of the generated session key. This will be 0 if no session key was requested.","1480361432.000",14,28,30,november,32,monday,2016,local,,"IP-C6137C2D",main,59,"//_::_\r=\r=___.\r=\r=\r=\r=-...\r=\r=\r=\r=_\r=_____.\r\r\r\r:\r\r","WinEventLog:Security","WinEventLog:Security",PersonalSplunk,,23,0
"CORP
IP-C6137C2D",,"dveuve;msmith_admin",,,,Negotiate,,,"IP-C6137C2D.corp.amazonworkspaces.com",,,,4624,0,,,,,,0,"Audit Success",Security,,"{00000000-0000-0000-0000-000000000000}",,"0x45186d
0x155f5f6",seclogo,2,"An account was successfully logged on.

Subject:
	Security ID:		S-1-5-21-2206723804-4039538768-2100233310-1109
	Account Name:		dveuve
	Account Domain:		CORP
	Logon ID:		0x45186d

Logon Type:			2

New Logon:
	Security ID:		S-1-5-21-530973380-1803174443-1567984831-1004
	Account Name:		msmith_admin
	Account Domain:		IP-C6137C2D
	Logon ID:		0x155f5f6
	Logon GUID:		{00000000-0000-0000-0000-000000000000}

Process Information:
	Process ID:		0x1f8
	Process Name:		C:\Windows\System32\svchost.exe

Network Information:
	Workstation Name:	IP-C6137C2D
	Source Network Address:	::1
	Source Port:		0

Detailed Authentication Information:
	Logon Process:		seclogo
	Authentication Package:	Negotiate
	Transited Services:	-
	Package Name (NTLM only):	-
	Key Length:		0

This event is generated when a logon session is created. It is generated on the computer that was accessed.

The subject fields indicate the account on the local system which requested the logon. This is most commonly a service such as the Server service, or a local process such as Winlogon.exe or Services.exe.

The logon type field indicates the kind of logon that occurred. The most common types are 2 (interactive) and 3 (network).

The New Logon fields indicate the account for whom the new logon was created, i.e. the account that was logged on.

The network fields indicate where a remote logon request originated. Workstation name is not always available and may be left blank in some cases.

The authentication information fields provide detailed information about this specific logon request.
	- Logon GUID is a unique identifier that can be used to correlate this event with a KDC event.
	- Transited services indicate which intermediate services have participated in this logon request.
	- Package name indicates which sub-protocol was used among the NTLM protocols.
	- Key length indicates the length of the generated session key. This will be 0 if no session key was requested.",,,,,,Info,"-",,,,,,0x1f8,"C:\Windows\System32\svchost.exe",,131945,,,,"S-1-5-21-2206723804-4039538768-2100233310-1109
S-1-5-21-530973380-1803174443-1567984831-1004",,,"Microsoft Windows security auditing.","::1",0,,,,"msmith_admin",,Logon,,"-",Information,,,,,"IP-C6137C2D","11/28/2016 02:30:32 PM
LogName=Security
SourceName=Microsoft Windows security auditing.
EventCode=4624
EventType=0
Type=Information
ComputerName=IP-C6137C2D.corp.amazonworkspaces.com
TaskCategory=Logon
OpCode=Info
RecordNumber=131945
Keywords=Audit Success
Message=An account was successfully logged on.

Subject:
	Security ID:		S-1-5-21-2206723804-4039538768-2100233310-1109
	Account Name:		dveuve
	Account Domain:		CORP
	Logon ID:		0x45186d

Logon Type:			2

New Logon:
	Security ID:		S-1-5-21-530973380-1803174443-1567984831-1004
	Account Name:		msmith_admin
	Account Domain:		IP-C6137C2D
	Logon ID:		0x155f5f6
	Logon GUID:		{00000000-0000-0000-0000-000000000000}

Process Information:
	Process ID:		0x1f8
	Process Name:		C:\Windows\System32\svchost.exe

Network Information:
	Workstation Name:	IP-C6137C2D
	Source Network Address:	::1
	Source Port:		0

Detailed Authentication Information:
	Logon Process:		seclogo
	Authentication Package:	Negotiate
	Transited Services:	-
	Package Name (NTLM only):	-
	Key Length:		0

This event is generated when a logon session is created. It is generated on the computer that was accessed.

The subject fields indicate the account on the local system which requested the logon. This is most commonly a service such as the Server service, or a local process such as Winlogon.exe or Services.exe.

The logon type field indicates the kind of logon that occurred. The most common types are 2 (interactive) and 3 (network).

The New Logon fields indicate the account for whom the new logon was created, i.e. the account that was logged on.

The network fields indicate where a remote logon request originated. Workstation name is not always available and may be left blank in some cases.

The authentication information fields provide detailed information about this specific logon request.
	- Logon GUID is a unique identifier that can be used to correlate this event with a KDC event.
	- Transited services indicate which intermediate services have participated in this logon request.
	- Package name indicates which sub-protocol was used among the NTLM protocols.
	- Key length indicates the length of the generated session key. This will be 0 if no session key was requested.","1480361432.000",14,28,30,november,32,monday,2016,local,,"IP-C6137C2D",main,59,"//_::_\r=\r=___.\r=\r=\r=\r=-...\r=\r=\r=\r=_\r=_____.\r\r\r\r:\r\r","WinEventLog:Security","WinEventLog:Security",PersonalSplunk,,23,0
"CORP
IP-C6137C2D",,"dveuve;msmith_admin",localhost,,,,,,"IP-C6137C2D.corp.amazonworkspaces.com",,,,4648,0,,,,,,,"Audit Success",Security,,"{00000000-0000-0000-0000-000000000000}
{00000000-0000-0000-0000-000000000000}",,0x45186d,,,"A logon was attempted using explicit credentials.

Subject:
	Security ID:		S-1-5-21-2206723804-4039538768-2100233310-1109
	Account Name:		dveuve
	Account Domain:		CORP
	Logon ID:		0x45186d
	Logon GUID:		{00000000-0000-0000-0000-000000000000}

Account Whose Credentials Were Used:
	Account Name:		msmith_admin
	Account Domain:		IP-C6137C2D
	Logon GUID:		{00000000-0000-0000-0000-000000000000}

Target Server:
	Target Server Name:	localhost
	Additional Information:	localhost

Process Information:
	Process ID:		0x1f8
	Process Name:		C:\Windows\System32\svchost.exe

Network Information:
	Network Address:	::1
	Port:			0

This event is generated when a process attempts to log on an account by explicitly specifying that accounts credentials.  This most commonly occurs in batch-type configurations such as scheduled tasks, or when using the RUNAS command.","::1",,,,,Info,,,0,,,,0x1f8,"C:\Windows\System32\svchost.exe",,131944,,,,"S-1-5-21-2206723804-4039538768-2100233310-1109",,,"Microsoft Windows security auditing.",,,,,,"msmith_admin",localhost,Logon,,,Information,,,,,,"11/28/2016 02:30:32 PM
LogName=Security
SourceName=Microsoft Windows security auditing.
EventCode=4648
EventType=0
Type=Information
ComputerName=IP-C6137C2D.corp.amazonworkspaces.com
TaskCategory=Logon
OpCode=Info
RecordNumber=131944
Keywords=Audit Success
Message=A logon was attempted using explicit credentials.

Subject:
	Security ID:		S-1-5-21-2206723804-4039538768-2100233310-1109
	Account Name:		dveuve
	Account Domain:		CORP
	Logon ID:		0x45186d
	Logon GUID:		{00000000-0000-0000-0000-000000000000}

Account Whose Credentials Were Used:
	Account Name:		msmith_admin
	Account Domain:		IP-C6137C2D
	Logon GUID:		{00000000-0000-0000-0000-000000000000}

Target Server:
	Target Server Name:	localhost
	Additional Information:	localhost

Process Information:
	Process ID:		0x1f8
	Process Name:		C:\Windows\System32\svchost.exe

Network Information:
	Network Address:	::1
	Port:			0

This event is generated when a process attempts to log on an account by explicitly specifying that accounts credentials.  This most commonly occurs in batch-type configurations such as scheduled tasks, or when using the RUNAS command.","1480361432.000",14,28,30,november,32,monday,2016,local,,"IP-C6137C2D",main,38,"//_::_\r=\r=___.\r=\r=\r=\r=-...\r=\r=\r=\r=_\r=______.\r\r\r\r:\r","WinEventLog:Security","WinEventLog:Security",PersonalSplunk,,23,0
,,,,,,"MICROSOFT_AUTHENTICATION_PACKAGE_V1_0",,,"IP-C6137C2D.corp.amazonworkspaces.com",,,0x0,4776,0,,,,,,,"Audit Success",Security,"msmith_admin",,,,,,"The computer attempted to validate the credentials for an account.

Authentication Package:	MICROSOFT_AUTHENTICATION_PACKAGE_V1_0
Logon Account:	msmith_admin
Source Workstation:	IP-C6137C2D
Error Code:	0x0",,,,,,Info,,,,,,,,,,131943,,,,,,,"Microsoft Windows security auditing.",,,"IP-C6137C2D",,,"msmith_admin",,"Credential Validation",,,Information,,,,,,"11/28/2016 02:30:32 PM
LogName=Security
SourceName=Microsoft Windows security auditing.
EventCode=4776
EventType=0
Type=Information
ComputerName=IP-C6137C2D.corp.amazonworkspaces.com
TaskCategory=Credential Validation
OpCode=Info
RecordNumber=131943
Keywords=Audit Success
Message=The computer attempted to validate the credentials for an account.

Authentication Package:	MICROSOFT_AUTHENTICATION_PACKAGE_V1_0
Logon Account:	msmith_admin
Source Workstation:	IP-C6137C2D
Error Code:	0x0","1480361432.000",14,28,30,november,32,monday,2016,local,,"IP-C6137C2D",main,17,"//_::_\r=\r=___.\r=\r=\r=\r=-...\r=_\r=\r=\r=_\r=_________.\r\r","WinEventLog:Security","WinEventLog:Security",PersonalSplunk,,23,0
CORP,,"IP-C6137C2D$",,,,,,,"IP-C6137C2D.corp.amazonworkspaces.com",0x133c,,,4688,0,,,,,,,"Audit Success",Security,,,,0x3e7,,,"A new process has been created.

Subject:
	Security ID:		S-1-5-18
	Account Name:		IP-C6137C2D$
	Account Domain:		CORP
	Logon ID:		0x3e7

Process Information:
	New Process ID:		0x1764
	New Process Name:	C:\Program Files\Splunk\bin\splunk-winprintmon.exe
	Token Elevation Type:	TokenElevationTypeDefault (1)
	Creator Process ID:	0x133c
	Process Command Line:	

Token Elevation Type indicates the type of token that was assigned to the new process in accordance with User Account Control policy.

Type 1 is a full token with no privileges removed or groups disabled.  A full token is only used if User Account Control is disabled or if the user is the built-in Administrator account or a service account.

Type 2 is an elevated token with no privileges removed or groups disabled.  An elevated token is used when User Account Control is enabled and the user chooses to start the program using Run as administrator.  An elevated token is also used when an application is configured to always require administrative privilege or to always require maximum privilege, and the user is a member of the Administrators group.

Type 3 is a limited token with administrative privileges removed and administrative groups disabled.  The limited token is used when User Account Control is enabled, the application does not require administrative privilege, and the user does not choose to start the program using Run as administrator.",,0x1764,"C:\Program Files\Splunk\bin\splunk-winprintmon.exe",,,Info,,,,,,,,,,131942,,,,"S-1-5-18",,,"Microsoft Windows security auditing.",,,,,,"IP-C6137C2D$",,"Process Creation","TokenElevationTypeDefault (1)",,Information,,,,,,"11/28/2016 02:30:30 PM
LogName=Security
SourceName=Microsoft Windows security auditing.
EventCode=4688
EventType=0
Type=Information
ComputerName=IP-C6137C2D.corp.amazonworkspaces.com
TaskCategory=Process Creation
OpCode=Info
RecordNumber=131942
Keywords=Audit Success
Message=A new process has been created.

Subject:
	Security ID:		S-1-5-18
	Account Name:		IP-C6137C2D$
	Account Domain:		CORP
	Logon ID:		0x3e7

Process Information:
	New Process ID:		0x1764
	New Process Name:	C:\Program Files\Splunk\bin\splunk-winprintmon.exe
	Token Elevation Type:	TokenElevationTypeDefault (1)
	Creator Process ID:	0x133c
	Process Command Line:	

Token Elevation Type indicates the type of token that was assigned to the new process in accordance with User Account Control policy.

Type 1 is a full token with no privileges removed or groups disabled.  A full token is only used if User Account Control is disabled or if the user is the built-in Administrator account or a service account.

Type 2 is an elevated token with no privileges removed or groups disabled.  An elevated token is used when User Account Control is enabled and the user chooses to start the program using Run as administrator.  An elevated token is also used when an application is configured to always require administrative privilege or to always require maximum privilege, and the user is a member of the Administrators group.

Type 3 is a limited token with administrative privileges removed and administrative groups disabled.  The limited token is used when User Account Control is enabled, the application does not require administrative privilege, and the user does not choose to start the program using Run as administrator.","1480361430.000",14,28,30,november,30,monday,2016,local,,"IP-C6137C2D",main,33,"//_::_\r=\r=___.\r=\r=\r=\r=-...\r=_\r=\r=\r=_\r=_____.\r\r\r\r:\r","WinEventLog:Security","WinEventLog:Security",PersonalSplunk,,23,0
CORP,,"IP-C6137C2D$",,,,,,,"IP-C6137C2D.corp.amazonworkspaces.com",0x133c,,,4688,0,,,,,,,"Audit Success",Security,,,,0x3e7,,,"A new process has been created.

Subject:
	Security ID:		S-1-5-18
	Account Name:		IP-C6137C2D$
	Account Domain:		CORP
	Logon ID:		0x3e7

Process Information:
	New Process ID:		0x700
	New Process Name:	C:\Program Files\Splunk\bin\splunk-regmon.exe
	Token Elevation Type:	TokenElevationTypeDefault (1)
	Creator Process ID:	0x133c
	Process Command Line:	

Token Elevation Type indicates the type of token that was assigned to the new process in accordance with User Account Control policy.

Type 1 is a full token with no privileges removed or groups disabled.  A full token is only used if User Account Control is disabled or if the user is the built-in Administrator account or a service account.

Type 2 is an elevated token with no privileges removed or groups disabled.  An elevated token is used when User Account Control is enabled and the user chooses to start the program using Run as administrator.  An elevated token is also used when an application is configured to always require administrative privilege or to always require maximum privilege, and the user is a member of the Administrators group.

Type 3 is a limited token with administrative privileges removed and administrative groups disabled.  The limited token is used when User Account Control is enabled, the application does not require administrative privilege, and the user does not choose to start the program using Run as administrator.",,0x700,"C:\Program Files\Splunk\bin\splunk-regmon.exe",,,Info,,,,,,,,,,131941,,,,"S-1-5-18",,,"Microsoft Windows security auditing.",,,,,,"IP-C6137C2D$",,"Process Creation","TokenElevationTypeDefault (1)",,Information,,,,,,"11/28/2016 02:30:28 PM
LogName=Security
SourceName=Microsoft Windows security auditing.
EventCode=4688
EventType=0
Type=Information
ComputerName=IP-C6137C2D.corp.amazonworkspaces.com
TaskCategory=Process Creation
OpCode=Info
RecordNumber=131941
Keywords=Audit Success
Message=A new process has been created.

Subject:
	Security ID:		S-1-5-18
	Account Name:		IP-C6137C2D$
	Account Domain:		CORP
	Logon ID:		0x3e7

Process Information:
	New Process ID:		0x700
	New Process Name:	C:\Program Files\Splunk\bin\splunk-regmon.exe
	Token Elevation Type:	TokenElevationTypeDefault (1)
	Creator Process ID:	0x133c
	Process Command Line:	

Token Elevation Type indicates the type of token that was assigned to the new process in accordance with User Account Control policy.

Type 1 is a full token with no privileges removed or groups disabled.  A full token is only used if User Account Control is disabled or if the user is the built-in Administrator account or a service account.

Type 2 is an elevated token with no privileges removed or groups disabled.  An elevated token is used when User Account Control is enabled and the user chooses to start the program using Run as administrator.  An elevated token is also used when an application is configured to always require administrative privilege or to always require maximum privilege, and the user is a member of the Administrators group.

Type 3 is a limited token with administrative privileges removed and administrative groups disabled.  The limited token is used when User Account Control is enabled, the application does not require administrative privilege, and the user does not choose to start the program using Run as administrator.","1480361428.000",14,28,30,november,28,monday,2016,local,,"IP-C6137C2D",main,33,"//_::_\r=\r=___.\r=\r=\r=\r=-...\r=_\r=\r=\r=_\r=_____.\r\r\r\r:\r","WinEventLog:Security","WinEventLog:Security",PersonalSplunk,,23,0
CORP,,"IP-C6137C2D$",,,,,,,"IP-C6137C2D.corp.amazonworkspaces.com",0x133c,,,4688,0,,,,,,,"Audit Success",Security,,,,0x3e7,,,"A new process has been created.

Subject:
	Security ID:		S-1-5-18
	Account Name:		IP-C6137C2D$
	Account Domain:		CORP
	Logon ID:		0x3e7

Process Information:
	New Process ID:		0xdc8
	New Process Name:	C:\Program Files\Splunk\bin\splunk-powershell.exe
	Token Elevation Type:	TokenElevationTypeDefault (1)
	Creator Process ID:	0x133c
	Process Command Line:	

Token Elevation Type indicates the type of token that was assigned to the new process in accordance with User Account Control policy.

Type 1 is a full token with no privileges removed or groups disabled.  A full token is only used if User Account Control is disabled or if the user is the built-in Administrator account or a service account.

Type 2 is an elevated token with no privileges removed or groups disabled.  An elevated token is used when User Account Control is enabled and the user chooses to start the program using Run as administrator.  An elevated token is also used when an application is configured to always require administrative privilege or to always require maximum privilege, and the user is a member of the Administrators group.

Type 3 is a limited token with administrative privileges removed and administrative groups disabled.  The limited token is used when User Account Control is enabled, the application does not require administrative privilege, and the user does not choose to start the program using Run as administrator.",,0xdc8,"C:\Program Files\Splunk\bin\splunk-powershell.exe",,,Info,,,,,,,,,,131940,,,,"S-1-5-18",,,"Microsoft Windows security auditing.",,,,,,"IP-C6137C2D$",,"Process Creation","TokenElevationTypeDefault (1)",,Information,,,,,,"11/28/2016 02:30:28 PM
LogName=Security
SourceName=Microsoft Windows security auditing.
EventCode=4688
EventType=0
Type=Information
ComputerName=IP-C6137C2D.corp.amazonworkspaces.com
TaskCategory=Process Creation
OpCode=Info
RecordNumber=131940
Keywords=Audit Success
Message=A new process has been created.

Subject:
	Security ID:		S-1-5-18
	Account Name:		IP-C6137C2D$
	Account Domain:		CORP
	Logon ID:		0x3e7

Process Information:
	New Process ID:		0xdc8
	New Process Name:	C:\Program Files\Splunk\bin\splunk-powershell.exe
	Token Elevation Type:	TokenElevationTypeDefault (1)
	Creator Process ID:	0x133c
	Process Command Line:	

Token Elevation Type indicates the type of token that was assigned to the new process in accordance with User Account Control policy.

Type 1 is a full token with no privileges removed or groups disabled.  A full token is only used if User Account Control is disabled or if the user is the built-in Administrator account or a service account.

Type 2 is an elevated token with no privileges removed or groups disabled.  An elevated token is used when User Account Control is enabled and the user chooses to start the program using Run as administrator.  An elevated token is also used when an application is configured to always require administrative privilege or to always require maximum privilege, and the user is a member of the Administrators group.

Type 3 is a limited token with administrative privileges removed and administrative groups disabled.  The limited token is used when User Account Control is enabled, the application does not require administrative privilege, and the user does not choose to start the program using Run as administrator.","1480361428.000",14,28,30,november,28,monday,2016,local,,"IP-C6137C2D",main,33,"//_::_\r=\r=___.\r=\r=\r=\r=-...\r=_\r=\r=\r=_\r=_____.\r\r\r\r:\r","WinEventLog:Security","WinEventLog:Security",PersonalSplunk,,23,0
CORP,,"IP-C6137C2D$",,,,,,,"IP-C6137C2D.corp.amazonworkspaces.com",0x133c,,,4688,0,,,,,,,"Audit Success",Security,,,,0x3e7,,,"A new process has been created.

Subject:
	Security ID:		S-1-5-18
	Account Name:		IP-C6137C2D$
	Account Domain:		CORP
	Logon ID:		0x3e7

Process Information:
	New Process ID:		0xecc
	New Process Name:	C:\Program Files\Splunk\bin\splunk-powershell.exe
	Token Elevation Type:	TokenElevationTypeDefault (1)
	Creator Process ID:	0x133c
	Process Command Line:	

Token Elevation Type indicates the type of token that was assigned to the new process in accordance with User Account Control policy.

Type 1 is a full token with no privileges removed or groups disabled.  A full token is only used if User Account Control is disabled or if the user is the built-in Administrator account or a service account.

Type 2 is an elevated token with no privileges removed or groups disabled.  An elevated token is used when User Account Control is enabled and the user chooses to start the program using Run as administrator.  An elevated token is also used when an application is configured to always require administrative privilege or to always require maximum privilege, and the user is a member of the Administrators group.

Type 3 is a limited token with administrative privileges removed and administrative groups disabled.  The limited token is used when User Account Control is enabled, the application does not require administrative privilege, and the user does not choose to start the program using Run as administrator.",,0xecc,"C:\Program Files\Splunk\bin\splunk-powershell.exe",,,Info,,,,,,,,,,131939,,,,"S-1-5-18",,,"Microsoft Windows security auditing.",,,,,,"IP-C6137C2D$",,"Process Creation","TokenElevationTypeDefault (1)",,Information,,,,,,"11/28/2016 02:30:27 PM
LogName=Security
SourceName=Microsoft Windows security auditing.
EventCode=4688
EventType=0
Type=Information
ComputerName=IP-C6137C2D.corp.amazonworkspaces.com
TaskCategory=Process Creation
OpCode=Info
RecordNumber=131939
Keywords=Audit Success
Message=A new process has been created.

Subject:
	Security ID:		S-1-5-18
	Account Name:		IP-C6137C2D$
	Account Domain:		CORP
	Logon ID:		0x3e7

Process Information:
	New Process ID:		0xecc
	New Process Name:	C:\Program Files\Splunk\bin\splunk-powershell.exe
	Token Elevation Type:	TokenElevationTypeDefault (1)
	Creator Process ID:	0x133c
	Process Command Line:	

Token Elevation Type indicates the type of token that was assigned to the new process in accordance with User Account Control policy.

Type 1 is a full token with no privileges removed or groups disabled.  A full token is only used if User Account Control is disabled or if the user is the built-in Administrator account or a service account.

Type 2 is an elevated token with no privileges removed or groups disabled.  An elevated token is used when User Account Control is enabled and the user chooses to start the program using Run as administrator.  An elevated token is also used when an application is configured to always require administrative privilege or to always require maximum privilege, and the user is a member of the Administrators group.

Type 3 is a limited token with administrative privileges removed and administrative groups disabled.  The limited token is used when User Account Control is enabled, the application does not require administrative privilege, and the user does not choose to start the program using Run as administrator.","1480361427.000",14,28,30,november,27,monday,2016,local,,"IP-C6137C2D",main,33,"//_::_\r=\r=___.\r=\r=\r=\r=-...\r=_\r=\r=\r=_\r=_____.\r\r\r\r:\r","WinEventLog:Security","WinEventLog:Security",PersonalSplunk,,23,0
CORP,,"IP-C6137C2D$",,,,,,,"IP-C6137C2D.corp.amazonworkspaces.com",0x133c,,,4688,0,,,,,,,"Audit Success",Security,,,,0x3e7,,,"A new process has been created.

Subject:
	Security ID:		S-1-5-18
	Account Name:		IP-C6137C2D$
	Account Domain:		CORP
	Logon ID:		0x3e7

Process Information:
	New Process ID:		0x518
	New Process Name:	C:\Program Files\Splunk\bin\splunk-netmon.exe
	Token Elevation Type:	TokenElevationTypeDefault (1)
	Creator Process ID:	0x133c
	Process Command Line:	

Token Elevation Type indicates the type of token that was assigned to the new process in accordance with User Account Control policy.

Type 1 is a full token with no privileges removed or groups disabled.  A full token is only used if User Account Control is disabled or if the user is the built-in Administrator account or a service account.

Type 2 is an elevated token with no privileges removed or groups disabled.  An elevated token is used when User Account Control is enabled and the user chooses to start the program using Run as administrator.  An elevated token is also used when an application is configured to always require administrative privilege or to always require maximum privilege, and the user is a member of the Administrators group.

Type 3 is a limited token with administrative privileges removed and administrative groups disabled.  The limited token is used when User Account Control is enabled, the application does not require administrative privilege, and the user does not choose to start the program using Run as administrator.",,0x518,"C:\Program Files\Splunk\bin\splunk-netmon.exe",,,Info,,,,,,,,,,131938,,,,"S-1-5-18",,,"Microsoft Windows security auditing.",,,,,,"IP-C6137C2D$",,"Process Creation","TokenElevationTypeDefault (1)",,Information,,,,,,"11/28/2016 02:30:26 PM
LogName=Security
SourceName=Microsoft Windows security auditing.
EventCode=4688
EventType=0
Type=Information
ComputerName=IP-C6137C2D.corp.amazonworkspaces.com
TaskCategory=Process Creation
OpCode=Info
RecordNumber=131938
Keywords=Audit Success
Message=A new process has been created.

Subject:
	Security ID:		S-1-5-18
	Account Name:		IP-C6137C2D$
	Account Domain:		CORP
	Logon ID:		0x3e7

Process Information:
	New Process ID:		0x518
	New Process Name:	C:\Program Files\Splunk\bin\splunk-netmon.exe
	Token Elevation Type:	TokenElevationTypeDefault (1)
	Creator Process ID:	0x133c
	Process Command Line:	

Token Elevation Type indicates the type of token that was assigned to the new process in accordance with User Account Control policy.

Type 1 is a full token with no privileges removed or groups disabled.  A full token is only used if User Account Control is disabled or if the user is the built-in Administrator account or a service account.

Type 2 is an elevated token with no privileges removed or groups disabled.  An elevated token is used when User Account Control is enabled and the user chooses to start the program using Run as administrator.  An elevated token is also used when an application is configured to always require administrative privilege or to always require maximum privilege, and the user is a member of the Administrators group.

Type 3 is a limited token with administrative privileges removed and administrative groups disabled.  The limited token is used when User Account Control is enabled, the application does not require administrative privilege, and the user does not choose to start the program using Run as administrator.","1480361426.000",14,28,30,november,26,monday,2016,local,,"IP-C6137C2D",main,33,"//_::_\r=\r=___.\r=\r=\r=\r=-...\r=_\r=\r=\r=_\r=_____.\r\r\r\r:\r","WinEventLog:Security","WinEventLog:Security",PersonalSplunk,,23,0
CORP,,"IP-C6137C2D$",,,,,,,"IP-C6137C2D.corp.amazonworkspaces.com",0x133c,,,4688,0,,,,,,,"Audit Success",Security,,,,0x3e7,,,"A new process has been created.

Subject:
	Security ID:		S-1-5-18
	Account Name:		IP-C6137C2D$
	Account Domain:		CORP
	Logon ID:		0x3e7

Process Information:
	New Process ID:		0x4d0
	New Process Name:	C:\Program Files\Splunk\bin\splunk-admon.exe
	Token Elevation Type:	TokenElevationTypeDefault (1)
	Creator Process ID:	0x133c
	Process Command Line:	

Token Elevation Type indicates the type of token that was assigned to the new process in accordance with User Account Control policy.

Type 1 is a full token with no privileges removed or groups disabled.  A full token is only used if User Account Control is disabled or if the user is the built-in Administrator account or a service account.

Type 2 is an elevated token with no privileges removed or groups disabled.  An elevated token is used when User Account Control is enabled and the user chooses to start the program using Run as administrator.  An elevated token is also used when an application is configured to always require administrative privilege or to always require maximum privilege, and the user is a member of the Administrators group.

Type 3 is a limited token with administrative privileges removed and administrative groups disabled.  The limited token is used when User Account Control is enabled, the application does not require administrative privilege, and the user does not choose to start the program using Run as administrator.",,0x4d0,"C:\Program Files\Splunk\bin\splunk-admon.exe",,,Info,,,,,,,,,,131937,,,,"S-1-5-18",,,"Microsoft Windows security auditing.",,,,,,"IP-C6137C2D$",,"Process Creation","TokenElevationTypeDefault (1)",,Information,,,,,,"11/28/2016 02:30:25 PM
LogName=Security
SourceName=Microsoft Windows security auditing.
EventCode=4688
EventType=0
Type=Information
ComputerName=IP-C6137C2D.corp.amazonworkspaces.com
TaskCategory=Process Creation
OpCode=Info
RecordNumber=131937
Keywords=Audit Success
Message=A new process has been created.

Subject:
	Security ID:		S-1-5-18
	Account Name:		IP-C6137C2D$
	Account Domain:		CORP
	Logon ID:		0x3e7

Process Information:
	New Process ID:		0x4d0
	New Process Name:	C:\Program Files\Splunk\bin\splunk-admon.exe
	Token Elevation Type:	TokenElevationTypeDefault (1)
	Creator Process ID:	0x133c
	Process Command Line:	

Token Elevation Type indicates the type of token that was assigned to the new process in accordance with User Account Control policy.

Type 1 is a full token with no privileges removed or groups disabled.  A full token is only used if User Account Control is disabled or if the user is the built-in Administrator account or a service account.

Type 2 is an elevated token with no privileges removed or groups disabled.  An elevated token is used when User Account Control is enabled and the user chooses to start the program using Run as administrator.  An elevated token is also used when an application is configured to always require administrative privilege or to always require maximum privilege, and the user is a member of the Administrators group.

Type 3 is a limited token with administrative privileges removed and administrative groups disabled.  The limited token is used when User Account Control is enabled, the application does not require administrative privilege, and the user does not choose to start the program using Run as administrator.","1480361425.000",14,28,30,november,25,monday,2016,local,,"IP-C6137C2D",main,33,"//_::_\r=\r=___.\r=\r=\r=\r=-...\r=_\r=\r=\r=_\r=_____.\r\r\r\r:\r","WinEventLog:Security","WinEventLog:Security",PersonalSplunk,,23,0
CORP,,"IP-C6137C2D$",,,,,,,"IP-C6137C2D.corp.amazonworkspaces.com",0x133c,,,4688,0,,,,,,,"Audit Success",Security,,,,0x3e7,,,"A new process has been created.

Subject:
	Security ID:		S-1-5-18
	Account Name:		IP-C6137C2D$
	Account Domain:		CORP
	Logon ID:		0x3e7

Process Information:
	New Process ID:		0x1144
	New Process Name:	C:\Program Files\Splunk\bin\splunk-MonitorNoHandle.exe
	Token Elevation Type:	TokenElevationTypeDefault (1)
	Creator Process ID:	0x133c
	Process Command Line:	

Token Elevation Type indicates the type of token that was assigned to the new process in accordance with User Account Control policy.

Type 1 is a full token with no privileges removed or groups disabled.  A full token is only used if User Account Control is disabled or if the user is the built-in Administrator account or a service account.

Type 2 is an elevated token with no privileges removed or groups disabled.  An elevated token is used when User Account Control is enabled and the user chooses to start the program using Run as administrator.  An elevated token is also used when an application is configured to always require administrative privilege or to always require maximum privilege, and the user is a member of the Administrators group.

Type 3 is a limited token with administrative privileges removed and administrative groups disabled.  The limited token is used when User Account Control is enabled, the application does not require administrative privilege, and the user does not choose to start the program using Run as administrator.",,0x1144,"C:\Program Files\Splunk\bin\splunk-MonitorNoHandle.exe",,,Info,,,,,,,,,,131936,,,,"S-1-5-18",,,"Microsoft Windows security auditing.",,,,,,"IP-C6137C2D$",,"Process Creation","TokenElevationTypeDefault (1)",,Information,,,,,,"11/28/2016 02:30:24 PM
LogName=Security
SourceName=Microsoft Windows security auditing.
EventCode=4688
EventType=0
Type=Information
ComputerName=IP-C6137C2D.corp.amazonworkspaces.com
TaskCategory=Process Creation
OpCode=Info
RecordNumber=131936
Keywords=Audit Success
Message=A new process has been created.

Subject:
	Security ID:		S-1-5-18
	Account Name:		IP-C6137C2D$
	Account Domain:		CORP
	Logon ID:		0x3e7

Process Information:
	New Process ID:		0x1144
	New Process Name:	C:\Program Files\Splunk\bin\splunk-MonitorNoHandle.exe
	Token Elevation Type:	TokenElevationTypeDefault (1)
	Creator Process ID:	0x133c
	Process Command Line:	

Token Elevation Type indicates the type of token that was assigned to the new process in accordance with User Account Control policy.

Type 1 is a full token with no privileges removed or groups disabled.  A full token is only used if User Account Control is disabled or if the user is the built-in Administrator account or a service account.

Type 2 is an elevated token with no privileges removed or groups disabled.  An elevated token is used when User Account Control is enabled and the user chooses to start the program using Run as administrator.  An elevated token is also used when an application is configured to always require administrative privilege or to always require maximum privilege, and the user is a member of the Administrators group.

Type 3 is a limited token with administrative privileges removed and administrative groups disabled.  The limited token is used when User Account Control is enabled, the application does not require administrative privilege, and the user does not choose to start the program using Run as administrator.","1480361424.000",14,28,30,november,24,monday,2016,local,,"IP-C6137C2D",main,33,"//_::_\r=\r=___.\r=\r=\r=\r=-...\r=_\r=\r=\r=_\r=_____.\r\r\r\r:\r","WinEventLog:Security","WinEventLog:Security",PersonalSplunk,,23,0
