CORP,,"IP-C6137C2D$",,,,,,,"IP-C6137C2D.corp.amazonworkspaces.com",0x133c,,,4688,0,,,,,,,"Audit Success",Security,,,,0x3e7,,,"A new process has been created.

Subject:
	Security ID:		S-1-5-18
	Account Name:		IP-C6137C2D$
	Account Domain:		CORP
	Logon ID:		0x3e7

Process Information:
	New Process ID:		0x19d8
	New Process Name:	C:\Program Files\Splunk\bin\splunk-MonitorNoHandle.exe
	Token Elevation Type:	TokenElevationTypeDefault (1)
	Creator Process ID:	0x133c
	Process Command Line:	

Token Elevation Type indicates the type of token that was assigned to the new process in accordance with User Account Control policy.

Type 1 is a full token with no privileges removed or groups disabled.  A full token is only used if User Account Control is disabled or if the user is the built-in Administrator account or a service account.

Type 2 is an elevated token with no privileges removed or groups disabled.  An elevated token is used when User Account Control is enabled and the user chooses to start the program using Run as administrator.  An elevated token is also used when an application is configured to always require administrative privilege or to always require maximum privilege, and the user is a member of the Administrators group.

Type 3 is a limited token with administrative privileges removed and administrative groups disabled.  The limited token is used when User Account Control is enabled, the application does not require administrative privilege, and the user does not choose to start the program using Run as administrator.",,0x19d8,"C:\Program Files\Splunk\bin\splunk-MonitorNoHandle.exe",,,Info,,,,,,,,,,131893,,,,"S-1-5-18",,,"Microsoft Windows security auditing.",,,,,,"IP-C6137C2D$",,"Process Creation","TokenElevationTypeDefault (1)",,Information,,,,,,"11/28/2016 02:27:24 PM
LogName=Security
SourceName=Microsoft Windows security auditing.
EventCode=4688
EventType=0
Type=Information
ComputerName=IP-C6137C2D.corp.amazonworkspaces.com
TaskCategory=Process Creation
OpCode=Info
RecordNumber=131893
Keywords=Audit Success
Message=A new process has been created.

Subject:
	Security ID:		S-1-5-18
	Account Name:		IP-C6137C2D$
	Account Domain:		CORP
	Logon ID:		0x3e7

Process Information:
	New Process ID:		0x19d8
	New Process Name:	C:\Program Files\Splunk\bin\splunk-MonitorNoHandle.exe
	Token Elevation Type:	TokenElevationTypeDefault (1)
	Creator Process ID:	0x133c
	Process Command Line:	

Token Elevation Type indicates the type of token that was assigned to the new process in accordance with User Account Control policy.

Type 1 is a full token with no privileges removed or groups disabled.  A full token is only used if User Account Control is disabled or if the user is the built-in Administrator account or a service account.

Type 2 is an elevated token with no privileges removed or groups disabled.  An elevated token is used when User Account Control is enabled and the user chooses to start the program using Run as administrator.  An elevated token is also used when an application is configured to always require administrative privilege or to always require maximum privilege, and the user is a member of the Administrators group.

Type 3 is a limited token with administrative privileges removed and administrative groups disabled.  The limited token is used when User Account Control is enabled, the application does not require administrative privilege, and the user does not choose to start the program using Run as administrator.","1480361244.000",14,28,27,november,24,monday,2016,local,,"IP-C6137C2D",main,33,"//_::_\r=\r=___.\r=\r=\r=\r=-...\r=_\r=\r=\r=_\r=_____.\r\r\r\r:\r","WinEventLog:Security","WinEventLog:Security",PersonalSplunk,,23,0
"IP-C6137C2D",,"msmith_admin",,,,,,,"IP-C6137C2D.corp.amazonworkspaces.com",,,,4634,0,,,,,,,"Audit Success",Security,,,,0x14f7a14,,2,"An account was logged off.

Subject:
	Security ID:		S-1-5-21-530973380-1803174443-1567984831-1004
	Account Name:		msmith_admin
	Account Domain:		IP-C6137C2D
	Logon ID:		0x14f7a14

Logon Type:			2

This event is generated when a logon session is destroyed. It may be positively correlated with a logon event using the Logon ID value. Logon IDs are only unique between reboots on the same computer.",,,,,,Info,,,,,,,,,,131892,,,,"S-1-5-21-530973380-1803174443-1567984831-1004",,,"Microsoft Windows security auditing.",,,,,,"msmith_admin",,Logoff,,,Information,,,,,,"11/28/2016 02:27:19 PM
LogName=Security
SourceName=Microsoft Windows security auditing.
EventCode=4634
EventType=0
Type=Information
ComputerName=IP-C6137C2D.corp.amazonworkspaces.com
TaskCategory=Logoff
OpCode=Info
RecordNumber=131892
Keywords=Audit Success
Message=An account was logged off.

Subject:
	Security ID:		S-1-5-21-530973380-1803174443-1567984831-1004
	Account Name:		msmith_admin
	Account Domain:		IP-C6137C2D
	Logon ID:		0x14f7a14

Logon Type:			2

This event is generated when a logon session is destroyed. It may be positively correlated with a logon event using the Logon ID value. Logon IDs are only unique between reboots on the same computer.","1480361239.000",14,28,27,november,19,monday,2016,local,,"IP-C6137C2D",main,22,"//_::_\r=\r=___.\r=\r=\r=\r=-...\r=\r=\r=\r=_\r=____.\r\r\r\r:\r\rt","WinEventLog:Security","WinEventLog:Security",PersonalSplunk,,23,0
"IP-C6137C2D",,"msmith_admin",,,,,,,"IP-C6137C2D.corp.amazonworkspaces.com",,,,4634,0,,,,,,,"Audit Success",Security,,,,0x14f7a2b,,2,"An account was logged off.

Subject:
	Security ID:		S-1-5-21-530973380-1803174443-1567984831-1004
	Account Name:		msmith_admin
	Account Domain:		IP-C6137C2D
	Logon ID:		0x14f7a2b

Logon Type:			2

This event is generated when a logon session is destroyed. It may be positively correlated with a logon event using the Logon ID value. Logon IDs are only unique between reboots on the same computer.",,,,,,Info,,,,,,,,,,131891,,,,"S-1-5-21-530973380-1803174443-1567984831-1004",,,"Microsoft Windows security auditing.",,,,,,"msmith_admin",,Logoff,,,Information,,,,,,"11/28/2016 02:27:19 PM
LogName=Security
SourceName=Microsoft Windows security auditing.
EventCode=4634
EventType=0
Type=Information
ComputerName=IP-C6137C2D.corp.amazonworkspaces.com
TaskCategory=Logoff
OpCode=Info
RecordNumber=131891
Keywords=Audit Success
Message=An account was logged off.

Subject:
	Security ID:		S-1-5-21-530973380-1803174443-1567984831-1004
	Account Name:		msmith_admin
	Account Domain:		IP-C6137C2D
	Logon ID:		0x14f7a2b

Logon Type:			2

This event is generated when a logon session is destroyed. It may be positively correlated with a logon event using the Logon ID value. Logon IDs are only unique between reboots on the same computer.","1480361239.000",14,28,27,november,19,monday,2016,local,,"IP-C6137C2D",main,22,"//_::_\r=\r=___.\r=\r=\r=\r=-...\r=\r=\r=\r=_\r=____.\r\r\r\r:\r\rt","WinEventLog:Security","WinEventLog:Security",PersonalSplunk,,23,0
CORP,,"IP-C6137C2D$",,,,,,,"IP-C6137C2D.corp.amazonworkspaces.com",0x14ac,,,4688,0,,,,,,,"Audit Success",Security,,,,0x3e7,,,"A new process has been created.

Subject:
	Security ID:		S-1-5-18
	Account Name:		IP-C6137C2D$
	Account Domain:		CORP
	Logon ID:		0x3e7

Process Information:
	New Process ID:		0x1764
	New Process Name:	C:\Windows\System32\mmc.exe
	Token Elevation Type:	TokenElevationTypeLimited (3)
	Creator Process ID:	0x14ac
	Process Command Line:	

Token Elevation Type indicates the type of token that was assigned to the new process in accordance with User Account Control policy.

Type 1 is a full token with no privileges removed or groups disabled.  A full token is only used if User Account Control is disabled or if the user is the built-in Administrator account or a service account.

Type 2 is an elevated token with no privileges removed or groups disabled.  An elevated token is used when User Account Control is enabled and the user chooses to start the program using Run as administrator.  An elevated token is also used when an application is configured to always require administrative privilege or to always require maximum privilege, and the user is a member of the Administrators group.

Type 3 is a limited token with administrative privileges removed and administrative groups disabled.  The limited token is used when User Account Control is enabled, the application does not require administrative privilege, and the user does not choose to start the program using Run as administrator.",,0x1764,"C:\Windows\System32\mmc.exe",,,Info,,,,,,,,,,131890,,,,"S-1-5-18",,,"Microsoft Windows security auditing.",,,,,,"IP-C6137C2D$",,"Process Creation","TokenElevationTypeLimited (3)",,Information,,,,,,"11/28/2016 02:27:19 PM
LogName=Security
SourceName=Microsoft Windows security auditing.
EventCode=4688
EventType=0
Type=Information
ComputerName=IP-C6137C2D.corp.amazonworkspaces.com
TaskCategory=Process Creation
OpCode=Info
RecordNumber=131890
Keywords=Audit Success
Message=A new process has been created.

Subject:
	Security ID:		S-1-5-18
	Account Name:		IP-C6137C2D$
	Account Domain:		CORP
	Logon ID:		0x3e7

Process Information:
	New Process ID:		0x1764
	New Process Name:	C:\Windows\System32\mmc.exe
	Token Elevation Type:	TokenElevationTypeLimited (3)
	Creator Process ID:	0x14ac
	Process Command Line:	

Token Elevation Type indicates the type of token that was assigned to the new process in accordance with User Account Control policy.

Type 1 is a full token with no privileges removed or groups disabled.  A full token is only used if User Account Control is disabled or if the user is the built-in Administrator account or a service account.

Type 2 is an elevated token with no privileges removed or groups disabled.  An elevated token is used when User Account Control is enabled and the user chooses to start the program using Run as administrator.  An elevated token is also used when an application is configured to always require administrative privilege or to always require maximum privilege, and the user is a member of the Administrators group.

Type 3 is a limited token with administrative privileges removed and administrative groups disabled.  The limited token is used when User Account Control is enabled, the application does not require administrative privilege, and the user does not choose to start the program using Run as administrator.","1480361239.000",14,28,27,november,19,monday,2016,local,,"IP-C6137C2D",main,33,"//_::_\r=\r=___.\r=\r=\r=\r=-...\r=_\r=\r=\r=_\r=_____.\r\r\r\r:\r","WinEventLog:Security","WinEventLog:Security",PersonalSplunk,,23,0
CORP,,"IP-C6137C2D$",,,,,,,"IP-C6137C2D.corp.amazonworkspaces.com",,,,4673,0,,,,,,,"Audit Success",Security,,,,0x3e7,,,"A privileged service was called.

Subject:
	Security ID:		S-1-5-18
	Account Name:		IP-C6137C2D$
	Account Domain:		CORP
	Logon ID:		0x3e7

Service:
	Server:	NT Local Security Authority / Authentication Service
	Service Name:	LsaRegisterLogonProcess()

Process:
	Process ID:	0x2c4
	Process Name:	C:\Windows\System32\lsass.exe

Service Request Information:
	Privileges:		SeTcbPrivilege",,,,,,Info,,,,,SeTcbPrivilege,,0x2c4,"C:\Windows\System32\lsass.exe",,131889,,,,"S-1-5-18","NT Local Security Authority / Authentication Service","LsaRegisterLogonProcess()","Microsoft Windows security auditing.",,,,,,"IP-C6137C2D$",,"Sensitive Privilege Use",,,Information,,,,,,"11/28/2016 02:27:18 PM
LogName=Security
SourceName=Microsoft Windows security auditing.
EventCode=4673
EventType=0
Type=Information
ComputerName=IP-C6137C2D.corp.amazonworkspaces.com
TaskCategory=Sensitive Privilege Use
OpCode=Info
RecordNumber=131889
Keywords=Audit Success
Message=A privileged service was called.

Subject:
	Security ID:		S-1-5-18
	Account Name:		IP-C6137C2D$
	Account Domain:		CORP
	Logon ID:		0x3e7

Service:
	Server:	NT Local Security Authority / Authentication Service
	Service Name:	LsaRegisterLogonProcess()

Process:
	Process ID:	0x2c4
	Process Name:	C:\Windows\System32\lsass.exe

Service Request Information:
	Privileges:		SeTcbPrivilege","1480361238.000",14,28,27,november,18,monday,2016,local,,"IP-C6137C2D",main,29,"//_::_\r=\r=___.\r=\r=\r=\r=-...\r=__\r=\r=\r=_\r=____.\r\r\r\r:\r","WinEventLog:Security","WinEventLog:Security",PersonalSplunk,,23,0
CORP,,"IP-C6137C2D$",,,,,,,"IP-C6137C2D.corp.amazonworkspaces.com",0x330,,,4688,0,,,,,,,"Audit Success",Security,,,,0x3e7,,,"A new process has been created.

Subject:
	Security ID:		S-1-5-18
	Account Name:		IP-C6137C2D$
	Account Domain:		CORP
	Logon ID:		0x3e7

Process Information:
	New Process ID:		0x16a4
	New Process Name:	C:\Windows\System32\dllhost.exe
	Token Elevation Type:	TokenElevationTypeDefault (1)
	Creator Process ID:	0x330
	Process Command Line:	

Token Elevation Type indicates the type of token that was assigned to the new process in accordance with User Account Control policy.

Type 1 is a full token with no privileges removed or groups disabled.  A full token is only used if User Account Control is disabled or if the user is the built-in Administrator account or a service account.

Type 2 is an elevated token with no privileges removed or groups disabled.  An elevated token is used when User Account Control is enabled and the user chooses to start the program using Run as administrator.  An elevated token is also used when an application is configured to always require administrative privilege or to always require maximum privilege, and the user is a member of the Administrators group.

Type 3 is a limited token with administrative privileges removed and administrative groups disabled.  The limited token is used when User Account Control is enabled, the application does not require administrative privilege, and the user does not choose to start the program using Run as administrator.",,0x16a4,"C:\Windows\System32\dllhost.exe",,,Info,,,,,,,,,,131888,,,,"S-1-5-18",,,"Microsoft Windows security auditing.",,,,,,"IP-C6137C2D$",,"Process Creation","TokenElevationTypeDefault (1)",,Information,,,,,,"11/28/2016 02:27:18 PM
LogName=Security
SourceName=Microsoft Windows security auditing.
EventCode=4688
EventType=0
Type=Information
ComputerName=IP-C6137C2D.corp.amazonworkspaces.com
TaskCategory=Process Creation
OpCode=Info
RecordNumber=131888
Keywords=Audit Success
Message=A new process has been created.

Subject:
	Security ID:		S-1-5-18
	Account Name:		IP-C6137C2D$
	Account Domain:		CORP
	Logon ID:		0x3e7

Process Information:
	New Process ID:		0x16a4
	New Process Name:	C:\Windows\System32\dllhost.exe
	Token Elevation Type:	TokenElevationTypeDefault (1)
	Creator Process ID:	0x330
	Process Command Line:	

Token Elevation Type indicates the type of token that was assigned to the new process in accordance with User Account Control policy.

Type 1 is a full token with no privileges removed or groups disabled.  A full token is only used if User Account Control is disabled or if the user is the built-in Administrator account or a service account.

Type 2 is an elevated token with no privileges removed or groups disabled.  An elevated token is used when User Account Control is enabled and the user chooses to start the program using Run as administrator.  An elevated token is also used when an application is configured to always require administrative privilege or to always require maximum privilege, and the user is a member of the Administrators group.

Type 3 is a limited token with administrative privileges removed and administrative groups disabled.  The limited token is used when User Account Control is enabled, the application does not require administrative privilege, and the user does not choose to start the program using Run as administrator.","1480361238.000",14,28,27,november,18,monday,2016,local,,"IP-C6137C2D",main,33,"//_::_\r=\r=___.\r=\r=\r=\r=-...\r=_\r=\r=\r=_\r=_____.\r\r\r\r:\r","WinEventLog:Security","WinEventLog:Security",PersonalSplunk,,23,0
CORP,,"IP-C6137C2D$",,,,,,,"IP-C6137C2D.corp.amazonworkspaces.com",0x698,,,4688,0,,,,,,,"Audit Success",Security,,,,0x3e7,,,"A new process has been created.

Subject:
	Security ID:		S-1-5-18
	Account Name:		IP-C6137C2D$
	Account Domain:		CORP
	Logon ID:		0x3e7

Process Information:
	New Process ID:		0x87c
	New Process Name:	C:\metasploit\postgresql\bin\postgres.exe
	Token Elevation Type:	TokenElevationTypeDefault (1)
	Creator Process ID:	0x698
	Process Command Line:	

Token Elevation Type indicates the type of token that was assigned to the new process in accordance with User Account Control policy.

Type 1 is a full token with no privileges removed or groups disabled.  A full token is only used if User Account Control is disabled or if the user is the built-in Administrator account or a service account.

Type 2 is an elevated token with no privileges removed or groups disabled.  An elevated token is used when User Account Control is enabled and the user chooses to start the program using Run as administrator.  An elevated token is also used when an application is configured to always require administrative privilege or to always require maximum privilege, and the user is a member of the Administrators group.

Type 3 is a limited token with administrative privileges removed and administrative groups disabled.  The limited token is used when User Account Control is enabled, the application does not require administrative privilege, and the user does not choose to start the program using Run as administrator.",,0x87c,"C:\metasploit\postgresql\bin\postgres.exe",,,Info,,,,,,,,,,131887,,,,"S-1-5-18",,,"Microsoft Windows security auditing.",,,,,,"IP-C6137C2D$",,"Process Creation","TokenElevationTypeDefault (1)",,Information,,,,,,"11/28/2016 02:27:10 PM
LogName=Security
SourceName=Microsoft Windows security auditing.
EventCode=4688
EventType=0
Type=Information
ComputerName=IP-C6137C2D.corp.amazonworkspaces.com
TaskCategory=Process Creation
OpCode=Info
RecordNumber=131887
Keywords=Audit Success
Message=A new process has been created.

Subject:
	Security ID:		S-1-5-18
	Account Name:		IP-C6137C2D$
	Account Domain:		CORP
	Logon ID:		0x3e7

Process Information:
	New Process ID:		0x87c
	New Process Name:	C:\metasploit\postgresql\bin\postgres.exe
	Token Elevation Type:	TokenElevationTypeDefault (1)
	Creator Process ID:	0x698
	Process Command Line:	

Token Elevation Type indicates the type of token that was assigned to the new process in accordance with User Account Control policy.

Type 1 is a full token with no privileges removed or groups disabled.  A full token is only used if User Account Control is disabled or if the user is the built-in Administrator account or a service account.

Type 2 is an elevated token with no privileges removed or groups disabled.  An elevated token is used when User Account Control is enabled and the user chooses to start the program using Run as administrator.  An elevated token is also used when an application is configured to always require administrative privilege or to always require maximum privilege, and the user is a member of the Administrators group.

Type 3 is a limited token with administrative privileges removed and administrative groups disabled.  The limited token is used when User Account Control is enabled, the application does not require administrative privilege, and the user does not choose to start the program using Run as administrator.","1480361230.000",14,28,27,november,10,monday,2016,local,,"IP-C6137C2D",main,33,"//_::_\r=\r=___.\r=\r=\r=\r=-...\r=_\r=\r=\r=_\r=_____.\r\r\r\r:\r","WinEventLog:Security","WinEventLog:Security",PersonalSplunk,,23,0
CORP,,"IP-C6137C2D$",,,,,,,"IP-C6137C2D.corp.amazonworkspaces.com",0x1bc0,,,4688,0,,,,,,,"Audit Success",Security,,,,0x3e7,,,"A new process has been created.

Subject:
	Security ID:		S-1-5-18
	Account Name:		IP-C6137C2D$
	Account Domain:		CORP
	Logon ID:		0x3e7

Process Information:
	New Process ID:		0x194c
	New Process Name:	C:\Windows\System32\SearchFilterHost.exe
	Token Elevation Type:	TokenElevationTypeDefault (1)
	Creator Process ID:	0x1bc0
	Process Command Line:	

Token Elevation Type indicates the type of token that was assigned to the new process in accordance with User Account Control policy.

Type 1 is a full token with no privileges removed or groups disabled.  A full token is only used if User Account Control is disabled or if the user is the built-in Administrator account or a service account.

Type 2 is an elevated token with no privileges removed or groups disabled.  An elevated token is used when User Account Control is enabled and the user chooses to start the program using Run as administrator.  An elevated token is also used when an application is configured to always require administrative privilege or to always require maximum privilege, and the user is a member of the Administrators group.

Type 3 is a limited token with administrative privileges removed and administrative groups disabled.  The limited token is used when User Account Control is enabled, the application does not require administrative privilege, and the user does not choose to start the program using Run as administrator.",,0x194c,"C:\Windows\System32\SearchFilterHost.exe",,,Info,,,,,,,,,,131886,,,,"S-1-5-18",,,"Microsoft Windows security auditing.",,,,,,"IP-C6137C2D$",,"Process Creation","TokenElevationTypeDefault (1)",,Information,,,,,,"11/28/2016 02:27:10 PM
LogName=Security
SourceName=Microsoft Windows security auditing.
EventCode=4688
EventType=0
Type=Information
ComputerName=IP-C6137C2D.corp.amazonworkspaces.com
TaskCategory=Process Creation
OpCode=Info
RecordNumber=131886
Keywords=Audit Success
Message=A new process has been created.

Subject:
	Security ID:		S-1-5-18
	Account Name:		IP-C6137C2D$
	Account Domain:		CORP
	Logon ID:		0x3e7

Process Information:
	New Process ID:		0x194c
	New Process Name:	C:\Windows\System32\SearchFilterHost.exe
	Token Elevation Type:	TokenElevationTypeDefault (1)
	Creator Process ID:	0x1bc0
	Process Command Line:	

Token Elevation Type indicates the type of token that was assigned to the new process in accordance with User Account Control policy.

Type 1 is a full token with no privileges removed or groups disabled.  A full token is only used if User Account Control is disabled or if the user is the built-in Administrator account or a service account.

Type 2 is an elevated token with no privileges removed or groups disabled.  An elevated token is used when User Account Control is enabled and the user chooses to start the program using Run as administrator.  An elevated token is also used when an application is configured to always require administrative privilege or to always require maximum privilege, and the user is a member of the Administrators group.

Type 3 is a limited token with administrative privileges removed and administrative groups disabled.  The limited token is used when User Account Control is enabled, the application does not require administrative privilege, and the user does not choose to start the program using Run as administrator.","1480361230.000",14,28,27,november,10,monday,2016,local,,"IP-C6137C2D",main,33,"//_::_\r=\r=___.\r=\r=\r=\r=-...\r=_\r=\r=\r=_\r=_____.\r\r\r\r:\r","WinEventLog:Security","WinEventLog:Security",PersonalSplunk,,23,0
CORP,,"IP-C6137C2D$",,,,,,,"IP-C6137C2D.corp.amazonworkspaces.com",0x1bc0,,,4688,0,,,,,,,"Audit Success",Security,,,,0x3e7,,,"A new process has been created.

Subject:
	Security ID:		S-1-5-18
	Account Name:		IP-C6137C2D$
	Account Domain:		CORP
	Logon ID:		0x3e7

Process Information:
	New Process ID:		0x12d0
	New Process Name:	C:\Windows\System32\SearchProtocolHost.exe
	Token Elevation Type:	TokenElevationTypeDefault (1)
	Creator Process ID:	0x1bc0
	Process Command Line:	

Token Elevation Type indicates the type of token that was assigned to the new process in accordance with User Account Control policy.

Type 1 is a full token with no privileges removed or groups disabled.  A full token is only used if User Account Control is disabled or if the user is the built-in Administrator account or a service account.

Type 2 is an elevated token with no privileges removed or groups disabled.  An elevated token is used when User Account Control is enabled and the user chooses to start the program using Run as administrator.  An elevated token is also used when an application is configured to always require administrative privilege or to always require maximum privilege, and the user is a member of the Administrators group.

Type 3 is a limited token with administrative privileges removed and administrative groups disabled.  The limited token is used when User Account Control is enabled, the application does not require administrative privilege, and the user does not choose to start the program using Run as administrator.",,0x12d0,"C:\Windows\System32\SearchProtocolHost.exe",,,Info,,,,,,,,,,131885,,,,"S-1-5-18",,,"Microsoft Windows security auditing.",,,,,,"IP-C6137C2D$",,"Process Creation","TokenElevationTypeDefault (1)",,Information,,,,,,"11/28/2016 02:27:09 PM
LogName=Security
SourceName=Microsoft Windows security auditing.
EventCode=4688
EventType=0
Type=Information
ComputerName=IP-C6137C2D.corp.amazonworkspaces.com
TaskCategory=Process Creation
OpCode=Info
RecordNumber=131885
Keywords=Audit Success
Message=A new process has been created.

Subject:
	Security ID:		S-1-5-18
	Account Name:		IP-C6137C2D$
	Account Domain:		CORP
	Logon ID:		0x3e7

Process Information:
	New Process ID:		0x12d0
	New Process Name:	C:\Windows\System32\SearchProtocolHost.exe
	Token Elevation Type:	TokenElevationTypeDefault (1)
	Creator Process ID:	0x1bc0
	Process Command Line:	

Token Elevation Type indicates the type of token that was assigned to the new process in accordance with User Account Control policy.

Type 1 is a full token with no privileges removed or groups disabled.  A full token is only used if User Account Control is disabled or if the user is the built-in Administrator account or a service account.

Type 2 is an elevated token with no privileges removed or groups disabled.  An elevated token is used when User Account Control is enabled and the user chooses to start the program using Run as administrator.  An elevated token is also used when an application is configured to always require administrative privilege or to always require maximum privilege, and the user is a member of the Administrators group.

Type 3 is a limited token with administrative privileges removed and administrative groups disabled.  The limited token is used when User Account Control is enabled, the application does not require administrative privilege, and the user does not choose to start the program using Run as administrator.","1480361229.000",14,28,27,november,9,monday,2016,local,,"IP-C6137C2D",main,33,"//_::_\r=\r=___.\r=\r=\r=\r=-...\r=_\r=\r=\r=_\r=_____.\r\r\r\r:\r","WinEventLog:Security","WinEventLog:Security",PersonalSplunk,,23,0
"IP-C6137C2D",,"msmith_admin",,,,,,,"IP-C6137C2D.corp.amazonworkspaces.com",,,,4672,0,,,,,,,"Audit Success",Security,,,,0x14f7a14,,,"Special privileges assigned to new logon.

Subject:
	Security ID:		S-1-5-21-530973380-1803174443-1567984831-1004
	Account Name:		msmith_admin
	Account Domain:		IP-C6137C2D
	Logon ID:		0x14f7a14

Privileges:		SeSecurityPrivilege
			SeTakeOwnershipPrivilege
			SeLoadDriverPrivilege
			SeBackupPrivilege
			SeRestorePrivilege
			SeDebugPrivilege
			SeSystemEnvironmentPrivilege
			SeImpersonatePrivilege",,,,,,Info,,,,,SeSecurityPrivilege,,,,,131884,,,,"S-1-5-21-530973380-1803174443-1567984831-1004",,,"Microsoft Windows security auditing.",,,,,,"msmith_admin",,"Special Logon",,,Information,,,,,,"11/28/2016 02:27:09 PM
LogName=Security
SourceName=Microsoft Windows security auditing.
EventCode=4672
EventType=0
Type=Information
ComputerName=IP-C6137C2D.corp.amazonworkspaces.com
TaskCategory=Special Logon
OpCode=Info
RecordNumber=131884
Keywords=Audit Success
Message=Special privileges assigned to new logon.

Subject:
	Security ID:		S-1-5-21-530973380-1803174443-1567984831-1004
	Account Name:		msmith_admin
	Account Domain:		IP-C6137C2D
	Logon ID:		0x14f7a14

Privileges:		SeSecurityPrivilege
			SeTakeOwnershipPrivilege
			SeLoadDriverPrivilege
			SeBackupPrivilege
			SeRestorePrivilege
			SeDebugPrivilege
			SeSystemEnvironmentPrivilege
			SeImpersonatePrivilege","1480361229.000",14,28,27,november,9,monday,2016,local,,"IP-C6137C2D",main,27,"//_::_\r=\r=___.\r=\r=\r=\r=-...\r=_\r=\r=\r=_\r=_____.\r\r\r\r:\r","WinEventLog:Security","WinEventLog:Security",PersonalSplunk,,23,0
"CORP
IP-C6137C2D",,"dveuve;msmith_admin",,,,Negotiate,,,"IP-C6137C2D.corp.amazonworkspaces.com",,,,4624,0,,,,,,0,"Audit Success",Security,,"{00000000-0000-0000-0000-000000000000}",,"0x45186d
0x14f7a2b",seclogo,2,"An account was successfully logged on.

Subject:
	Security ID:		S-1-5-21-2206723804-4039538768-2100233310-1109
	Account Name:		dveuve
	Account Domain:		CORP
	Logon ID:		0x45186d

Logon Type:			2

New Logon:
	Security ID:		S-1-5-21-530973380-1803174443-1567984831-1004
	Account Name:		msmith_admin
	Account Domain:		IP-C6137C2D
	Logon ID:		0x14f7a2b
	Logon GUID:		{00000000-0000-0000-0000-000000000000}

Process Information:
	Process ID:		0x1f8
	Process Name:		C:\Windows\System32\svchost.exe

Network Information:
	Workstation Name:	IP-C6137C2D
	Source Network Address:	::1
	Source Port:		0

Detailed Authentication Information:
	Logon Process:		seclogo
	Authentication Package:	Negotiate
	Transited Services:	-
	Package Name (NTLM only):	-
	Key Length:		0

This event is generated when a logon session is created. It is generated on the computer that was accessed.

The subject fields indicate the account on the local system which requested the logon. This is most commonly a service such as the Server service, or a local process such as Winlogon.exe or Services.exe.

The logon type field indicates the kind of logon that occurred. The most common types are 2 (interactive) and 3 (network).

The New Logon fields indicate the account for whom the new logon was created, i.e. the account that was logged on.

The network fields indicate where a remote logon request originated. Workstation name is not always available and may be left blank in some cases.

The authentication information fields provide detailed information about this specific logon request.
	- Logon GUID is a unique identifier that can be used to correlate this event with a KDC event.
	- Transited services indicate which intermediate services have participated in this logon request.
	- Package name indicates which sub-protocol was used among the NTLM protocols.
	- Key length indicates the length of the generated session key. This will be 0 if no session key was requested.",,,,,,Info,"-",,,,,,0x1f8,"C:\Windows\System32\svchost.exe",,131883,,,,"S-1-5-21-2206723804-4039538768-2100233310-1109
S-1-5-21-530973380-1803174443-1567984831-1004",,,"Microsoft Windows security auditing.","::1",0,,,,"msmith_admin",,Logon,,"-",Information,,,,,"IP-C6137C2D","11/28/2016 02:27:09 PM
LogName=Security
SourceName=Microsoft Windows security auditing.
EventCode=4624
EventType=0
Type=Information
ComputerName=IP-C6137C2D.corp.amazonworkspaces.com
TaskCategory=Logon
OpCode=Info
RecordNumber=131883
Keywords=Audit Success
Message=An account was successfully logged on.

Subject:
	Security ID:		S-1-5-21-2206723804-4039538768-2100233310-1109
	Account Name:		dveuve
	Account Domain:		CORP
	Logon ID:		0x45186d

Logon Type:			2

New Logon:
	Security ID:		S-1-5-21-530973380-1803174443-1567984831-1004
	Account Name:		msmith_admin
	Account Domain:		IP-C6137C2D
	Logon ID:		0x14f7a2b
	Logon GUID:		{00000000-0000-0000-0000-000000000000}

Process Information:
	Process ID:		0x1f8
	Process Name:		C:\Windows\System32\svchost.exe

Network Information:
	Workstation Name:	IP-C6137C2D
	Source Network Address:	::1
	Source Port:		0

Detailed Authentication Information:
	Logon Process:		seclogo
	Authentication Package:	Negotiate
	Transited Services:	-
	Package Name (NTLM only):	-
	Key Length:		0

This event is generated when a logon session is created. It is generated on the computer that was accessed.

The subject fields indicate the account on the local system which requested the logon. This is most commonly a service such as the Server service, or a local process such as Winlogon.exe or Services.exe.

The logon type field indicates the kind of logon that occurred. The most common types are 2 (interactive) and 3 (network).

The New Logon fields indicate the account for whom the new logon was created, i.e. the account that was logged on.

The network fields indicate where a remote logon request originated. Workstation name is not always available and may be left blank in some cases.

The authentication information fields provide detailed information about this specific logon request.
	- Logon GUID is a unique identifier that can be used to correlate this event with a KDC event.
	- Transited services indicate which intermediate services have participated in this logon request.
	- Package name indicates which sub-protocol was used among the NTLM protocols.
	- Key length indicates the length of the generated session key. This will be 0 if no session key was requested.","1480361229.000",14,28,27,november,9,monday,2016,local,,"IP-C6137C2D",main,59,"//_::_\r=\r=___.\r=\r=\r=\r=-...\r=\r=\r=\r=_\r=_____.\r\r\r\r:\r\r","WinEventLog:Security","WinEventLog:Security",PersonalSplunk,,23,0
"CORP
IP-C6137C2D",,"dveuve;msmith_admin",,,,Negotiate,,,"IP-C6137C2D.corp.amazonworkspaces.com",,,,4624,0,,,,,,0,"Audit Success",Security,,"{00000000-0000-0000-0000-000000000000}",,"0x45186d
0x14f7a14",seclogo,2,"An account was successfully logged on.

Subject:
	Security ID:		S-1-5-21-2206723804-4039538768-2100233310-1109
	Account Name:		dveuve
	Account Domain:		CORP
	Logon ID:		0x45186d

Logon Type:			2

New Logon:
	Security ID:		S-1-5-21-530973380-1803174443-1567984831-1004
	Account Name:		msmith_admin
	Account Domain:		IP-C6137C2D
	Logon ID:		0x14f7a14
	Logon GUID:		{00000000-0000-0000-0000-000000000000}

Process Information:
	Process ID:		0x1f8
	Process Name:		C:\Windows\System32\svchost.exe

Network Information:
	Workstation Name:	IP-C6137C2D
	Source Network Address:	::1
	Source Port:		0

Detailed Authentication Information:
	Logon Process:		seclogo
	Authentication Package:	Negotiate
	Transited Services:	-
	Package Name (NTLM only):	-
	Key Length:		0

This event is generated when a logon session is created. It is generated on the computer that was accessed.

The subject fields indicate the account on the local system which requested the logon. This is most commonly a service such as the Server service, or a local process such as Winlogon.exe or Services.exe.

The logon type field indicates the kind of logon that occurred. The most common types are 2 (interactive) and 3 (network).

The New Logon fields indicate the account for whom the new logon was created, i.e. the account that was logged on.

The network fields indicate where a remote logon request originated. Workstation name is not always available and may be left blank in some cases.

The authentication information fields provide detailed information about this specific logon request.
	- Logon GUID is a unique identifier that can be used to correlate this event with a KDC event.
	- Transited services indicate which intermediate services have participated in this logon request.
	- Package name indicates which sub-protocol was used among the NTLM protocols.
	- Key length indicates the length of the generated session key. This will be 0 if no session key was requested.",,,,,,Info,"-",,,,,,0x1f8,"C:\Windows\System32\svchost.exe",,131882,,,,"S-1-5-21-2206723804-4039538768-2100233310-1109
S-1-5-21-530973380-1803174443-1567984831-1004",,,"Microsoft Windows security auditing.","::1",0,,,,"msmith_admin",,Logon,,"-",Information,,,,,"IP-C6137C2D","11/28/2016 02:27:09 PM
LogName=Security
SourceName=Microsoft Windows security auditing.
EventCode=4624
EventType=0
Type=Information
ComputerName=IP-C6137C2D.corp.amazonworkspaces.com
TaskCategory=Logon
OpCode=Info
RecordNumber=131882
Keywords=Audit Success
Message=An account was successfully logged on.

Subject:
	Security ID:		S-1-5-21-2206723804-4039538768-2100233310-1109
	Account Name:		dveuve
	Account Domain:		CORP
	Logon ID:		0x45186d

Logon Type:			2

New Logon:
	Security ID:		S-1-5-21-530973380-1803174443-1567984831-1004
	Account Name:		msmith_admin
	Account Domain:		IP-C6137C2D
	Logon ID:		0x14f7a14
	Logon GUID:		{00000000-0000-0000-0000-000000000000}

Process Information:
	Process ID:		0x1f8
	Process Name:		C:\Windows\System32\svchost.exe

Network Information:
	Workstation Name:	IP-C6137C2D
	Source Network Address:	::1
	Source Port:		0

Detailed Authentication Information:
	Logon Process:		seclogo
	Authentication Package:	Negotiate
	Transited Services:	-
	Package Name (NTLM only):	-
	Key Length:		0

This event is generated when a logon session is created. It is generated on the computer that was accessed.

The subject fields indicate the account on the local system which requested the logon. This is most commonly a service such as the Server service, or a local process such as Winlogon.exe or Services.exe.

The logon type field indicates the kind of logon that occurred. The most common types are 2 (interactive) and 3 (network).

The New Logon fields indicate the account for whom the new logon was created, i.e. the account that was logged on.

The network fields indicate where a remote logon request originated. Workstation name is not always available and may be left blank in some cases.

The authentication information fields provide detailed information about this specific logon request.
	- Logon GUID is a unique identifier that can be used to correlate this event with a KDC event.
	- Transited services indicate which intermediate services have participated in this logon request.
	- Package name indicates which sub-protocol was used among the NTLM protocols.
	- Key length indicates the length of the generated session key. This will be 0 if no session key was requested.","1480361229.000",14,28,27,november,9,monday,2016,local,,"IP-C6137C2D",main,59,"//_::_\r=\r=___.\r=\r=\r=\r=-...\r=\r=\r=\r=_\r=_____.\r\r\r\r:\r\r","WinEventLog:Security","WinEventLog:Security",PersonalSplunk,,23,0
"CORP
IP-C6137C2D",,"dveuve;msmith_admin",localhost,,,,,,"IP-C6137C2D.corp.amazonworkspaces.com",,,,4648,0,,,,,,,"Audit Success",Security,,"{00000000-0000-0000-0000-000000000000}
{00000000-0000-0000-0000-000000000000}",,0x45186d,,,"A logon was attempted using explicit credentials.

Subject:
	Security ID:		S-1-5-21-2206723804-4039538768-2100233310-1109
	Account Name:		dveuve
	Account Domain:		CORP
	Logon ID:		0x45186d
	Logon GUID:		{00000000-0000-0000-0000-000000000000}

Account Whose Credentials Were Used:
	Account Name:		msmith_admin
	Account Domain:		IP-C6137C2D
	Logon GUID:		{00000000-0000-0000-0000-000000000000}

Target Server:
	Target Server Name:	localhost
	Additional Information:	localhost

Process Information:
	Process ID:		0x1f8
	Process Name:		C:\Windows\System32\svchost.exe

Network Information:
	Network Address:	::1
	Port:			0

This event is generated when a process attempts to log on an account by explicitly specifying that accounts credentials.  This most commonly occurs in batch-type configurations such as scheduled tasks, or when using the RUNAS command.","::1",,,,,Info,,,0,,,,0x1f8,"C:\Windows\System32\svchost.exe",,131881,,,,"S-1-5-21-2206723804-4039538768-2100233310-1109",,,"Microsoft Windows security auditing.",,,,,,"msmith_admin",localhost,Logon,,,Information,,,,,,"11/28/2016 02:27:09 PM
LogName=Security
SourceName=Microsoft Windows security auditing.
EventCode=4648
EventType=0
Type=Information
ComputerName=IP-C6137C2D.corp.amazonworkspaces.com
TaskCategory=Logon
OpCode=Info
RecordNumber=131881
Keywords=Audit Success
Message=A logon was attempted using explicit credentials.

Subject:
	Security ID:		S-1-5-21-2206723804-4039538768-2100233310-1109
	Account Name:		dveuve
	Account Domain:		CORP
	Logon ID:		0x45186d
	Logon GUID:		{00000000-0000-0000-0000-000000000000}

Account Whose Credentials Were Used:
	Account Name:		msmith_admin
	Account Domain:		IP-C6137C2D
	Logon GUID:		{00000000-0000-0000-0000-000000000000}

Target Server:
	Target Server Name:	localhost
	Additional Information:	localhost

Process Information:
	Process ID:		0x1f8
	Process Name:		C:\Windows\System32\svchost.exe

Network Information:
	Network Address:	::1
	Port:			0

This event is generated when a process attempts to log on an account by explicitly specifying that accounts credentials.  This most commonly occurs in batch-type configurations such as scheduled tasks, or when using the RUNAS command.","1480361229.000",14,28,27,november,9,monday,2016,local,,"IP-C6137C2D",main,38,"//_::_\r=\r=___.\r=\r=\r=\r=-...\r=\r=\r=\r=_\r=______.\r\r\r\r:\r","WinEventLog:Security","WinEventLog:Security",PersonalSplunk,,23,0
,,,,,,"MICROSOFT_AUTHENTICATION_PACKAGE_V1_0",,,"IP-C6137C2D.corp.amazonworkspaces.com",,,0x0,4776,0,,,,,,,"Audit Success",Security,"msmith_admin",,,,,,"The computer attempted to validate the credentials for an account.

Authentication Package:	MICROSOFT_AUTHENTICATION_PACKAGE_V1_0
Logon Account:	msmith_admin
Source Workstation:	IP-C6137C2D
Error Code:	0x0",,,,,,Info,,,,,,,,,,131880,,,,,,,"Microsoft Windows security auditing.",,,"IP-C6137C2D",,,"msmith_admin",,"Credential Validation",,,Information,,,,,,"11/28/2016 02:27:09 PM
LogName=Security
SourceName=Microsoft Windows security auditing.
EventCode=4776
EventType=0
Type=Information
ComputerName=IP-C6137C2D.corp.amazonworkspaces.com
TaskCategory=Credential Validation
OpCode=Info
RecordNumber=131880
Keywords=Audit Success
Message=The computer attempted to validate the credentials for an account.

Authentication Package:	MICROSOFT_AUTHENTICATION_PACKAGE_V1_0
Logon Account:	msmith_admin
Source Workstation:	IP-C6137C2D
Error Code:	0x0","1480361229.000",14,28,27,november,9,monday,2016,local,,"IP-C6137C2D",main,17,"//_::_\r=\r=___.\r=\r=\r=\r=-...\r=_\r=\r=\r=_\r=_________.\r\r","WinEventLog:Security","WinEventLog:Security",PersonalSplunk,,23,0
CORP,,"IP-C6137C2D$",,,,,,,"IP-C6137C2D.corp.amazonworkspaces.com",,,,4673,0,,,,,,,"Audit Success",Security,,,,0x3e7,,,"A privileged service was called.

Subject:
	Security ID:		S-1-5-18
	Account Name:		IP-C6137C2D$
	Account Domain:		CORP
	Logon ID:		0x3e7

Service:
	Server:	NT Local Security Authority / Authentication Service
	Service Name:	LsaRegisterLogonProcess()

Process:
	Process ID:	0x2c4
	Process Name:	C:\Windows\System32\lsass.exe

Service Request Information:
	Privileges:		SeTcbPrivilege",,,,,,Info,,,,,SeTcbPrivilege,,0x2c4,"C:\Windows\System32\lsass.exe",,131879,,,,"S-1-5-18","NT Local Security Authority / Authentication Service","LsaRegisterLogonProcess()","Microsoft Windows security auditing.",,,,,,"IP-C6137C2D$",,"Sensitive Privilege Use",,,Information,,,,,,"11/28/2016 02:27:09 PM
LogName=Security
SourceName=Microsoft Windows security auditing.
EventCode=4673
EventType=0
Type=Information
ComputerName=IP-C6137C2D.corp.amazonworkspaces.com
TaskCategory=Sensitive Privilege Use
OpCode=Info
RecordNumber=131879
Keywords=Audit Success
Message=A privileged service was called.

Subject:
	Security ID:		S-1-5-18
	Account Name:		IP-C6137C2D$
	Account Domain:		CORP
	Logon ID:		0x3e7

Service:
	Server:	NT Local Security Authority / Authentication Service
	Service Name:	LsaRegisterLogonProcess()

Process:
	Process ID:	0x2c4
	Process Name:	C:\Windows\System32\lsass.exe

Service Request Information:
	Privileges:		SeTcbPrivilege","1480361229.000",14,28,27,november,9,monday,2016,local,,"IP-C6137C2D",main,29,"//_::_\r=\r=___.\r=\r=\r=\r=-...\r=__\r=\r=\r=_\r=____.\r\r\r\r:\r","WinEventLog:Security","WinEventLog:Security",PersonalSplunk,,23,0
CORP,,dveuve,,,,,,,"IP-C6137C2D.corp.amazonworkspaces.com",0x1ab8,,,4688,0,,,,,,,"Audit Success",Security,,,,0x45186d,,,"A new process has been created.

Subject:
	Security ID:		S-1-5-21-2206723804-4039538768-2100233310-1109
	Account Name:		dveuve
	Account Domain:		CORP
	Logon ID:		0x45186d

Process Information:
	New Process ID:		0x14ac
	New Process Name:	C:\Windows\System32\runas.exe
	Token Elevation Type:	TokenElevationTypeLimited (3)
	Creator Process ID:	0x1ab8
	Process Command Line:	

Token Elevation Type indicates the type of token that was assigned to the new process in accordance with User Account Control policy.

Type 1 is a full token with no privileges removed or groups disabled.  A full token is only used if User Account Control is disabled or if the user is the built-in Administrator account or a service account.

Type 2 is an elevated token with no privileges removed or groups disabled.  An elevated token is used when User Account Control is enabled and the user chooses to start the program using Run as administrator.  An elevated token is also used when an application is configured to always require administrative privilege or to always require maximum privilege, and the user is a member of the Administrators group.

Type 3 is a limited token with administrative privileges removed and administrative groups disabled.  The limited token is used when User Account Control is enabled, the application does not require administrative privilege, and the user does not choose to start the program using Run as administrator.",,0x14ac,"C:\Windows\System32\runas.exe",,,Info,,,,,,,,,,131878,,,,"S-1-5-21-2206723804-4039538768-2100233310-1109",,,"Microsoft Windows security auditing.",,,,,,dveuve,,"Process Creation","TokenElevationTypeLimited (3)",,Information,,,,,,"11/28/2016 02:27:03 PM
LogName=Security
SourceName=Microsoft Windows security auditing.
EventCode=4688
EventType=0
Type=Information
ComputerName=IP-C6137C2D.corp.amazonworkspaces.com
TaskCategory=Process Creation
OpCode=Info
RecordNumber=131878
Keywords=Audit Success
Message=A new process has been created.

Subject:
	Security ID:		S-1-5-21-2206723804-4039538768-2100233310-1109
	Account Name:		dveuve
	Account Domain:		CORP
	Logon ID:		0x45186d

Process Information:
	New Process ID:		0x14ac
	New Process Name:	C:\Windows\System32\runas.exe
	Token Elevation Type:	TokenElevationTypeLimited (3)
	Creator Process ID:	0x1ab8
	Process Command Line:	

Token Elevation Type indicates the type of token that was assigned to the new process in accordance with User Account Control policy.

Type 1 is a full token with no privileges removed or groups disabled.  A full token is only used if User Account Control is disabled or if the user is the built-in Administrator account or a service account.

Type 2 is an elevated token with no privileges removed or groups disabled.  An elevated token is used when User Account Control is enabled and the user chooses to start the program using Run as administrator.  An elevated token is also used when an application is configured to always require administrative privilege or to always require maximum privilege, and the user is a member of the Administrators group.

Type 3 is a limited token with administrative privileges removed and administrative groups disabled.  The limited token is used when User Account Control is enabled, the application does not require administrative privilege, and the user does not choose to start the program using Run as administrator.","1480361223.000",14,28,27,november,3,monday,2016,local,,"IP-C6137C2D",main,33,"//_::_\r=\r=___.\r=\r=\r=\r=-...\r=_\r=\r=\r=_\r=_____.\r\r\r\r:\r","WinEventLog:Security","WinEventLog:Security",PersonalSplunk,,23,0
CORP,,"dveuve;-",,,,,,,"IP-C6137C2D.corp.amazonworkspaces.com",,,,4732,0,,Builtin,Administrators,,,,"Audit Success",Security,,,,0x451177,,,"A member was added to a security-enabled local group.

Subject:
	Security ID:		S-1-5-21-2206723804-4039538768-2100233310-1109
	Account Name:		dveuve
	Account Domain:		CORP
	Logon ID:		0x451177

Member:
	Security ID:		S-1-5-21-530973380-1803174443-1567984831-1004
	Account Name:		-

Group:
	Security ID:		S-1-5-32-544
	Group Name:		Administrators
	Group Domain:		Builtin

Additional Information:
	Privileges:		-",,,,,,Info,,,,,"-",,,,,131877,,,,"S-1-5-21-2206723804-4039538768-2100233310-1109
S-1-5-21-530973380-1803174443-1567984831-1004
S-1-5-32-544",,,"Microsoft Windows security auditing.",,,,,,"-",,"Security Group Management",,,Information,,,,,,"11/28/2016 02:26:41 PM
LogName=Security
SourceName=Microsoft Windows security auditing.
EventCode=4732
EventType=0
Type=Information
ComputerName=IP-C6137C2D.corp.amazonworkspaces.com
TaskCategory=Security Group Management
OpCode=Info
RecordNumber=131877
Keywords=Audit Success
Message=A member was added to a security-enabled local group.

Subject:
	Security ID:		S-1-5-21-2206723804-4039538768-2100233310-1109
	Account Name:		dveuve
	Account Domain:		CORP
	Logon ID:		0x451177

Member:
	Security ID:		S-1-5-21-530973380-1803174443-1567984831-1004
	Account Name:		-

Group:
	Security ID:		S-1-5-32-544
	Group Name:		Administrators
	Group Domain:		Builtin

Additional Information:
	Privileges:		-","1480361201.000",14,28,26,november,41,monday,2016,local,,"IP-C6137C2D",main,30,"//_::_\r=\r=___.\r=\r=\r=\r=-...\r=__\r=\r=\r=_\r=______-__.\r","WinEventLog:Security","WinEventLog:Security",PersonalSplunk,,23,0
