CORP,,"IP-C6137C2D$",,,,,,,"IP-C6137C2D.corp.amazonworkspaces.com",0x698,,,4688,0,,,,,,,"Audit Success",Security,,,,0x3e7,,,"A new process has been created.

Subject:
	Security ID:		S-1-5-18
	Account Name:		IP-C6137C2D$
	Account Domain:		CORP
	Logon ID:		0x3e7

Process Information:
	New Process ID:		0x1838
	New Process Name:	C:\metasploit\postgresql\bin\postgres.exe
	Token Elevation Type:	TokenElevationTypeDefault (1)
	Creator Process ID:	0x698
	Process Command Line:	

Token Elevation Type indicates the type of token that was assigned to the new process in accordance with User Account Control policy.

Type 1 is a full token with no privileges removed or groups disabled.  A full token is only used if User Account Control is disabled or if the user is the built-in Administrator account or a service account.

Type 2 is an elevated token with no privileges removed or groups disabled.  An elevated token is used when User Account Control is enabled and the user chooses to start the program using Run as administrator.  An elevated token is also used when an application is configured to always require administrative privilege or to always require maximum privilege, and the user is a member of the Administrators group.

Type 3 is a limited token with administrative privileges removed and administrative groups disabled.  The limited token is used when User Account Control is enabled, the application does not require administrative privilege, and the user does not choose to start the program using Run as administrator.",,0x1838,"C:\metasploit\postgresql\bin\postgres.exe",,,Info,,,,,,,,,,131935,,,,"S-1-5-18",,,"Microsoft Windows security auditing.",,,,,,"IP-C6137C2D$",,"Process Creation","TokenElevationTypeDefault (1)",,Information,,,,,,"11/28/2016 02:30:10 PM
LogName=Security
SourceName=Microsoft Windows security auditing.
EventCode=4688
EventType=0
Type=Information
ComputerName=IP-C6137C2D.corp.amazonworkspaces.com
TaskCategory=Process Creation
OpCode=Info
RecordNumber=131935
Keywords=Audit Success
Message=A new process has been created.

Subject:
	Security ID:		S-1-5-18
	Account Name:		IP-C6137C2D$
	Account Domain:		CORP
	Logon ID:		0x3e7

Process Information:
	New Process ID:		0x1838
	New Process Name:	C:\metasploit\postgresql\bin\postgres.exe
	Token Elevation Type:	TokenElevationTypeDefault (1)
	Creator Process ID:	0x698
	Process Command Line:	

Token Elevation Type indicates the type of token that was assigned to the new process in accordance with User Account Control policy.

Type 1 is a full token with no privileges removed or groups disabled.  A full token is only used if User Account Control is disabled or if the user is the built-in Administrator account or a service account.

Type 2 is an elevated token with no privileges removed or groups disabled.  An elevated token is used when User Account Control is enabled and the user chooses to start the program using Run as administrator.  An elevated token is also used when an application is configured to always require administrative privilege or to always require maximum privilege, and the user is a member of the Administrators group.

Type 3 is a limited token with administrative privileges removed and administrative groups disabled.  The limited token is used when User Account Control is enabled, the application does not require administrative privilege, and the user does not choose to start the program using Run as administrator.","1480361410.000",14,28,30,november,10,monday,2016,local,,"IP-C6137C2D",main,33,"//_::_\r=\r=___.\r=\r=\r=\r=-...\r=_\r=\r=\r=_\r=_____.\r\r\r\r:\r","WinEventLog:Security","WinEventLog:Security",PersonalSplunk,,23,0
"CORP
IP-C6137C2D",,"dveuve;msmith_admin",,,,Negotiate,0x1f8,"C:\Windows\System32\svchost.exe","IP-C6137C2D.corp.amazonworkspaces.com",,,,4625,0,"Unknown user name or bad password.",,,,,0,"Audit Failure",Security,,,,0x45186d,seclogo,2,"An account failed to log on.

Subject:
	Security ID:		S-1-5-21-2206723804-4039538768-2100233310-1109
	Account Name:		dveuve
	Account Domain:		CORP
	Logon ID:		0x45186d

Logon Type:			2

Account For Which Logon Failed:
	Security ID:		S-1-0-0
	Account Name:		msmith_admin
	Account Domain:		IP-C6137C2D

Failure Information:
	Failure Reason:		Unknown user name or bad password.
	Status:			0xc000006d
	Sub Status:		0xc000006a

Process Information:
	Caller Process ID:	0x1f8
	Caller Process Name:	C:\Windows\System32\svchost.exe

Network Information:
	Workstation Name:	IP-C6137C2D
	Source Network Address:	::1
	Source Port:		0

Detailed Authentication Information:
	Logon Process:		seclogo
	Authentication Package:	Negotiate
	Transited Services:	-
	Package Name (NTLM only):	-
	Key Length:		0

This event is generated when a logon request fails. It is generated on the computer where access was attempted.

The Subject fields indicate the account on the local system which requested the logon. This is most commonly a service such as the Server service, or a local process such as Winlogon.exe or Services.exe.

The Logon Type field indicates the kind of logon that was requested. The most common types are 2 (interactive) and 3 (network).

The Process Information fields indicate which account and process on the system requested the logon.

The Network Information fields indicate where a remote logon request originated. Workstation name is not always available and may be left blank in some cases.

The authentication information fields provide detailed information about this specific logon request.
	- Transited services indicate which intermediate services have participated in this logon request.
	- Package name indicates which sub-protocol was used among the NTLM protocols.
	- Key length indicates the length of the generated session key. This will be 0 if no session key was requested.",,,,,,Info,"-",,,,,,,,,131934,,,,"S-1-5-21-2206723804-4039538768-2100233310-1109
S-1-0-0",,,"Microsoft Windows security auditing.","::1",0,,0xc000006d,0xc000006a,"msmith_admin",,Logon,,"-",Information,,,,,"IP-C6137C2D","11/28/2016 02:29:56 PM
LogName=Security
SourceName=Microsoft Windows security auditing.
EventCode=4625
EventType=0
Type=Information
ComputerName=IP-C6137C2D.corp.amazonworkspaces.com
TaskCategory=Logon
OpCode=Info
RecordNumber=131934
Keywords=Audit Failure
Message=An account failed to log on.

Subject:
	Security ID:		S-1-5-21-2206723804-4039538768-2100233310-1109
	Account Name:		dveuve
	Account Domain:		CORP
	Logon ID:		0x45186d

Logon Type:			2

Account For Which Logon Failed:
	Security ID:		S-1-0-0
	Account Name:		msmith_admin
	Account Domain:		IP-C6137C2D

Failure Information:
	Failure Reason:		Unknown user name or bad password.
	Status:			0xc000006d
	Sub Status:		0xc000006a

Process Information:
	Caller Process ID:	0x1f8
	Caller Process Name:	C:\Windows\System32\svchost.exe

Network Information:
	Workstation Name:	IP-C6137C2D
	Source Network Address:	::1
	Source Port:		0

Detailed Authentication Information:
	Logon Process:		seclogo
	Authentication Package:	Negotiate
	Transited Services:	-
	Package Name (NTLM only):	-
	Key Length:		0

This event is generated when a logon request fails. It is generated on the computer where access was attempted.

The Subject fields indicate the account on the local system which requested the logon. This is most commonly a service such as the Server service, or a local process such as Winlogon.exe or Services.exe.

The Logon Type field indicates the kind of logon that was requested. The most common types are 2 (interactive) and 3 (network).

The Process Information fields indicate which account and process on the system requested the logon.

The Network Information fields indicate where a remote logon request originated. Workstation name is not always available and may be left blank in some cases.

The authentication information fields provide detailed information about this specific logon request.
	- Transited services indicate which intermediate services have participated in this logon request.
	- Package name indicates which sub-protocol was used among the NTLM protocols.
	- Key length indicates the length of the generated session key. This will be 0 if no session key was requested.","1480361396.000",14,28,29,november,56,monday,2016,local,,"IP-C6137C2D",main,61,"//_::_\r=\r=___.\r=\r=\r=\r=-...\r=\r=\r=\r=_\r=_____.\r\r\r\r:\r\r","WinEventLog:Security","WinEventLog:Security",PersonalSplunk,,23,0
,,,,,,"MICROSOFT_AUTHENTICATION_PACKAGE_V1_0",,,"IP-C6137C2D.corp.amazonworkspaces.com",,,0xc000006a,4776,0,,,,,,,"Audit Failure",Security,"msmith_admin",,,,,,"The computer attempted to validate the credentials for an account.

Authentication Package:	MICROSOFT_AUTHENTICATION_PACKAGE_V1_0
Logon Account:	msmith_admin
Source Workstation:	IP-C6137C2D
Error Code:	0xc000006a",,,,,,Info,,,,,,,,,,131933,,,,,,,"Microsoft Windows security auditing.",,,"IP-C6137C2D",,,"msmith_admin",,"Credential Validation",,,Information,,,,,,"11/28/2016 02:29:56 PM
LogName=Security
SourceName=Microsoft Windows security auditing.
EventCode=4776
EventType=0
Type=Information
ComputerName=IP-C6137C2D.corp.amazonworkspaces.com
TaskCategory=Credential Validation
OpCode=Info
RecordNumber=131933
Keywords=Audit Failure
Message=The computer attempted to validate the credentials for an account.

Authentication Package:	MICROSOFT_AUTHENTICATION_PACKAGE_V1_0
Logon Account:	msmith_admin
Source Workstation:	IP-C6137C2D
Error Code:	0xc000006a","1480361396.000",14,28,29,november,56,monday,2016,local,,"IP-C6137C2D",main,17,"//_::_\r=\r=___.\r=\r=\r=\r=-...\r=_\r=\r=\r=_\r=_________.\r\r","WinEventLog:Security","WinEventLog:Security",PersonalSplunk,,23,0
CORP,,"IP-C6137C2D$",,,,,,,"IP-C6137C2D.corp.amazonworkspaces.com",0x698,,,4688,0,,,,,,,"Audit Success",Security,,,,0x3e7,,,"A new process has been created.

Subject:
	Security ID:		S-1-5-18
	Account Name:		IP-C6137C2D$
	Account Domain:		CORP
	Logon ID:		0x3e7

Process Information:
	New Process ID:		0x1554
	New Process Name:	C:\metasploit\postgresql\bin\postgres.exe
	Token Elevation Type:	TokenElevationTypeDefault (1)
	Creator Process ID:	0x698
	Process Command Line:	

Token Elevation Type indicates the type of token that was assigned to the new process in accordance with User Account Control policy.

Type 1 is a full token with no privileges removed or groups disabled.  A full token is only used if User Account Control is disabled or if the user is the built-in Administrator account or a service account.

Type 2 is an elevated token with no privileges removed or groups disabled.  An elevated token is used when User Account Control is enabled and the user chooses to start the program using Run as administrator.  An elevated token is also used when an application is configured to always require administrative privilege or to always require maximum privilege, and the user is a member of the Administrators group.

Type 3 is a limited token with administrative privileges removed and administrative groups disabled.  The limited token is used when User Account Control is enabled, the application does not require administrative privilege, and the user does not choose to start the program using Run as administrator.",,0x1554,"C:\metasploit\postgresql\bin\postgres.exe",,,Info,,,,,,,,,,131932,,,,"S-1-5-18",,,"Microsoft Windows security auditing.",,,,,,"IP-C6137C2D$",,"Process Creation","TokenElevationTypeDefault (1)",,Information,,,,,,"11/28/2016 02:29:40 PM
LogName=Security
SourceName=Microsoft Windows security auditing.
EventCode=4688
EventType=0
Type=Information
ComputerName=IP-C6137C2D.corp.amazonworkspaces.com
TaskCategory=Process Creation
OpCode=Info
RecordNumber=131932
Keywords=Audit Success
Message=A new process has been created.

Subject:
	Security ID:		S-1-5-18
	Account Name:		IP-C6137C2D$
	Account Domain:		CORP
	Logon ID:		0x3e7

Process Information:
	New Process ID:		0x1554
	New Process Name:	C:\metasploit\postgresql\bin\postgres.exe
	Token Elevation Type:	TokenElevationTypeDefault (1)
	Creator Process ID:	0x698
	Process Command Line:	

Token Elevation Type indicates the type of token that was assigned to the new process in accordance with User Account Control policy.

Type 1 is a full token with no privileges removed or groups disabled.  A full token is only used if User Account Control is disabled or if the user is the built-in Administrator account or a service account.

Type 2 is an elevated token with no privileges removed or groups disabled.  An elevated token is used when User Account Control is enabled and the user chooses to start the program using Run as administrator.  An elevated token is also used when an application is configured to always require administrative privilege or to always require maximum privilege, and the user is a member of the Administrators group.

Type 3 is a limited token with administrative privileges removed and administrative groups disabled.  The limited token is used when User Account Control is enabled, the application does not require administrative privilege, and the user does not choose to start the program using Run as administrator.","1480361380.000",14,28,29,november,40,monday,2016,local,,"IP-C6137C2D",main,33,"//_::_\r=\r=___.\r=\r=\r=\r=-...\r=_\r=\r=\r=_\r=_____.\r\r\r\r:\r","WinEventLog:Security","WinEventLog:Security",PersonalSplunk,,23,0
CORP,,"IP-C6137C2D$",,,,,,,"IP-C6137C2D.corp.amazonworkspaces.com",0x133c,,,4688,0,,,,,,,"Audit Success",Security,,,,0x3e7,,,"A new process has been created.

Subject:
	Security ID:		S-1-5-18
	Account Name:		IP-C6137C2D$
	Account Domain:		CORP
	Logon ID:		0x3e7

Process Information:
	New Process ID:		0x15bc
	New Process Name:	C:\Program Files\Splunk\bin\splunk-winprintmon.exe
	Token Elevation Type:	TokenElevationTypeDefault (1)
	Creator Process ID:	0x133c
	Process Command Line:	

Token Elevation Type indicates the type of token that was assigned to the new process in accordance with User Account Control policy.

Type 1 is a full token with no privileges removed or groups disabled.  A full token is only used if User Account Control is disabled or if the user is the built-in Administrator account or a service account.

Type 2 is an elevated token with no privileges removed or groups disabled.  An elevated token is used when User Account Control is enabled and the user chooses to start the program using Run as administrator.  An elevated token is also used when an application is configured to always require administrative privilege or to always require maximum privilege, and the user is a member of the Administrators group.

Type 3 is a limited token with administrative privileges removed and administrative groups disabled.  The limited token is used when User Account Control is enabled, the application does not require administrative privilege, and the user does not choose to start the program using Run as administrator.",,0x15bc,"C:\Program Files\Splunk\bin\splunk-winprintmon.exe",,,Info,,,,,,,,,,131931,,,,"S-1-5-18",,,"Microsoft Windows security auditing.",,,,,,"IP-C6137C2D$",,"Process Creation","TokenElevationTypeDefault (1)",,Information,,,,,,"11/28/2016 02:29:30 PM
LogName=Security
SourceName=Microsoft Windows security auditing.
EventCode=4688
EventType=0
Type=Information
ComputerName=IP-C6137C2D.corp.amazonworkspaces.com
TaskCategory=Process Creation
OpCode=Info
RecordNumber=131931
Keywords=Audit Success
Message=A new process has been created.

Subject:
	Security ID:		S-1-5-18
	Account Name:		IP-C6137C2D$
	Account Domain:		CORP
	Logon ID:		0x3e7

Process Information:
	New Process ID:		0x15bc
	New Process Name:	C:\Program Files\Splunk\bin\splunk-winprintmon.exe
	Token Elevation Type:	TokenElevationTypeDefault (1)
	Creator Process ID:	0x133c
	Process Command Line:	

Token Elevation Type indicates the type of token that was assigned to the new process in accordance with User Account Control policy.

Type 1 is a full token with no privileges removed or groups disabled.  A full token is only used if User Account Control is disabled or if the user is the built-in Administrator account or a service account.

Type 2 is an elevated token with no privileges removed or groups disabled.  An elevated token is used when User Account Control is enabled and the user chooses to start the program using Run as administrator.  An elevated token is also used when an application is configured to always require administrative privilege or to always require maximum privilege, and the user is a member of the Administrators group.

Type 3 is a limited token with administrative privileges removed and administrative groups disabled.  The limited token is used when User Account Control is enabled, the application does not require administrative privilege, and the user does not choose to start the program using Run as administrator.","1480361370.000",14,28,29,november,30,monday,2016,local,,"IP-C6137C2D",main,33,"//_::_\r=\r=___.\r=\r=\r=\r=-...\r=_\r=\r=\r=_\r=_____.\r\r\r\r:\r","WinEventLog:Security","WinEventLog:Security",PersonalSplunk,,23,0
CORP,,"IP-C6137C2D$",,,,,,,"IP-C6137C2D.corp.amazonworkspaces.com",0x133c,,,4688,0,,,,,,,"Audit Success",Security,,,,0x3e7,,,"A new process has been created.

Subject:
	Security ID:		S-1-5-18
	Account Name:		IP-C6137C2D$
	Account Domain:		CORP
	Logon ID:		0x3e7

Process Information:
	New Process ID:		0x6b4
	New Process Name:	C:\Program Files\Splunk\bin\splunk-regmon.exe
	Token Elevation Type:	TokenElevationTypeDefault (1)
	Creator Process ID:	0x133c
	Process Command Line:	

Token Elevation Type indicates the type of token that was assigned to the new process in accordance with User Account Control policy.

Type 1 is a full token with no privileges removed or groups disabled.  A full token is only used if User Account Control is disabled or if the user is the built-in Administrator account or a service account.

Type 2 is an elevated token with no privileges removed or groups disabled.  An elevated token is used when User Account Control is enabled and the user chooses to start the program using Run as administrator.  An elevated token is also used when an application is configured to always require administrative privilege or to always require maximum privilege, and the user is a member of the Administrators group.

Type 3 is a limited token with administrative privileges removed and administrative groups disabled.  The limited token is used when User Account Control is enabled, the application does not require administrative privilege, and the user does not choose to start the program using Run as administrator.",,0x6b4,"C:\Program Files\Splunk\bin\splunk-regmon.exe",,,Info,,,,,,,,,,131930,,,,"S-1-5-18",,,"Microsoft Windows security auditing.",,,,,,"IP-C6137C2D$",,"Process Creation","TokenElevationTypeDefault (1)",,Information,,,,,,"11/28/2016 02:29:28 PM
LogName=Security
SourceName=Microsoft Windows security auditing.
EventCode=4688
EventType=0
Type=Information
ComputerName=IP-C6137C2D.corp.amazonworkspaces.com
TaskCategory=Process Creation
OpCode=Info
RecordNumber=131930
Keywords=Audit Success
Message=A new process has been created.

Subject:
	Security ID:		S-1-5-18
	Account Name:		IP-C6137C2D$
	Account Domain:		CORP
	Logon ID:		0x3e7

Process Information:
	New Process ID:		0x6b4
	New Process Name:	C:\Program Files\Splunk\bin\splunk-regmon.exe
	Token Elevation Type:	TokenElevationTypeDefault (1)
	Creator Process ID:	0x133c
	Process Command Line:	

Token Elevation Type indicates the type of token that was assigned to the new process in accordance with User Account Control policy.

Type 1 is a full token with no privileges removed or groups disabled.  A full token is only used if User Account Control is disabled or if the user is the built-in Administrator account or a service account.

Type 2 is an elevated token with no privileges removed or groups disabled.  An elevated token is used when User Account Control is enabled and the user chooses to start the program using Run as administrator.  An elevated token is also used when an application is configured to always require administrative privilege or to always require maximum privilege, and the user is a member of the Administrators group.

Type 3 is a limited token with administrative privileges removed and administrative groups disabled.  The limited token is used when User Account Control is enabled, the application does not require administrative privilege, and the user does not choose to start the program using Run as administrator.","1480361368.000",14,28,29,november,28,monday,2016,local,,"IP-C6137C2D",main,33,"//_::_\r=\r=___.\r=\r=\r=\r=-...\r=_\r=\r=\r=_\r=_____.\r\r\r\r:\r","WinEventLog:Security","WinEventLog:Security",PersonalSplunk,,23,0
CORP,,"IP-C6137C2D$",,,,,,,"IP-C6137C2D.corp.amazonworkspaces.com",0x133c,,,4688,0,,,,,,,"Audit Success",Security,,,,0x3e7,,,"A new process has been created.

Subject:
	Security ID:		S-1-5-18
	Account Name:		IP-C6137C2D$
	Account Domain:		CORP
	Logon ID:		0x3e7

Process Information:
	New Process ID:		0x758
	New Process Name:	C:\Program Files\Splunk\bin\splunk-powershell.exe
	Token Elevation Type:	TokenElevationTypeDefault (1)
	Creator Process ID:	0x133c
	Process Command Line:	

Token Elevation Type indicates the type of token that was assigned to the new process in accordance with User Account Control policy.

Type 1 is a full token with no privileges removed or groups disabled.  A full token is only used if User Account Control is disabled or if the user is the built-in Administrator account or a service account.

Type 2 is an elevated token with no privileges removed or groups disabled.  An elevated token is used when User Account Control is enabled and the user chooses to start the program using Run as administrator.  An elevated token is also used when an application is configured to always require administrative privilege or to always require maximum privilege, and the user is a member of the Administrators group.

Type 3 is a limited token with administrative privileges removed and administrative groups disabled.  The limited token is used when User Account Control is enabled, the application does not require administrative privilege, and the user does not choose to start the program using Run as administrator.",,0x758,"C:\Program Files\Splunk\bin\splunk-powershell.exe",,,Info,,,,,,,,,,131929,,,,"S-1-5-18",,,"Microsoft Windows security auditing.",,,,,,"IP-C6137C2D$",,"Process Creation","TokenElevationTypeDefault (1)",,Information,,,,,,"11/28/2016 02:29:28 PM
LogName=Security
SourceName=Microsoft Windows security auditing.
EventCode=4688
EventType=0
Type=Information
ComputerName=IP-C6137C2D.corp.amazonworkspaces.com
TaskCategory=Process Creation
OpCode=Info
RecordNumber=131929
Keywords=Audit Success
Message=A new process has been created.

Subject:
	Security ID:		S-1-5-18
	Account Name:		IP-C6137C2D$
	Account Domain:		CORP
	Logon ID:		0x3e7

Process Information:
	New Process ID:		0x758
	New Process Name:	C:\Program Files\Splunk\bin\splunk-powershell.exe
	Token Elevation Type:	TokenElevationTypeDefault (1)
	Creator Process ID:	0x133c
	Process Command Line:	

Token Elevation Type indicates the type of token that was assigned to the new process in accordance with User Account Control policy.

Type 1 is a full token with no privileges removed or groups disabled.  A full token is only used if User Account Control is disabled or if the user is the built-in Administrator account or a service account.

Type 2 is an elevated token with no privileges removed or groups disabled.  An elevated token is used when User Account Control is enabled and the user chooses to start the program using Run as administrator.  An elevated token is also used when an application is configured to always require administrative privilege or to always require maximum privilege, and the user is a member of the Administrators group.

Type 3 is a limited token with administrative privileges removed and administrative groups disabled.  The limited token is used when User Account Control is enabled, the application does not require administrative privilege, and the user does not choose to start the program using Run as administrator.","1480361368.000",14,28,29,november,28,monday,2016,local,,"IP-C6137C2D",main,33,"//_::_\r=\r=___.\r=\r=\r=\r=-...\r=_\r=\r=\r=_\r=_____.\r\r\r\r:\r","WinEventLog:Security","WinEventLog:Security",PersonalSplunk,,23,0
CORP,,"IP-C6137C2D$",,,,,,,"IP-C6137C2D.corp.amazonworkspaces.com",0x133c,,,4688,0,,,,,,,"Audit Success",Security,,,,0x3e7,,,"A new process has been created.

Subject:
	Security ID:		S-1-5-18
	Account Name:		IP-C6137C2D$
	Account Domain:		CORP
	Logon ID:		0x3e7

Process Information:
	New Process ID:		0x6dc
	New Process Name:	C:\Program Files\Splunk\bin\splunk-powershell.exe
	Token Elevation Type:	TokenElevationTypeDefault (1)
	Creator Process ID:	0x133c
	Process Command Line:	

Token Elevation Type indicates the type of token that was assigned to the new process in accordance with User Account Control policy.

Type 1 is a full token with no privileges removed or groups disabled.  A full token is only used if User Account Control is disabled or if the user is the built-in Administrator account or a service account.

Type 2 is an elevated token with no privileges removed or groups disabled.  An elevated token is used when User Account Control is enabled and the user chooses to start the program using Run as administrator.  An elevated token is also used when an application is configured to always require administrative privilege or to always require maximum privilege, and the user is a member of the Administrators group.

Type 3 is a limited token with administrative privileges removed and administrative groups disabled.  The limited token is used when User Account Control is enabled, the application does not require administrative privilege, and the user does not choose to start the program using Run as administrator.",,0x6dc,"C:\Program Files\Splunk\bin\splunk-powershell.exe",,,Info,,,,,,,,,,131928,,,,"S-1-5-18",,,"Microsoft Windows security auditing.",,,,,,"IP-C6137C2D$",,"Process Creation","TokenElevationTypeDefault (1)",,Information,,,,,,"11/28/2016 02:29:27 PM
LogName=Security
SourceName=Microsoft Windows security auditing.
EventCode=4688
EventType=0
Type=Information
ComputerName=IP-C6137C2D.corp.amazonworkspaces.com
TaskCategory=Process Creation
OpCode=Info
RecordNumber=131928
Keywords=Audit Success
Message=A new process has been created.

Subject:
	Security ID:		S-1-5-18
	Account Name:		IP-C6137C2D$
	Account Domain:		CORP
	Logon ID:		0x3e7

Process Information:
	New Process ID:		0x6dc
	New Process Name:	C:\Program Files\Splunk\bin\splunk-powershell.exe
	Token Elevation Type:	TokenElevationTypeDefault (1)
	Creator Process ID:	0x133c
	Process Command Line:	

Token Elevation Type indicates the type of token that was assigned to the new process in accordance with User Account Control policy.

Type 1 is a full token with no privileges removed or groups disabled.  A full token is only used if User Account Control is disabled or if the user is the built-in Administrator account or a service account.

Type 2 is an elevated token with no privileges removed or groups disabled.  An elevated token is used when User Account Control is enabled and the user chooses to start the program using Run as administrator.  An elevated token is also used when an application is configured to always require administrative privilege or to always require maximum privilege, and the user is a member of the Administrators group.

Type 3 is a limited token with administrative privileges removed and administrative groups disabled.  The limited token is used when User Account Control is enabled, the application does not require administrative privilege, and the user does not choose to start the program using Run as administrator.","1480361367.000",14,28,29,november,27,monday,2016,local,,"IP-C6137C2D",main,33,"//_::_\r=\r=___.\r=\r=\r=\r=-...\r=_\r=\r=\r=_\r=_____.\r\r\r\r:\r","WinEventLog:Security","WinEventLog:Security",PersonalSplunk,,23,0
CORP,,"IP-C6137C2D$",,,,,,,"IP-C6137C2D.corp.amazonworkspaces.com",0x133c,,,4688,0,,,,,,,"Audit Success",Security,,,,0x3e7,,,"A new process has been created.

Subject:
	Security ID:		S-1-5-18
	Account Name:		IP-C6137C2D$
	Account Domain:		CORP
	Logon ID:		0x3e7

Process Information:
	New Process ID:		0x1724
	New Process Name:	C:\Program Files\Splunk\bin\splunk-netmon.exe
	Token Elevation Type:	TokenElevationTypeDefault (1)
	Creator Process ID:	0x133c
	Process Command Line:	

Token Elevation Type indicates the type of token that was assigned to the new process in accordance with User Account Control policy.

Type 1 is a full token with no privileges removed or groups disabled.  A full token is only used if User Account Control is disabled or if the user is the built-in Administrator account or a service account.

Type 2 is an elevated token with no privileges removed or groups disabled.  An elevated token is used when User Account Control is enabled and the user chooses to start the program using Run as administrator.  An elevated token is also used when an application is configured to always require administrative privilege or to always require maximum privilege, and the user is a member of the Administrators group.

Type 3 is a limited token with administrative privileges removed and administrative groups disabled.  The limited token is used when User Account Control is enabled, the application does not require administrative privilege, and the user does not choose to start the program using Run as administrator.",,0x1724,"C:\Program Files\Splunk\bin\splunk-netmon.exe",,,Info,,,,,,,,,,131927,,,,"S-1-5-18",,,"Microsoft Windows security auditing.",,,,,,"IP-C6137C2D$",,"Process Creation","TokenElevationTypeDefault (1)",,Information,,,,,,"11/28/2016 02:29:26 PM
LogName=Security
SourceName=Microsoft Windows security auditing.
EventCode=4688
EventType=0
Type=Information
ComputerName=IP-C6137C2D.corp.amazonworkspaces.com
TaskCategory=Process Creation
OpCode=Info
RecordNumber=131927
Keywords=Audit Success
Message=A new process has been created.

Subject:
	Security ID:		S-1-5-18
	Account Name:		IP-C6137C2D$
	Account Domain:		CORP
	Logon ID:		0x3e7

Process Information:
	New Process ID:		0x1724
	New Process Name:	C:\Program Files\Splunk\bin\splunk-netmon.exe
	Token Elevation Type:	TokenElevationTypeDefault (1)
	Creator Process ID:	0x133c
	Process Command Line:	

Token Elevation Type indicates the type of token that was assigned to the new process in accordance with User Account Control policy.

Type 1 is a full token with no privileges removed or groups disabled.  A full token is only used if User Account Control is disabled or if the user is the built-in Administrator account or a service account.

Type 2 is an elevated token with no privileges removed or groups disabled.  An elevated token is used when User Account Control is enabled and the user chooses to start the program using Run as administrator.  An elevated token is also used when an application is configured to always require administrative privilege or to always require maximum privilege, and the user is a member of the Administrators group.

Type 3 is a limited token with administrative privileges removed and administrative groups disabled.  The limited token is used when User Account Control is enabled, the application does not require administrative privilege, and the user does not choose to start the program using Run as administrator.","1480361366.000",14,28,29,november,26,monday,2016,local,,"IP-C6137C2D",main,33,"//_::_\r=\r=___.\r=\r=\r=\r=-...\r=_\r=\r=\r=_\r=_____.\r\r\r\r:\r","WinEventLog:Security","WinEventLog:Security",PersonalSplunk,,23,0
CORP,,"IP-C6137C2D$",,,,,,,"IP-C6137C2D.corp.amazonworkspaces.com",0x133c,,,4688,0,,,,,,,"Audit Success",Security,,,,0x3e7,,,"A new process has been created.

Subject:
	Security ID:		S-1-5-18
	Account Name:		IP-C6137C2D$
	Account Domain:		CORP
	Logon ID:		0x3e7

Process Information:
	New Process ID:		0x15f4
	New Process Name:	C:\Program Files\Splunk\bin\splunk-admon.exe
	Token Elevation Type:	TokenElevationTypeDefault (1)
	Creator Process ID:	0x133c
	Process Command Line:	

Token Elevation Type indicates the type of token that was assigned to the new process in accordance with User Account Control policy.

Type 1 is a full token with no privileges removed or groups disabled.  A full token is only used if User Account Control is disabled or if the user is the built-in Administrator account or a service account.

Type 2 is an elevated token with no privileges removed or groups disabled.  An elevated token is used when User Account Control is enabled and the user chooses to start the program using Run as administrator.  An elevated token is also used when an application is configured to always require administrative privilege or to always require maximum privilege, and the user is a member of the Administrators group.

Type 3 is a limited token with administrative privileges removed and administrative groups disabled.  The limited token is used when User Account Control is enabled, the application does not require administrative privilege, and the user does not choose to start the program using Run as administrator.",,0x15f4,"C:\Program Files\Splunk\bin\splunk-admon.exe",,,Info,,,,,,,,,,131926,,,,"S-1-5-18",,,"Microsoft Windows security auditing.",,,,,,"IP-C6137C2D$",,"Process Creation","TokenElevationTypeDefault (1)",,Information,,,,,,"11/28/2016 02:29:25 PM
LogName=Security
SourceName=Microsoft Windows security auditing.
EventCode=4688
EventType=0
Type=Information
ComputerName=IP-C6137C2D.corp.amazonworkspaces.com
TaskCategory=Process Creation
OpCode=Info
RecordNumber=131926
Keywords=Audit Success
Message=A new process has been created.

Subject:
	Security ID:		S-1-5-18
	Account Name:		IP-C6137C2D$
	Account Domain:		CORP
	Logon ID:		0x3e7

Process Information:
	New Process ID:		0x15f4
	New Process Name:	C:\Program Files\Splunk\bin\splunk-admon.exe
	Token Elevation Type:	TokenElevationTypeDefault (1)
	Creator Process ID:	0x133c
	Process Command Line:	

Token Elevation Type indicates the type of token that was assigned to the new process in accordance with User Account Control policy.

Type 1 is a full token with no privileges removed or groups disabled.  A full token is only used if User Account Control is disabled or if the user is the built-in Administrator account or a service account.

Type 2 is an elevated token with no privileges removed or groups disabled.  An elevated token is used when User Account Control is enabled and the user chooses to start the program using Run as administrator.  An elevated token is also used when an application is configured to always require administrative privilege or to always require maximum privilege, and the user is a member of the Administrators group.

Type 3 is a limited token with administrative privileges removed and administrative groups disabled.  The limited token is used when User Account Control is enabled, the application does not require administrative privilege, and the user does not choose to start the program using Run as administrator.","1480361365.000",14,28,29,november,25,monday,2016,local,,"IP-C6137C2D",main,33,"//_::_\r=\r=___.\r=\r=\r=\r=-...\r=_\r=\r=\r=_\r=_____.\r\r\r\r:\r","WinEventLog:Security","WinEventLog:Security",PersonalSplunk,,23,0
CORP,,"IP-C6137C2D$",,,,,,,"IP-C6137C2D.corp.amazonworkspaces.com",0x133c,,,4688,0,,,,,,,"Audit Success",Security,,,,0x3e7,,,"A new process has been created.

Subject:
	Security ID:		S-1-5-18
	Account Name:		IP-C6137C2D$
	Account Domain:		CORP
	Logon ID:		0x3e7

Process Information:
	New Process ID:		0x5cc
	New Process Name:	C:\Program Files\Splunk\bin\splunk-MonitorNoHandle.exe
	Token Elevation Type:	TokenElevationTypeDefault (1)
	Creator Process ID:	0x133c
	Process Command Line:	

Token Elevation Type indicates the type of token that was assigned to the new process in accordance with User Account Control policy.

Type 1 is a full token with no privileges removed or groups disabled.  A full token is only used if User Account Control is disabled or if the user is the built-in Administrator account or a service account.

Type 2 is an elevated token with no privileges removed or groups disabled.  An elevated token is used when User Account Control is enabled and the user chooses to start the program using Run as administrator.  An elevated token is also used when an application is configured to always require administrative privilege or to always require maximum privilege, and the user is a member of the Administrators group.

Type 3 is a limited token with administrative privileges removed and administrative groups disabled.  The limited token is used when User Account Control is enabled, the application does not require administrative privilege, and the user does not choose to start the program using Run as administrator.",,0x5cc,"C:\Program Files\Splunk\bin\splunk-MonitorNoHandle.exe",,,Info,,,,,,,,,,131925,,,,"S-1-5-18",,,"Microsoft Windows security auditing.",,,,,,"IP-C6137C2D$",,"Process Creation","TokenElevationTypeDefault (1)",,Information,,,,,,"11/28/2016 02:29:24 PM
LogName=Security
SourceName=Microsoft Windows security auditing.
EventCode=4688
EventType=0
Type=Information
ComputerName=IP-C6137C2D.corp.amazonworkspaces.com
TaskCategory=Process Creation
OpCode=Info
RecordNumber=131925
Keywords=Audit Success
Message=A new process has been created.

Subject:
	Security ID:		S-1-5-18
	Account Name:		IP-C6137C2D$
	Account Domain:		CORP
	Logon ID:		0x3e7

Process Information:
	New Process ID:		0x5cc
	New Process Name:	C:\Program Files\Splunk\bin\splunk-MonitorNoHandle.exe
	Token Elevation Type:	TokenElevationTypeDefault (1)
	Creator Process ID:	0x133c
	Process Command Line:	

Token Elevation Type indicates the type of token that was assigned to the new process in accordance with User Account Control policy.

Type 1 is a full token with no privileges removed or groups disabled.  A full token is only used if User Account Control is disabled or if the user is the built-in Administrator account or a service account.

Type 2 is an elevated token with no privileges removed or groups disabled.  An elevated token is used when User Account Control is enabled and the user chooses to start the program using Run as administrator.  An elevated token is also used when an application is configured to always require administrative privilege or to always require maximum privilege, and the user is a member of the Administrators group.

Type 3 is a limited token with administrative privileges removed and administrative groups disabled.  The limited token is used when User Account Control is enabled, the application does not require administrative privilege, and the user does not choose to start the program using Run as administrator.","1480361364.000",14,28,29,november,24,monday,2016,local,,"IP-C6137C2D",main,33,"//_::_\r=\r=___.\r=\r=\r=\r=-...\r=_\r=\r=\r=_\r=_____.\r\r\r\r:\r","WinEventLog:Security","WinEventLog:Security",PersonalSplunk,,23,0
CORP,,"IP-C6137C2D$",,,,,,,"IP-C6137C2D.corp.amazonworkspaces.com",0x698,,,4688,0,,,,,,,"Audit Success",Security,,,,0x3e7,,,"A new process has been created.

Subject:
	Security ID:		S-1-5-18
	Account Name:		IP-C6137C2D$
	Account Domain:		CORP
	Logon ID:		0x3e7

Process Information:
	New Process ID:		0xeb8
	New Process Name:	C:\metasploit\postgresql\bin\postgres.exe
	Token Elevation Type:	TokenElevationTypeDefault (1)
	Creator Process ID:	0x698
	Process Command Line:	

Token Elevation Type indicates the type of token that was assigned to the new process in accordance with User Account Control policy.

Type 1 is a full token with no privileges removed or groups disabled.  A full token is only used if User Account Control is disabled or if the user is the built-in Administrator account or a service account.

Type 2 is an elevated token with no privileges removed or groups disabled.  An elevated token is used when User Account Control is enabled and the user chooses to start the program using Run as administrator.  An elevated token is also used when an application is configured to always require administrative privilege or to always require maximum privilege, and the user is a member of the Administrators group.

Type 3 is a limited token with administrative privileges removed and administrative groups disabled.  The limited token is used when User Account Control is enabled, the application does not require administrative privilege, and the user does not choose to start the program using Run as administrator.",,0xeb8,"C:\metasploit\postgresql\bin\postgres.exe",,,Info,,,,,,,,,,131924,,,,"S-1-5-18",,,"Microsoft Windows security auditing.",,,,,,"IP-C6137C2D$",,"Process Creation","TokenElevationTypeDefault (1)",,Information,,,,,,"11/28/2016 02:29:10 PM
LogName=Security
SourceName=Microsoft Windows security auditing.
EventCode=4688
EventType=0
Type=Information
ComputerName=IP-C6137C2D.corp.amazonworkspaces.com
TaskCategory=Process Creation
OpCode=Info
RecordNumber=131924
Keywords=Audit Success
Message=A new process has been created.

Subject:
	Security ID:		S-1-5-18
	Account Name:		IP-C6137C2D$
	Account Domain:		CORP
	Logon ID:		0x3e7

Process Information:
	New Process ID:		0xeb8
	New Process Name:	C:\metasploit\postgresql\bin\postgres.exe
	Token Elevation Type:	TokenElevationTypeDefault (1)
	Creator Process ID:	0x698
	Process Command Line:	

Token Elevation Type indicates the type of token that was assigned to the new process in accordance with User Account Control policy.

Type 1 is a full token with no privileges removed or groups disabled.  A full token is only used if User Account Control is disabled or if the user is the built-in Administrator account or a service account.

Type 2 is an elevated token with no privileges removed or groups disabled.  An elevated token is used when User Account Control is enabled and the user chooses to start the program using Run as administrator.  An elevated token is also used when an application is configured to always require administrative privilege or to always require maximum privilege, and the user is a member of the Administrators group.

Type 3 is a limited token with administrative privileges removed and administrative groups disabled.  The limited token is used when User Account Control is enabled, the application does not require administrative privilege, and the user does not choose to start the program using Run as administrator.","1480361350.000",14,28,29,november,10,monday,2016,local,,"IP-C6137C2D",main,33,"//_::_\r=\r=___.\r=\r=\r=\r=-...\r=_\r=\r=\r=_\r=_____.\r\r\r\r:\r","WinEventLog:Security","WinEventLog:Security",PersonalSplunk,,23,0
CORP,,"IP-C6137C2D$",,,,,,,"IP-C6137C2D.corp.amazonworkspaces.com",0x698,,,4688,0,,,,,,,"Audit Success",Security,,,,0x3e7,,,"A new process has been created.

Subject:
	Security ID:		S-1-5-18
	Account Name:		IP-C6137C2D$
	Account Domain:		CORP
	Logon ID:		0x3e7

Process Information:
	New Process ID:		0x350
	New Process Name:	C:\metasploit\postgresql\bin\postgres.exe
	Token Elevation Type:	TokenElevationTypeDefault (1)
	Creator Process ID:	0x698
	Process Command Line:	

Token Elevation Type indicates the type of token that was assigned to the new process in accordance with User Account Control policy.

Type 1 is a full token with no privileges removed or groups disabled.  A full token is only used if User Account Control is disabled or if the user is the built-in Administrator account or a service account.

Type 2 is an elevated token with no privileges removed or groups disabled.  An elevated token is used when User Account Control is enabled and the user chooses to start the program using Run as administrator.  An elevated token is also used when an application is configured to always require administrative privilege or to always require maximum privilege, and the user is a member of the Administrators group.

Type 3 is a limited token with administrative privileges removed and administrative groups disabled.  The limited token is used when User Account Control is enabled, the application does not require administrative privilege, and the user does not choose to start the program using Run as administrator.",,0x350,"C:\metasploit\postgresql\bin\postgres.exe",,,Info,,,,,,,,,,131923,,,,"S-1-5-18",,,"Microsoft Windows security auditing.",,,,,,"IP-C6137C2D$",,"Process Creation","TokenElevationTypeDefault (1)",,Information,,,,,,"11/28/2016 02:28:40 PM
LogName=Security
SourceName=Microsoft Windows security auditing.
EventCode=4688
EventType=0
Type=Information
ComputerName=IP-C6137C2D.corp.amazonworkspaces.com
TaskCategory=Process Creation
OpCode=Info
RecordNumber=131923
Keywords=Audit Success
Message=A new process has been created.

Subject:
	Security ID:		S-1-5-18
	Account Name:		IP-C6137C2D$
	Account Domain:		CORP
	Logon ID:		0x3e7

Process Information:
	New Process ID:		0x350
	New Process Name:	C:\metasploit\postgresql\bin\postgres.exe
	Token Elevation Type:	TokenElevationTypeDefault (1)
	Creator Process ID:	0x698
	Process Command Line:	

Token Elevation Type indicates the type of token that was assigned to the new process in accordance with User Account Control policy.

Type 1 is a full token with no privileges removed or groups disabled.  A full token is only used if User Account Control is disabled or if the user is the built-in Administrator account or a service account.

Type 2 is an elevated token with no privileges removed or groups disabled.  An elevated token is used when User Account Control is enabled and the user chooses to start the program using Run as administrator.  An elevated token is also used when an application is configured to always require administrative privilege or to always require maximum privilege, and the user is a member of the Administrators group.

Type 3 is a limited token with administrative privileges removed and administrative groups disabled.  The limited token is used when User Account Control is enabled, the application does not require administrative privilege, and the user does not choose to start the program using Run as administrator.","1480361320.000",14,28,28,november,40,monday,2016,local,,"IP-C6137C2D",main,33,"//_::_\r=\r=___.\r=\r=\r=\r=-...\r=_\r=\r=\r=_\r=_____.\r\r\r\r:\r","WinEventLog:Security","WinEventLog:Security",PersonalSplunk,,23,0
