CORP,,"IP-C6137C2D$",,,,,,,"IP-C6137C2D.corp.amazonworkspaces.com",0x698,,,4688,0,,,,,,,"Audit Success",Security,,,,0x3e7,,,"A new process has been created.

Subject:
	Security ID:		S-1-5-18
	Account Name:		IP-C6137C2D$
	Account Domain:		CORP
	Logon ID:		0x3e7

Process Information:
	New Process ID:		0x1084
	New Process Name:	C:\metasploit\postgresql\bin\postgres.exe
	Token Elevation Type:	TokenElevationTypeDefault (1)
	Creator Process ID:	0x698
	Process Command Line:	

Token Elevation Type indicates the type of token that was assigned to the new process in accordance with User Account Control policy.

Type 1 is a full token with no privileges removed or groups disabled.  A full token is only used if User Account Control is disabled or if the user is the built-in Administrator account or a service account.

Type 2 is an elevated token with no privileges removed or groups disabled.  An elevated token is used when User Account Control is enabled and the user chooses to start the program using Run as administrator.  An elevated token is also used when an application is configured to always require administrative privilege or to always require maximum privilege, and the user is a member of the Administrators group.

Type 3 is a limited token with administrative privileges removed and administrative groups disabled.  The limited token is used when User Account Control is enabled, the application does not require administrative privilege, and the user does not choose to start the program using Run as administrator.",,0x1084,"C:\metasploit\postgresql\bin\postgres.exe",,,Info,,,,,,,,,,131860,,,,"S-1-5-18",,,"Microsoft Windows security auditing.",,,,,,"IP-C6137C2D$",,"Process Creation","TokenElevationTypeDefault (1)",,Information,,,,,,"11/28/2016 02:26:10 PM
LogName=Security
SourceName=Microsoft Windows security auditing.
EventCode=4688
EventType=0
Type=Information
ComputerName=IP-C6137C2D.corp.amazonworkspaces.com
TaskCategory=Process Creation
OpCode=Info
RecordNumber=131860
Keywords=Audit Success
Message=A new process has been created.

Subject:
	Security ID:		S-1-5-18
	Account Name:		IP-C6137C2D$
	Account Domain:		CORP
	Logon ID:		0x3e7

Process Information:
	New Process ID:		0x1084
	New Process Name:	C:\metasploit\postgresql\bin\postgres.exe
	Token Elevation Type:	TokenElevationTypeDefault (1)
	Creator Process ID:	0x698
	Process Command Line:	

Token Elevation Type indicates the type of token that was assigned to the new process in accordance with User Account Control policy.

Type 1 is a full token with no privileges removed or groups disabled.  A full token is only used if User Account Control is disabled or if the user is the built-in Administrator account or a service account.

Type 2 is an elevated token with no privileges removed or groups disabled.  An elevated token is used when User Account Control is enabled and the user chooses to start the program using Run as administrator.  An elevated token is also used when an application is configured to always require administrative privilege or to always require maximum privilege, and the user is a member of the Administrators group.

Type 3 is a limited token with administrative privileges removed and administrative groups disabled.  The limited token is used when User Account Control is enabled, the application does not require administrative privilege, and the user does not choose to start the program using Run as administrator.","1480361170.000",14,28,26,november,10,monday,2016,local,,"IP-C6137C2D",main,33,"//_::_\r=\r=___.\r=\r=\r=\r=-...\r=_\r=\r=\r=_\r=_____.\r\r\r\r:\r","WinEventLog:Security","WinEventLog:Security",PersonalSplunk,,23,0
CORP,,"IP-C6137C2D$",,,,,,,"IP-C6137C2D.corp.amazonworkspaces.com",0x698,,,4688,0,,,,,,,"Audit Success",Security,,,,0x3e7,,,"A new process has been created.

Subject:
	Security ID:		S-1-5-18
	Account Name:		IP-C6137C2D$
	Account Domain:		CORP
	Logon ID:		0x3e7

Process Information:
	New Process ID:		0xfb8
	New Process Name:	C:\metasploit\postgresql\bin\postgres.exe
	Token Elevation Type:	TokenElevationTypeDefault (1)
	Creator Process ID:	0x698
	Process Command Line:	

Token Elevation Type indicates the type of token that was assigned to the new process in accordance with User Account Control policy.

Type 1 is a full token with no privileges removed or groups disabled.  A full token is only used if User Account Control is disabled or if the user is the built-in Administrator account or a service account.

Type 2 is an elevated token with no privileges removed or groups disabled.  An elevated token is used when User Account Control is enabled and the user chooses to start the program using Run as administrator.  An elevated token is also used when an application is configured to always require administrative privilege or to always require maximum privilege, and the user is a member of the Administrators group.

Type 3 is a limited token with administrative privileges removed and administrative groups disabled.  The limited token is used when User Account Control is enabled, the application does not require administrative privilege, and the user does not choose to start the program using Run as administrator.",,0xfb8,"C:\metasploit\postgresql\bin\postgres.exe",,,Info,,,,,,,,,,131859,,,,"S-1-5-18",,,"Microsoft Windows security auditing.",,,,,,"IP-C6137C2D$",,"Process Creation","TokenElevationTypeDefault (1)",,Information,,,,,,"11/28/2016 02:25:40 PM
LogName=Security
SourceName=Microsoft Windows security auditing.
EventCode=4688
EventType=0
Type=Information
ComputerName=IP-C6137C2D.corp.amazonworkspaces.com
TaskCategory=Process Creation
OpCode=Info
RecordNumber=131859
Keywords=Audit Success
Message=A new process has been created.

Subject:
	Security ID:		S-1-5-18
	Account Name:		IP-C6137C2D$
	Account Domain:		CORP
	Logon ID:		0x3e7

Process Information:
	New Process ID:		0xfb8
	New Process Name:	C:\metasploit\postgresql\bin\postgres.exe
	Token Elevation Type:	TokenElevationTypeDefault (1)
	Creator Process ID:	0x698
	Process Command Line:	

Token Elevation Type indicates the type of token that was assigned to the new process in accordance with User Account Control policy.

Type 1 is a full token with no privileges removed or groups disabled.  A full token is only used if User Account Control is disabled or if the user is the built-in Administrator account or a service account.

Type 2 is an elevated token with no privileges removed or groups disabled.  An elevated token is used when User Account Control is enabled and the user chooses to start the program using Run as administrator.  An elevated token is also used when an application is configured to always require administrative privilege or to always require maximum privilege, and the user is a member of the Administrators group.

Type 3 is a limited token with administrative privileges removed and administrative groups disabled.  The limited token is used when User Account Control is enabled, the application does not require administrative privilege, and the user does not choose to start the program using Run as administrator.","1480361140.000",14,28,25,november,40,monday,2016,local,,"IP-C6137C2D",main,33,"//_::_\r=\r=___.\r=\r=\r=\r=-...\r=_\r=\r=\r=_\r=_____.\r\r\r\r:\r","WinEventLog:Security","WinEventLog:Security",PersonalSplunk,,23,0
CORP,,"IP-C6137C2D$",,,,,,,"IP-C6137C2D.corp.amazonworkspaces.com",0x133c,,,4688,0,,,,,,,"Audit Success",Security,,,,0x3e7,,,"A new process has been created.

Subject:
	Security ID:		S-1-5-18
	Account Name:		IP-C6137C2D$
	Account Domain:		CORP
	Logon ID:		0x3e7

Process Information:
	New Process ID:		0xc9c
	New Process Name:	C:\Program Files\Splunk\bin\splunk-winprintmon.exe
	Token Elevation Type:	TokenElevationTypeDefault (1)
	Creator Process ID:	0x133c
	Process Command Line:	

Token Elevation Type indicates the type of token that was assigned to the new process in accordance with User Account Control policy.

Type 1 is a full token with no privileges removed or groups disabled.  A full token is only used if User Account Control is disabled or if the user is the built-in Administrator account or a service account.

Type 2 is an elevated token with no privileges removed or groups disabled.  An elevated token is used when User Account Control is enabled and the user chooses to start the program using Run as administrator.  An elevated token is also used when an application is configured to always require administrative privilege or to always require maximum privilege, and the user is a member of the Administrators group.

Type 3 is a limited token with administrative privileges removed and administrative groups disabled.  The limited token is used when User Account Control is enabled, the application does not require administrative privilege, and the user does not choose to start the program using Run as administrator.",,0xc9c,"C:\Program Files\Splunk\bin\splunk-winprintmon.exe",,,Info,,,,,,,,,,131858,,,,"S-1-5-18",,,"Microsoft Windows security auditing.",,,,,,"IP-C6137C2D$",,"Process Creation","TokenElevationTypeDefault (1)",,Information,,,,,,"11/28/2016 02:25:30 PM
LogName=Security
SourceName=Microsoft Windows security auditing.
EventCode=4688
EventType=0
Type=Information
ComputerName=IP-C6137C2D.corp.amazonworkspaces.com
TaskCategory=Process Creation
OpCode=Info
RecordNumber=131858
Keywords=Audit Success
Message=A new process has been created.

Subject:
	Security ID:		S-1-5-18
	Account Name:		IP-C6137C2D$
	Account Domain:		CORP
	Logon ID:		0x3e7

Process Information:
	New Process ID:		0xc9c
	New Process Name:	C:\Program Files\Splunk\bin\splunk-winprintmon.exe
	Token Elevation Type:	TokenElevationTypeDefault (1)
	Creator Process ID:	0x133c
	Process Command Line:	

Token Elevation Type indicates the type of token that was assigned to the new process in accordance with User Account Control policy.

Type 1 is a full token with no privileges removed or groups disabled.  A full token is only used if User Account Control is disabled or if the user is the built-in Administrator account or a service account.

Type 2 is an elevated token with no privileges removed or groups disabled.  An elevated token is used when User Account Control is enabled and the user chooses to start the program using Run as administrator.  An elevated token is also used when an application is configured to always require administrative privilege or to always require maximum privilege, and the user is a member of the Administrators group.

Type 3 is a limited token with administrative privileges removed and administrative groups disabled.  The limited token is used when User Account Control is enabled, the application does not require administrative privilege, and the user does not choose to start the program using Run as administrator.","1480361130.000",14,28,25,november,30,monday,2016,local,,"IP-C6137C2D",main,33,"//_::_\r=\r=___.\r=\r=\r=\r=-...\r=_\r=\r=\r=_\r=_____.\r\r\r\r:\r","WinEventLog:Security","WinEventLog:Security",PersonalSplunk,,23,0
CORP,,"IP-C6137C2D$",,,,,,,"IP-C6137C2D.corp.amazonworkspaces.com",0x133c,,,4688,0,,,,,,,"Audit Success",Security,,,,0x3e7,,,"A new process has been created.

Subject:
	Security ID:		S-1-5-18
	Account Name:		IP-C6137C2D$
	Account Domain:		CORP
	Logon ID:		0x3e7

Process Information:
	New Process ID:		0x1960
	New Process Name:	C:\Program Files\Splunk\bin\splunk-regmon.exe
	Token Elevation Type:	TokenElevationTypeDefault (1)
	Creator Process ID:	0x133c
	Process Command Line:	

Token Elevation Type indicates the type of token that was assigned to the new process in accordance with User Account Control policy.

Type 1 is a full token with no privileges removed or groups disabled.  A full token is only used if User Account Control is disabled or if the user is the built-in Administrator account or a service account.

Type 2 is an elevated token with no privileges removed or groups disabled.  An elevated token is used when User Account Control is enabled and the user chooses to start the program using Run as administrator.  An elevated token is also used when an application is configured to always require administrative privilege or to always require maximum privilege, and the user is a member of the Administrators group.

Type 3 is a limited token with administrative privileges removed and administrative groups disabled.  The limited token is used when User Account Control is enabled, the application does not require administrative privilege, and the user does not choose to start the program using Run as administrator.",,0x1960,"C:\Program Files\Splunk\bin\splunk-regmon.exe",,,Info,,,,,,,,,,131857,,,,"S-1-5-18",,,"Microsoft Windows security auditing.",,,,,,"IP-C6137C2D$",,"Process Creation","TokenElevationTypeDefault (1)",,Information,,,,,,"11/28/2016 02:25:28 PM
LogName=Security
SourceName=Microsoft Windows security auditing.
EventCode=4688
EventType=0
Type=Information
ComputerName=IP-C6137C2D.corp.amazonworkspaces.com
TaskCategory=Process Creation
OpCode=Info
RecordNumber=131857
Keywords=Audit Success
Message=A new process has been created.

Subject:
	Security ID:		S-1-5-18
	Account Name:		IP-C6137C2D$
	Account Domain:		CORP
	Logon ID:		0x3e7

Process Information:
	New Process ID:		0x1960
	New Process Name:	C:\Program Files\Splunk\bin\splunk-regmon.exe
	Token Elevation Type:	TokenElevationTypeDefault (1)
	Creator Process ID:	0x133c
	Process Command Line:	

Token Elevation Type indicates the type of token that was assigned to the new process in accordance with User Account Control policy.

Type 1 is a full token with no privileges removed or groups disabled.  A full token is only used if User Account Control is disabled or if the user is the built-in Administrator account or a service account.

Type 2 is an elevated token with no privileges removed or groups disabled.  An elevated token is used when User Account Control is enabled and the user chooses to start the program using Run as administrator.  An elevated token is also used when an application is configured to always require administrative privilege or to always require maximum privilege, and the user is a member of the Administrators group.

Type 3 is a limited token with administrative privileges removed and administrative groups disabled.  The limited token is used when User Account Control is enabled, the application does not require administrative privilege, and the user does not choose to start the program using Run as administrator.","1480361128.000",14,28,25,november,28,monday,2016,local,,"IP-C6137C2D",main,33,"//_::_\r=\r=___.\r=\r=\r=\r=-...\r=_\r=\r=\r=_\r=_____.\r\r\r\r:\r","WinEventLog:Security","WinEventLog:Security",PersonalSplunk,,23,0
CORP,,"IP-C6137C2D$",,,,,,,"IP-C6137C2D.corp.amazonworkspaces.com",0x133c,,,4688,0,,,,,,,"Audit Success",Security,,,,0x3e7,,,"A new process has been created.

Subject:
	Security ID:		S-1-5-18
	Account Name:		IP-C6137C2D$
	Account Domain:		CORP
	Logon ID:		0x3e7

Process Information:
	New Process ID:		0x1628
	New Process Name:	C:\Program Files\Splunk\bin\splunk-powershell.exe
	Token Elevation Type:	TokenElevationTypeDefault (1)
	Creator Process ID:	0x133c
	Process Command Line:	

Token Elevation Type indicates the type of token that was assigned to the new process in accordance with User Account Control policy.

Type 1 is a full token with no privileges removed or groups disabled.  A full token is only used if User Account Control is disabled or if the user is the built-in Administrator account or a service account.

Type 2 is an elevated token with no privileges removed or groups disabled.  An elevated token is used when User Account Control is enabled and the user chooses to start the program using Run as administrator.  An elevated token is also used when an application is configured to always require administrative privilege or to always require maximum privilege, and the user is a member of the Administrators group.

Type 3 is a limited token with administrative privileges removed and administrative groups disabled.  The limited token is used when User Account Control is enabled, the application does not require administrative privilege, and the user does not choose to start the program using Run as administrator.",,0x1628,"C:\Program Files\Splunk\bin\splunk-powershell.exe",,,Info,,,,,,,,,,131856,,,,"S-1-5-18",,,"Microsoft Windows security auditing.",,,,,,"IP-C6137C2D$",,"Process Creation","TokenElevationTypeDefault (1)",,Information,,,,,,"11/28/2016 02:25:28 PM
LogName=Security
SourceName=Microsoft Windows security auditing.
EventCode=4688
EventType=0
Type=Information
ComputerName=IP-C6137C2D.corp.amazonworkspaces.com
TaskCategory=Process Creation
OpCode=Info
RecordNumber=131856
Keywords=Audit Success
Message=A new process has been created.

Subject:
	Security ID:		S-1-5-18
	Account Name:		IP-C6137C2D$
	Account Domain:		CORP
	Logon ID:		0x3e7

Process Information:
	New Process ID:		0x1628
	New Process Name:	C:\Program Files\Splunk\bin\splunk-powershell.exe
	Token Elevation Type:	TokenElevationTypeDefault (1)
	Creator Process ID:	0x133c
	Process Command Line:	

Token Elevation Type indicates the type of token that was assigned to the new process in accordance with User Account Control policy.

Type 1 is a full token with no privileges removed or groups disabled.  A full token is only used if User Account Control is disabled or if the user is the built-in Administrator account or a service account.

Type 2 is an elevated token with no privileges removed or groups disabled.  An elevated token is used when User Account Control is enabled and the user chooses to start the program using Run as administrator.  An elevated token is also used when an application is configured to always require administrative privilege or to always require maximum privilege, and the user is a member of the Administrators group.

Type 3 is a limited token with administrative privileges removed and administrative groups disabled.  The limited token is used when User Account Control is enabled, the application does not require administrative privilege, and the user does not choose to start the program using Run as administrator.","1480361128.000",14,28,25,november,28,monday,2016,local,,"IP-C6137C2D",main,33,"//_::_\r=\r=___.\r=\r=\r=\r=-...\r=_\r=\r=\r=_\r=_____.\r\r\r\r:\r","WinEventLog:Security","WinEventLog:Security",PersonalSplunk,,23,0
CORP,,"IP-C6137C2D$",,,,,,,"IP-C6137C2D.corp.amazonworkspaces.com",0x133c,,,4688,0,,,,,,,"Audit Success",Security,,,,0x3e7,,,"A new process has been created.

Subject:
	Security ID:		S-1-5-18
	Account Name:		IP-C6137C2D$
	Account Domain:		CORP
	Logon ID:		0x3e7

Process Information:
	New Process ID:		0x19dc
	New Process Name:	C:\Program Files\Splunk\bin\splunk-powershell.exe
	Token Elevation Type:	TokenElevationTypeDefault (1)
	Creator Process ID:	0x133c
	Process Command Line:	

Token Elevation Type indicates the type of token that was assigned to the new process in accordance with User Account Control policy.

Type 1 is a full token with no privileges removed or groups disabled.  A full token is only used if User Account Control is disabled or if the user is the built-in Administrator account or a service account.

Type 2 is an elevated token with no privileges removed or groups disabled.  An elevated token is used when User Account Control is enabled and the user chooses to start the program using Run as administrator.  An elevated token is also used when an application is configured to always require administrative privilege or to always require maximum privilege, and the user is a member of the Administrators group.

Type 3 is a limited token with administrative privileges removed and administrative groups disabled.  The limited token is used when User Account Control is enabled, the application does not require administrative privilege, and the user does not choose to start the program using Run as administrator.",,0x19dc,"C:\Program Files\Splunk\bin\splunk-powershell.exe",,,Info,,,,,,,,,,131855,,,,"S-1-5-18",,,"Microsoft Windows security auditing.",,,,,,"IP-C6137C2D$",,"Process Creation","TokenElevationTypeDefault (1)",,Information,,,,,,"11/28/2016 02:25:27 PM
LogName=Security
SourceName=Microsoft Windows security auditing.
EventCode=4688
EventType=0
Type=Information
ComputerName=IP-C6137C2D.corp.amazonworkspaces.com
TaskCategory=Process Creation
OpCode=Info
RecordNumber=131855
Keywords=Audit Success
Message=A new process has been created.

Subject:
	Security ID:		S-1-5-18
	Account Name:		IP-C6137C2D$
	Account Domain:		CORP
	Logon ID:		0x3e7

Process Information:
	New Process ID:		0x19dc
	New Process Name:	C:\Program Files\Splunk\bin\splunk-powershell.exe
	Token Elevation Type:	TokenElevationTypeDefault (1)
	Creator Process ID:	0x133c
	Process Command Line:	

Token Elevation Type indicates the type of token that was assigned to the new process in accordance with User Account Control policy.

Type 1 is a full token with no privileges removed or groups disabled.  A full token is only used if User Account Control is disabled or if the user is the built-in Administrator account or a service account.

Type 2 is an elevated token with no privileges removed or groups disabled.  An elevated token is used when User Account Control is enabled and the user chooses to start the program using Run as administrator.  An elevated token is also used when an application is configured to always require administrative privilege or to always require maximum privilege, and the user is a member of the Administrators group.

Type 3 is a limited token with administrative privileges removed and administrative groups disabled.  The limited token is used when User Account Control is enabled, the application does not require administrative privilege, and the user does not choose to start the program using Run as administrator.","1480361127.000",14,28,25,november,27,monday,2016,local,,"IP-C6137C2D",main,33,"//_::_\r=\r=___.\r=\r=\r=\r=-...\r=_\r=\r=\r=_\r=_____.\r\r\r\r:\r","WinEventLog:Security","WinEventLog:Security",PersonalSplunk,,23,0
CORP,,"IP-C6137C2D$",,,,,,,"IP-C6137C2D.corp.amazonworkspaces.com",0x133c,,,4688,0,,,,,,,"Audit Success",Security,,,,0x3e7,,,"A new process has been created.

Subject:
	Security ID:		S-1-5-18
	Account Name:		IP-C6137C2D$
	Account Domain:		CORP
	Logon ID:		0x3e7

Process Information:
	New Process ID:		0xfd0
	New Process Name:	C:\Program Files\Splunk\bin\splunk-netmon.exe
	Token Elevation Type:	TokenElevationTypeDefault (1)
	Creator Process ID:	0x133c
	Process Command Line:	

Token Elevation Type indicates the type of token that was assigned to the new process in accordance with User Account Control policy.

Type 1 is a full token with no privileges removed or groups disabled.  A full token is only used if User Account Control is disabled or if the user is the built-in Administrator account or a service account.

Type 2 is an elevated token with no privileges removed or groups disabled.  An elevated token is used when User Account Control is enabled and the user chooses to start the program using Run as administrator.  An elevated token is also used when an application is configured to always require administrative privilege or to always require maximum privilege, and the user is a member of the Administrators group.

Type 3 is a limited token with administrative privileges removed and administrative groups disabled.  The limited token is used when User Account Control is enabled, the application does not require administrative privilege, and the user does not choose to start the program using Run as administrator.",,0xfd0,"C:\Program Files\Splunk\bin\splunk-netmon.exe",,,Info,,,,,,,,,,131854,,,,"S-1-5-18",,,"Microsoft Windows security auditing.",,,,,,"IP-C6137C2D$",,"Process Creation","TokenElevationTypeDefault (1)",,Information,,,,,,"11/28/2016 02:25:26 PM
LogName=Security
SourceName=Microsoft Windows security auditing.
EventCode=4688
EventType=0
Type=Information
ComputerName=IP-C6137C2D.corp.amazonworkspaces.com
TaskCategory=Process Creation
OpCode=Info
RecordNumber=131854
Keywords=Audit Success
Message=A new process has been created.

Subject:
	Security ID:		S-1-5-18
	Account Name:		IP-C6137C2D$
	Account Domain:		CORP
	Logon ID:		0x3e7

Process Information:
	New Process ID:		0xfd0
	New Process Name:	C:\Program Files\Splunk\bin\splunk-netmon.exe
	Token Elevation Type:	TokenElevationTypeDefault (1)
	Creator Process ID:	0x133c
	Process Command Line:	

Token Elevation Type indicates the type of token that was assigned to the new process in accordance with User Account Control policy.

Type 1 is a full token with no privileges removed or groups disabled.  A full token is only used if User Account Control is disabled or if the user is the built-in Administrator account or a service account.

Type 2 is an elevated token with no privileges removed or groups disabled.  An elevated token is used when User Account Control is enabled and the user chooses to start the program using Run as administrator.  An elevated token is also used when an application is configured to always require administrative privilege or to always require maximum privilege, and the user is a member of the Administrators group.

Type 3 is a limited token with administrative privileges removed and administrative groups disabled.  The limited token is used when User Account Control is enabled, the application does not require administrative privilege, and the user does not choose to start the program using Run as administrator.","1480361126.000",14,28,25,november,26,monday,2016,local,,"IP-C6137C2D",main,33,"//_::_\r=\r=___.\r=\r=\r=\r=-...\r=_\r=\r=\r=_\r=_____.\r\r\r\r:\r","WinEventLog:Security","WinEventLog:Security",PersonalSplunk,,23,0
CORP,,"IP-C6137C2D$",,,,,,,"IP-C6137C2D.corp.amazonworkspaces.com",0x133c,,,4688,0,,,,,,,"Audit Success",Security,,,,0x3e7,,,"A new process has been created.

Subject:
	Security ID:		S-1-5-18
	Account Name:		IP-C6137C2D$
	Account Domain:		CORP
	Logon ID:		0x3e7

Process Information:
	New Process ID:		0x250
	New Process Name:	C:\Program Files\Splunk\bin\splunk-admon.exe
	Token Elevation Type:	TokenElevationTypeDefault (1)
	Creator Process ID:	0x133c
	Process Command Line:	

Token Elevation Type indicates the type of token that was assigned to the new process in accordance with User Account Control policy.

Type 1 is a full token with no privileges removed or groups disabled.  A full token is only used if User Account Control is disabled or if the user is the built-in Administrator account or a service account.

Type 2 is an elevated token with no privileges removed or groups disabled.  An elevated token is used when User Account Control is enabled and the user chooses to start the program using Run as administrator.  An elevated token is also used when an application is configured to always require administrative privilege or to always require maximum privilege, and the user is a member of the Administrators group.

Type 3 is a limited token with administrative privileges removed and administrative groups disabled.  The limited token is used when User Account Control is enabled, the application does not require administrative privilege, and the user does not choose to start the program using Run as administrator.",,0x250,"C:\Program Files\Splunk\bin\splunk-admon.exe",,,Info,,,,,,,,,,131853,,,,"S-1-5-18",,,"Microsoft Windows security auditing.",,,,,,"IP-C6137C2D$",,"Process Creation","TokenElevationTypeDefault (1)",,Information,,,,,,"11/28/2016 02:25:25 PM
LogName=Security
SourceName=Microsoft Windows security auditing.
EventCode=4688
EventType=0
Type=Information
ComputerName=IP-C6137C2D.corp.amazonworkspaces.com
TaskCategory=Process Creation
OpCode=Info
RecordNumber=131853
Keywords=Audit Success
Message=A new process has been created.

Subject:
	Security ID:		S-1-5-18
	Account Name:		IP-C6137C2D$
	Account Domain:		CORP
	Logon ID:		0x3e7

Process Information:
	New Process ID:		0x250
	New Process Name:	C:\Program Files\Splunk\bin\splunk-admon.exe
	Token Elevation Type:	TokenElevationTypeDefault (1)
	Creator Process ID:	0x133c
	Process Command Line:	

Token Elevation Type indicates the type of token that was assigned to the new process in accordance with User Account Control policy.

Type 1 is a full token with no privileges removed or groups disabled.  A full token is only used if User Account Control is disabled or if the user is the built-in Administrator account or a service account.

Type 2 is an elevated token with no privileges removed or groups disabled.  An elevated token is used when User Account Control is enabled and the user chooses to start the program using Run as administrator.  An elevated token is also used when an application is configured to always require administrative privilege or to always require maximum privilege, and the user is a member of the Administrators group.

Type 3 is a limited token with administrative privileges removed and administrative groups disabled.  The limited token is used when User Account Control is enabled, the application does not require administrative privilege, and the user does not choose to start the program using Run as administrator.","1480361125.000",14,28,25,november,25,monday,2016,local,,"IP-C6137C2D",main,33,"//_::_\r=\r=___.\r=\r=\r=\r=-...\r=_\r=\r=\r=_\r=_____.\r\r\r\r:\r","WinEventLog:Security","WinEventLog:Security",PersonalSplunk,,23,0
CORP,,"IP-C6137C2D$",,,,,,,"IP-C6137C2D.corp.amazonworkspaces.com",0x133c,,,4688,0,,,,,,,"Audit Success",Security,,,,0x3e7,,,"A new process has been created.

Subject:
	Security ID:		S-1-5-18
	Account Name:		IP-C6137C2D$
	Account Domain:		CORP
	Logon ID:		0x3e7

Process Information:
	New Process ID:		0x192c
	New Process Name:	C:\Program Files\Splunk\bin\splunk-MonitorNoHandle.exe
	Token Elevation Type:	TokenElevationTypeDefault (1)
	Creator Process ID:	0x133c
	Process Command Line:	

Token Elevation Type indicates the type of token that was assigned to the new process in accordance with User Account Control policy.

Type 1 is a full token with no privileges removed or groups disabled.  A full token is only used if User Account Control is disabled or if the user is the built-in Administrator account or a service account.

Type 2 is an elevated token with no privileges removed or groups disabled.  An elevated token is used when User Account Control is enabled and the user chooses to start the program using Run as administrator.  An elevated token is also used when an application is configured to always require administrative privilege or to always require maximum privilege, and the user is a member of the Administrators group.

Type 3 is a limited token with administrative privileges removed and administrative groups disabled.  The limited token is used when User Account Control is enabled, the application does not require administrative privilege, and the user does not choose to start the program using Run as administrator.",,0x192c,"C:\Program Files\Splunk\bin\splunk-MonitorNoHandle.exe",,,Info,,,,,,,,,,131852,,,,"S-1-5-18",,,"Microsoft Windows security auditing.",,,,,,"IP-C6137C2D$",,"Process Creation","TokenElevationTypeDefault (1)",,Information,,,,,,"11/28/2016 02:25:24 PM
LogName=Security
SourceName=Microsoft Windows security auditing.
EventCode=4688
EventType=0
Type=Information
ComputerName=IP-C6137C2D.corp.amazonworkspaces.com
TaskCategory=Process Creation
OpCode=Info
RecordNumber=131852
Keywords=Audit Success
Message=A new process has been created.

Subject:
	Security ID:		S-1-5-18
	Account Name:		IP-C6137C2D$
	Account Domain:		CORP
	Logon ID:		0x3e7

Process Information:
	New Process ID:		0x192c
	New Process Name:	C:\Program Files\Splunk\bin\splunk-MonitorNoHandle.exe
	Token Elevation Type:	TokenElevationTypeDefault (1)
	Creator Process ID:	0x133c
	Process Command Line:	

Token Elevation Type indicates the type of token that was assigned to the new process in accordance with User Account Control policy.

Type 1 is a full token with no privileges removed or groups disabled.  A full token is only used if User Account Control is disabled or if the user is the built-in Administrator account or a service account.

Type 2 is an elevated token with no privileges removed or groups disabled.  An elevated token is used when User Account Control is enabled and the user chooses to start the program using Run as administrator.  An elevated token is also used when an application is configured to always require administrative privilege or to always require maximum privilege, and the user is a member of the Administrators group.

Type 3 is a limited token with administrative privileges removed and administrative groups disabled.  The limited token is used when User Account Control is enabled, the application does not require administrative privilege, and the user does not choose to start the program using Run as administrator.","1480361124.000",14,28,25,november,24,monday,2016,local,,"IP-C6137C2D",main,33,"//_::_\r=\r=___.\r=\r=\r=\r=-...\r=_\r=\r=\r=_\r=_____.\r\r\r\r:\r","WinEventLog:Security","WinEventLog:Security",PersonalSplunk,,23,0
CORP,,"IP-C6137C2D$",,,,,,,"IP-C6137C2D.corp.amazonworkspaces.com",0x698,,,4688,0,,,,,,,"Audit Success",Security,,,,0x3e7,,,"A new process has been created.

Subject:
	Security ID:		S-1-5-18
	Account Name:		IP-C6137C2D$
	Account Domain:		CORP
	Logon ID:		0x3e7

Process Information:
	New Process ID:		0x16d0
	New Process Name:	C:\metasploit\postgresql\bin\postgres.exe
	Token Elevation Type:	TokenElevationTypeDefault (1)
	Creator Process ID:	0x698
	Process Command Line:	

Token Elevation Type indicates the type of token that was assigned to the new process in accordance with User Account Control policy.

Type 1 is a full token with no privileges removed or groups disabled.  A full token is only used if User Account Control is disabled or if the user is the built-in Administrator account or a service account.

Type 2 is an elevated token with no privileges removed or groups disabled.  An elevated token is used when User Account Control is enabled and the user chooses to start the program using Run as administrator.  An elevated token is also used when an application is configured to always require administrative privilege or to always require maximum privilege, and the user is a member of the Administrators group.

Type 3 is a limited token with administrative privileges removed and administrative groups disabled.  The limited token is used when User Account Control is enabled, the application does not require administrative privilege, and the user does not choose to start the program using Run as administrator.",,0x16d0,"C:\metasploit\postgresql\bin\postgres.exe",,,Info,,,,,,,,,,131851,,,,"S-1-5-18",,,"Microsoft Windows security auditing.",,,,,,"IP-C6137C2D$",,"Process Creation","TokenElevationTypeDefault (1)",,Information,,,,,,"11/28/2016 02:25:10 PM
LogName=Security
SourceName=Microsoft Windows security auditing.
EventCode=4688
EventType=0
Type=Information
ComputerName=IP-C6137C2D.corp.amazonworkspaces.com
TaskCategory=Process Creation
OpCode=Info
RecordNumber=131851
Keywords=Audit Success
Message=A new process has been created.

Subject:
	Security ID:		S-1-5-18
	Account Name:		IP-C6137C2D$
	Account Domain:		CORP
	Logon ID:		0x3e7

Process Information:
	New Process ID:		0x16d0
	New Process Name:	C:\metasploit\postgresql\bin\postgres.exe
	Token Elevation Type:	TokenElevationTypeDefault (1)
	Creator Process ID:	0x698
	Process Command Line:	

Token Elevation Type indicates the type of token that was assigned to the new process in accordance with User Account Control policy.

Type 1 is a full token with no privileges removed or groups disabled.  A full token is only used if User Account Control is disabled or if the user is the built-in Administrator account or a service account.

Type 2 is an elevated token with no privileges removed or groups disabled.  An elevated token is used when User Account Control is enabled and the user chooses to start the program using Run as administrator.  An elevated token is also used when an application is configured to always require administrative privilege or to always require maximum privilege, and the user is a member of the Administrators group.

Type 3 is a limited token with administrative privileges removed and administrative groups disabled.  The limited token is used when User Account Control is enabled, the application does not require administrative privilege, and the user does not choose to start the program using Run as administrator.","1480361110.000",14,28,25,november,10,monday,2016,local,,"IP-C6137C2D",main,33,"//_::_\r=\r=___.\r=\r=\r=\r=-...\r=_\r=\r=\r=_\r=_____.\r\r\r\r:\r","WinEventLog:Security","WinEventLog:Security",PersonalSplunk,,23,0
