CORP,,"IP-C6137C2D$",,,,,,,"IP-C6137C2D.corp.amazonworkspaces.com",0x698,,,4688,0,,,,,,,"Audit Success",Security,,,,0x3e7,,,"A new process has been created.

Subject:
	Security ID:		S-1-5-18
	Account Name:		IP-C6137C2D$
	Account Domain:		CORP
	Logon ID:		0x3e7

Process Information:
	New Process ID:		0x160c
	New Process Name:	C:\metasploit\postgresql\bin\postgres.exe
	Token Elevation Type:	TokenElevationTypeDefault (1)
	Creator Process ID:	0x698
	Process Command Line:	

Token Elevation Type indicates the type of token that was assigned to the new process in accordance with User Account Control policy.

Type 1 is a full token with no privileges removed or groups disabled.  A full token is only used if User Account Control is disabled or if the user is the built-in Administrator account or a service account.

Type 2 is an elevated token with no privileges removed or groups disabled.  An elevated token is used when User Account Control is enabled and the user chooses to start the program using Run as administrator.  An elevated token is also used when an application is configured to always require administrative privilege or to always require maximum privilege, and the user is a member of the Administrators group.

Type 3 is a limited token with administrative privileges removed and administrative groups disabled.  The limited token is used when User Account Control is enabled, the application does not require administrative privilege, and the user does not choose to start the program using Run as administrator.",,0x160c,"C:\metasploit\postgresql\bin\postgres.exe",,,Info,,,,,,,,,,131876,,,,"S-1-5-18",,,"Microsoft Windows security auditing.",,,,,,"IP-C6137C2D$",,"Process Creation","TokenElevationTypeDefault (1)",,Information,,,,,,"11/28/2016 02:26:40 PM
LogName=Security
SourceName=Microsoft Windows security auditing.
EventCode=4688
EventType=0
Type=Information
ComputerName=IP-C6137C2D.corp.amazonworkspaces.com
TaskCategory=Process Creation
OpCode=Info
RecordNumber=131876
Keywords=Audit Success
Message=A new process has been created.

Subject:
	Security ID:		S-1-5-18
	Account Name:		IP-C6137C2D$
	Account Domain:		CORP
	Logon ID:		0x3e7

Process Information:
	New Process ID:		0x160c
	New Process Name:	C:\metasploit\postgresql\bin\postgres.exe
	Token Elevation Type:	TokenElevationTypeDefault (1)
	Creator Process ID:	0x698
	Process Command Line:	

Token Elevation Type indicates the type of token that was assigned to the new process in accordance with User Account Control policy.

Type 1 is a full token with no privileges removed or groups disabled.  A full token is only used if User Account Control is disabled or if the user is the built-in Administrator account or a service account.

Type 2 is an elevated token with no privileges removed or groups disabled.  An elevated token is used when User Account Control is enabled and the user chooses to start the program using Run as administrator.  An elevated token is also used when an application is configured to always require administrative privilege or to always require maximum privilege, and the user is a member of the Administrators group.

Type 3 is a limited token with administrative privileges removed and administrative groups disabled.  The limited token is used when User Account Control is enabled, the application does not require administrative privilege, and the user does not choose to start the program using Run as administrator.","1480361200.000",14,28,26,november,40,monday,2016,local,,"IP-C6137C2D",main,33,"//_::_\r=\r=___.\r=\r=\r=\r=-...\r=_\r=\r=\r=_\r=_____.\r\r\r\r:\r","WinEventLog:Security","WinEventLog:Security",PersonalSplunk,,23,0
CORP,,"IP-C6137C2D$",,,,,,,"IP-C6137C2D.corp.amazonworkspaces.com",0x133c,,,4688,0,,,,,,,"Audit Success",Security,,,,0x3e7,,,"A new process has been created.

Subject:
	Security ID:		S-1-5-18
	Account Name:		IP-C6137C2D$
	Account Domain:		CORP
	Logon ID:		0x3e7

Process Information:
	New Process ID:		0x3c8
	New Process Name:	C:\Program Files\Splunk\bin\splunk-winprintmon.exe
	Token Elevation Type:	TokenElevationTypeDefault (1)
	Creator Process ID:	0x133c
	Process Command Line:	

Token Elevation Type indicates the type of token that was assigned to the new process in accordance with User Account Control policy.

Type 1 is a full token with no privileges removed or groups disabled.  A full token is only used if User Account Control is disabled or if the user is the built-in Administrator account or a service account.

Type 2 is an elevated token with no privileges removed or groups disabled.  An elevated token is used when User Account Control is enabled and the user chooses to start the program using Run as administrator.  An elevated token is also used when an application is configured to always require administrative privilege or to always require maximum privilege, and the user is a member of the Administrators group.

Type 3 is a limited token with administrative privileges removed and administrative groups disabled.  The limited token is used when User Account Control is enabled, the application does not require administrative privilege, and the user does not choose to start the program using Run as administrator.",,0x3c8,"C:\Program Files\Splunk\bin\splunk-winprintmon.exe",,,Info,,,,,,,,,,131875,,,,"S-1-5-18",,,"Microsoft Windows security auditing.",,,,,,"IP-C6137C2D$",,"Process Creation","TokenElevationTypeDefault (1)",,Information,,,,,,"11/28/2016 02:26:30 PM
LogName=Security
SourceName=Microsoft Windows security auditing.
EventCode=4688
EventType=0
Type=Information
ComputerName=IP-C6137C2D.corp.amazonworkspaces.com
TaskCategory=Process Creation
OpCode=Info
RecordNumber=131875
Keywords=Audit Success
Message=A new process has been created.

Subject:
	Security ID:		S-1-5-18
	Account Name:		IP-C6137C2D$
	Account Domain:		CORP
	Logon ID:		0x3e7

Process Information:
	New Process ID:		0x3c8
	New Process Name:	C:\Program Files\Splunk\bin\splunk-winprintmon.exe
	Token Elevation Type:	TokenElevationTypeDefault (1)
	Creator Process ID:	0x133c
	Process Command Line:	

Token Elevation Type indicates the type of token that was assigned to the new process in accordance with User Account Control policy.

Type 1 is a full token with no privileges removed or groups disabled.  A full token is only used if User Account Control is disabled or if the user is the built-in Administrator account or a service account.

Type 2 is an elevated token with no privileges removed or groups disabled.  An elevated token is used when User Account Control is enabled and the user chooses to start the program using Run as administrator.  An elevated token is also used when an application is configured to always require administrative privilege or to always require maximum privilege, and the user is a member of the Administrators group.

Type 3 is a limited token with administrative privileges removed and administrative groups disabled.  The limited token is used when User Account Control is enabled, the application does not require administrative privilege, and the user does not choose to start the program using Run as administrator.","1480361190.000",14,28,26,november,30,monday,2016,local,,"IP-C6137C2D",main,33,"//_::_\r=\r=___.\r=\r=\r=\r=-...\r=_\r=\r=\r=_\r=_____.\r\r\r\r:\r","WinEventLog:Security","WinEventLog:Security",PersonalSplunk,,23,0
CORP,,"IP-C6137C2D$",,,,,,,"IP-C6137C2D.corp.amazonworkspaces.com",0x133c,,,4688,0,,,,,,,"Audit Success",Security,,,,0x3e7,,,"A new process has been created.

Subject:
	Security ID:		S-1-5-18
	Account Name:		IP-C6137C2D$
	Account Domain:		CORP
	Logon ID:		0x3e7

Process Information:
	New Process ID:		0xc30
	New Process Name:	C:\Program Files\Splunk\bin\splunk-regmon.exe
	Token Elevation Type:	TokenElevationTypeDefault (1)
	Creator Process ID:	0x133c
	Process Command Line:	

Token Elevation Type indicates the type of token that was assigned to the new process in accordance with User Account Control policy.

Type 1 is a full token with no privileges removed or groups disabled.  A full token is only used if User Account Control is disabled or if the user is the built-in Administrator account or a service account.

Type 2 is an elevated token with no privileges removed or groups disabled.  An elevated token is used when User Account Control is enabled and the user chooses to start the program using Run as administrator.  An elevated token is also used when an application is configured to always require administrative privilege or to always require maximum privilege, and the user is a member of the Administrators group.

Type 3 is a limited token with administrative privileges removed and administrative groups disabled.  The limited token is used when User Account Control is enabled, the application does not require administrative privilege, and the user does not choose to start the program using Run as administrator.",,0xc30,"C:\Program Files\Splunk\bin\splunk-regmon.exe",,,Info,,,,,,,,,,131874,,,,"S-1-5-18",,,"Microsoft Windows security auditing.",,,,,,"IP-C6137C2D$",,"Process Creation","TokenElevationTypeDefault (1)",,Information,,,,,,"11/28/2016 02:26:28 PM
LogName=Security
SourceName=Microsoft Windows security auditing.
EventCode=4688
EventType=0
Type=Information
ComputerName=IP-C6137C2D.corp.amazonworkspaces.com
TaskCategory=Process Creation
OpCode=Info
RecordNumber=131874
Keywords=Audit Success
Message=A new process has been created.

Subject:
	Security ID:		S-1-5-18
	Account Name:		IP-C6137C2D$
	Account Domain:		CORP
	Logon ID:		0x3e7

Process Information:
	New Process ID:		0xc30
	New Process Name:	C:\Program Files\Splunk\bin\splunk-regmon.exe
	Token Elevation Type:	TokenElevationTypeDefault (1)
	Creator Process ID:	0x133c
	Process Command Line:	

Token Elevation Type indicates the type of token that was assigned to the new process in accordance with User Account Control policy.

Type 1 is a full token with no privileges removed or groups disabled.  A full token is only used if User Account Control is disabled or if the user is the built-in Administrator account or a service account.

Type 2 is an elevated token with no privileges removed or groups disabled.  An elevated token is used when User Account Control is enabled and the user chooses to start the program using Run as administrator.  An elevated token is also used when an application is configured to always require administrative privilege or to always require maximum privilege, and the user is a member of the Administrators group.

Type 3 is a limited token with administrative privileges removed and administrative groups disabled.  The limited token is used when User Account Control is enabled, the application does not require administrative privilege, and the user does not choose to start the program using Run as administrator.","1480361188.000",14,28,26,november,28,monday,2016,local,,"IP-C6137C2D",main,33,"//_::_\r=\r=___.\r=\r=\r=\r=-...\r=_\r=\r=\r=_\r=_____.\r\r\r\r:\r","WinEventLog:Security","WinEventLog:Security",PersonalSplunk,,23,0
CORP,,"IP-C6137C2D$",,,,,,,"IP-C6137C2D.corp.amazonworkspaces.com",0x133c,,,4688,0,,,,,,,"Audit Success",Security,,,,0x3e7,,,"A new process has been created.

Subject:
	Security ID:		S-1-5-18
	Account Name:		IP-C6137C2D$
	Account Domain:		CORP
	Logon ID:		0x3e7

Process Information:
	New Process ID:		0x1034
	New Process Name:	C:\Program Files\Splunk\bin\splunk-powershell.exe
	Token Elevation Type:	TokenElevationTypeDefault (1)
	Creator Process ID:	0x133c
	Process Command Line:	

Token Elevation Type indicates the type of token that was assigned to the new process in accordance with User Account Control policy.

Type 1 is a full token with no privileges removed or groups disabled.  A full token is only used if User Account Control is disabled or if the user is the built-in Administrator account or a service account.

Type 2 is an elevated token with no privileges removed or groups disabled.  An elevated token is used when User Account Control is enabled and the user chooses to start the program using Run as administrator.  An elevated token is also used when an application is configured to always require administrative privilege or to always require maximum privilege, and the user is a member of the Administrators group.

Type 3 is a limited token with administrative privileges removed and administrative groups disabled.  The limited token is used when User Account Control is enabled, the application does not require administrative privilege, and the user does not choose to start the program using Run as administrator.",,0x1034,"C:\Program Files\Splunk\bin\splunk-powershell.exe",,,Info,,,,,,,,,,131873,,,,"S-1-5-18",,,"Microsoft Windows security auditing.",,,,,,"IP-C6137C2D$",,"Process Creation","TokenElevationTypeDefault (1)",,Information,,,,,,"11/28/2016 02:26:28 PM
LogName=Security
SourceName=Microsoft Windows security auditing.
EventCode=4688
EventType=0
Type=Information
ComputerName=IP-C6137C2D.corp.amazonworkspaces.com
TaskCategory=Process Creation
OpCode=Info
RecordNumber=131873
Keywords=Audit Success
Message=A new process has been created.

Subject:
	Security ID:		S-1-5-18
	Account Name:		IP-C6137C2D$
	Account Domain:		CORP
	Logon ID:		0x3e7

Process Information:
	New Process ID:		0x1034
	New Process Name:	C:\Program Files\Splunk\bin\splunk-powershell.exe
	Token Elevation Type:	TokenElevationTypeDefault (1)
	Creator Process ID:	0x133c
	Process Command Line:	

Token Elevation Type indicates the type of token that was assigned to the new process in accordance with User Account Control policy.

Type 1 is a full token with no privileges removed or groups disabled.  A full token is only used if User Account Control is disabled or if the user is the built-in Administrator account or a service account.

Type 2 is an elevated token with no privileges removed or groups disabled.  An elevated token is used when User Account Control is enabled and the user chooses to start the program using Run as administrator.  An elevated token is also used when an application is configured to always require administrative privilege or to always require maximum privilege, and the user is a member of the Administrators group.

Type 3 is a limited token with administrative privileges removed and administrative groups disabled.  The limited token is used when User Account Control is enabled, the application does not require administrative privilege, and the user does not choose to start the program using Run as administrator.","1480361188.000",14,28,26,november,28,monday,2016,local,,"IP-C6137C2D",main,33,"//_::_\r=\r=___.\r=\r=\r=\r=-...\r=_\r=\r=\r=_\r=_____.\r\r\r\r:\r","WinEventLog:Security","WinEventLog:Security",PersonalSplunk,,23,0
CORP,,"IP-C6137C2D$",,,,,,,"IP-C6137C2D.corp.amazonworkspaces.com",0x133c,,,4688,0,,,,,,,"Audit Success",Security,,,,0x3e7,,,"A new process has been created.

Subject:
	Security ID:		S-1-5-18
	Account Name:		IP-C6137C2D$
	Account Domain:		CORP
	Logon ID:		0x3e7

Process Information:
	New Process ID:		0x1548
	New Process Name:	C:\Program Files\Splunk\bin\splunk-powershell.exe
	Token Elevation Type:	TokenElevationTypeDefault (1)
	Creator Process ID:	0x133c
	Process Command Line:	

Token Elevation Type indicates the type of token that was assigned to the new process in accordance with User Account Control policy.

Type 1 is a full token with no privileges removed or groups disabled.  A full token is only used if User Account Control is disabled or if the user is the built-in Administrator account or a service account.

Type 2 is an elevated token with no privileges removed or groups disabled.  An elevated token is used when User Account Control is enabled and the user chooses to start the program using Run as administrator.  An elevated token is also used when an application is configured to always require administrative privilege or to always require maximum privilege, and the user is a member of the Administrators group.

Type 3 is a limited token with administrative privileges removed and administrative groups disabled.  The limited token is used when User Account Control is enabled, the application does not require administrative privilege, and the user does not choose to start the program using Run as administrator.",,0x1548,"C:\Program Files\Splunk\bin\splunk-powershell.exe",,,Info,,,,,,,,,,131872,,,,"S-1-5-18",,,"Microsoft Windows security auditing.",,,,,,"IP-C6137C2D$",,"Process Creation","TokenElevationTypeDefault (1)",,Information,,,,,,"11/28/2016 02:26:27 PM
LogName=Security
SourceName=Microsoft Windows security auditing.
EventCode=4688
EventType=0
Type=Information
ComputerName=IP-C6137C2D.corp.amazonworkspaces.com
TaskCategory=Process Creation
OpCode=Info
RecordNumber=131872
Keywords=Audit Success
Message=A new process has been created.

Subject:
	Security ID:		S-1-5-18
	Account Name:		IP-C6137C2D$
	Account Domain:		CORP
	Logon ID:		0x3e7

Process Information:
	New Process ID:		0x1548
	New Process Name:	C:\Program Files\Splunk\bin\splunk-powershell.exe
	Token Elevation Type:	TokenElevationTypeDefault (1)
	Creator Process ID:	0x133c
	Process Command Line:	

Token Elevation Type indicates the type of token that was assigned to the new process in accordance with User Account Control policy.

Type 1 is a full token with no privileges removed or groups disabled.  A full token is only used if User Account Control is disabled or if the user is the built-in Administrator account or a service account.

Type 2 is an elevated token with no privileges removed or groups disabled.  An elevated token is used when User Account Control is enabled and the user chooses to start the program using Run as administrator.  An elevated token is also used when an application is configured to always require administrative privilege or to always require maximum privilege, and the user is a member of the Administrators group.

Type 3 is a limited token with administrative privileges removed and administrative groups disabled.  The limited token is used when User Account Control is enabled, the application does not require administrative privilege, and the user does not choose to start the program using Run as administrator.","1480361187.000",14,28,26,november,27,monday,2016,local,,"IP-C6137C2D",main,33,"//_::_\r=\r=___.\r=\r=\r=\r=-...\r=_\r=\r=\r=_\r=_____.\r\r\r\r:\r","WinEventLog:Security","WinEventLog:Security",PersonalSplunk,,23,0
CORP,,"IP-C6137C2D$",,,,,,,"IP-C6137C2D.corp.amazonworkspaces.com",0x133c,,,4688,0,,,,,,,"Audit Success",Security,,,,0x3e7,,,"A new process has been created.

Subject:
	Security ID:		S-1-5-18
	Account Name:		IP-C6137C2D$
	Account Domain:		CORP
	Logon ID:		0x3e7

Process Information:
	New Process ID:		0x1814
	New Process Name:	C:\Program Files\Splunk\bin\splunk-netmon.exe
	Token Elevation Type:	TokenElevationTypeDefault (1)
	Creator Process ID:	0x133c
	Process Command Line:	

Token Elevation Type indicates the type of token that was assigned to the new process in accordance with User Account Control policy.

Type 1 is a full token with no privileges removed or groups disabled.  A full token is only used if User Account Control is disabled or if the user is the built-in Administrator account or a service account.

Type 2 is an elevated token with no privileges removed or groups disabled.  An elevated token is used when User Account Control is enabled and the user chooses to start the program using Run as administrator.  An elevated token is also used when an application is configured to always require administrative privilege or to always require maximum privilege, and the user is a member of the Administrators group.

Type 3 is a limited token with administrative privileges removed and administrative groups disabled.  The limited token is used when User Account Control is enabled, the application does not require administrative privilege, and the user does not choose to start the program using Run as administrator.",,0x1814,"C:\Program Files\Splunk\bin\splunk-netmon.exe",,,Info,,,,,,,,,,131871,,,,"S-1-5-18",,,"Microsoft Windows security auditing.",,,,,,"IP-C6137C2D$",,"Process Creation","TokenElevationTypeDefault (1)",,Information,,,,,,"11/28/2016 02:26:26 PM
LogName=Security
SourceName=Microsoft Windows security auditing.
EventCode=4688
EventType=0
Type=Information
ComputerName=IP-C6137C2D.corp.amazonworkspaces.com
TaskCategory=Process Creation
OpCode=Info
RecordNumber=131871
Keywords=Audit Success
Message=A new process has been created.

Subject:
	Security ID:		S-1-5-18
	Account Name:		IP-C6137C2D$
	Account Domain:		CORP
	Logon ID:		0x3e7

Process Information:
	New Process ID:		0x1814
	New Process Name:	C:\Program Files\Splunk\bin\splunk-netmon.exe
	Token Elevation Type:	TokenElevationTypeDefault (1)
	Creator Process ID:	0x133c
	Process Command Line:	

Token Elevation Type indicates the type of token that was assigned to the new process in accordance with User Account Control policy.

Type 1 is a full token with no privileges removed or groups disabled.  A full token is only used if User Account Control is disabled or if the user is the built-in Administrator account or a service account.

Type 2 is an elevated token with no privileges removed or groups disabled.  An elevated token is used when User Account Control is enabled and the user chooses to start the program using Run as administrator.  An elevated token is also used when an application is configured to always require administrative privilege or to always require maximum privilege, and the user is a member of the Administrators group.

Type 3 is a limited token with administrative privileges removed and administrative groups disabled.  The limited token is used when User Account Control is enabled, the application does not require administrative privilege, and the user does not choose to start the program using Run as administrator.","1480361186.000",14,28,26,november,26,monday,2016,local,,"IP-C6137C2D",main,33,"//_::_\r=\r=___.\r=\r=\r=\r=-...\r=_\r=\r=\r=_\r=_____.\r\r\r\r:\r","WinEventLog:Security","WinEventLog:Security",PersonalSplunk,,23,0
CORP,,"IP-C6137C2D$",,,,,,,"IP-C6137C2D.corp.amazonworkspaces.com",0x133c,,,4688,0,,,,,,,"Audit Success",Security,,,,0x3e7,,,"A new process has been created.

Subject:
	Security ID:		S-1-5-18
	Account Name:		IP-C6137C2D$
	Account Domain:		CORP
	Logon ID:		0x3e7

Process Information:
	New Process ID:		0x540
	New Process Name:	C:\Program Files\Splunk\bin\splunk-admon.exe
	Token Elevation Type:	TokenElevationTypeDefault (1)
	Creator Process ID:	0x133c
	Process Command Line:	

Token Elevation Type indicates the type of token that was assigned to the new process in accordance with User Account Control policy.

Type 1 is a full token with no privileges removed or groups disabled.  A full token is only used if User Account Control is disabled or if the user is the built-in Administrator account or a service account.

Type 2 is an elevated token with no privileges removed or groups disabled.  An elevated token is used when User Account Control is enabled and the user chooses to start the program using Run as administrator.  An elevated token is also used when an application is configured to always require administrative privilege or to always require maximum privilege, and the user is a member of the Administrators group.

Type 3 is a limited token with administrative privileges removed and administrative groups disabled.  The limited token is used when User Account Control is enabled, the application does not require administrative privilege, and the user does not choose to start the program using Run as administrator.",,0x540,"C:\Program Files\Splunk\bin\splunk-admon.exe",,,Info,,,,,,,,,,131870,,,,"S-1-5-18",,,"Microsoft Windows security auditing.",,,,,,"IP-C6137C2D$",,"Process Creation","TokenElevationTypeDefault (1)",,Information,,,,,,"11/28/2016 02:26:25 PM
LogName=Security
SourceName=Microsoft Windows security auditing.
EventCode=4688
EventType=0
Type=Information
ComputerName=IP-C6137C2D.corp.amazonworkspaces.com
TaskCategory=Process Creation
OpCode=Info
RecordNumber=131870
Keywords=Audit Success
Message=A new process has been created.

Subject:
	Security ID:		S-1-5-18
	Account Name:		IP-C6137C2D$
	Account Domain:		CORP
	Logon ID:		0x3e7

Process Information:
	New Process ID:		0x540
	New Process Name:	C:\Program Files\Splunk\bin\splunk-admon.exe
	Token Elevation Type:	TokenElevationTypeDefault (1)
	Creator Process ID:	0x133c
	Process Command Line:	

Token Elevation Type indicates the type of token that was assigned to the new process in accordance with User Account Control policy.

Type 1 is a full token with no privileges removed or groups disabled.  A full token is only used if User Account Control is disabled or if the user is the built-in Administrator account or a service account.

Type 2 is an elevated token with no privileges removed or groups disabled.  An elevated token is used when User Account Control is enabled and the user chooses to start the program using Run as administrator.  An elevated token is also used when an application is configured to always require administrative privilege or to always require maximum privilege, and the user is a member of the Administrators group.

Type 3 is a limited token with administrative privileges removed and administrative groups disabled.  The limited token is used when User Account Control is enabled, the application does not require administrative privilege, and the user does not choose to start the program using Run as administrator.","1480361185.000",14,28,26,november,25,monday,2016,local,,"IP-C6137C2D",main,33,"//_::_\r=\r=___.\r=\r=\r=\r=-...\r=_\r=\r=\r=_\r=_____.\r\r\r\r:\r","WinEventLog:Security","WinEventLog:Security",PersonalSplunk,,23,0
CORP,,"IP-C6137C2D$",,,,,,,"IP-C6137C2D.corp.amazonworkspaces.com",0x133c,,,4688,0,,,,,,,"Audit Success",Security,,,,0x3e7,,,"A new process has been created.

Subject:
	Security ID:		S-1-5-18
	Account Name:		IP-C6137C2D$
	Account Domain:		CORP
	Logon ID:		0x3e7

Process Information:
	New Process ID:		0x17c8
	New Process Name:	C:\Program Files\Splunk\bin\splunk-MonitorNoHandle.exe
	Token Elevation Type:	TokenElevationTypeDefault (1)
	Creator Process ID:	0x133c
	Process Command Line:	

Token Elevation Type indicates the type of token that was assigned to the new process in accordance with User Account Control policy.

Type 1 is a full token with no privileges removed or groups disabled.  A full token is only used if User Account Control is disabled or if the user is the built-in Administrator account or a service account.

Type 2 is an elevated token with no privileges removed or groups disabled.  An elevated token is used when User Account Control is enabled and the user chooses to start the program using Run as administrator.  An elevated token is also used when an application is configured to always require administrative privilege or to always require maximum privilege, and the user is a member of the Administrators group.

Type 3 is a limited token with administrative privileges removed and administrative groups disabled.  The limited token is used when User Account Control is enabled, the application does not require administrative privilege, and the user does not choose to start the program using Run as administrator.",,0x17c8,"C:\Program Files\Splunk\bin\splunk-MonitorNoHandle.exe",,,Info,,,,,,,,,,131869,,,,"S-1-5-18",,,"Microsoft Windows security auditing.",,,,,,"IP-C6137C2D$",,"Process Creation","TokenElevationTypeDefault (1)",,Information,,,,,,"11/28/2016 02:26:24 PM
LogName=Security
SourceName=Microsoft Windows security auditing.
EventCode=4688
EventType=0
Type=Information
ComputerName=IP-C6137C2D.corp.amazonworkspaces.com
TaskCategory=Process Creation
OpCode=Info
RecordNumber=131869
Keywords=Audit Success
Message=A new process has been created.

Subject:
	Security ID:		S-1-5-18
	Account Name:		IP-C6137C2D$
	Account Domain:		CORP
	Logon ID:		0x3e7

Process Information:
	New Process ID:		0x17c8
	New Process Name:	C:\Program Files\Splunk\bin\splunk-MonitorNoHandle.exe
	Token Elevation Type:	TokenElevationTypeDefault (1)
	Creator Process ID:	0x133c
	Process Command Line:	

Token Elevation Type indicates the type of token that was assigned to the new process in accordance with User Account Control policy.

Type 1 is a full token with no privileges removed or groups disabled.  A full token is only used if User Account Control is disabled or if the user is the built-in Administrator account or a service account.

Type 2 is an elevated token with no privileges removed or groups disabled.  An elevated token is used when User Account Control is enabled and the user chooses to start the program using Run as administrator.  An elevated token is also used when an application is configured to always require administrative privilege or to always require maximum privilege, and the user is a member of the Administrators group.

Type 3 is a limited token with administrative privileges removed and administrative groups disabled.  The limited token is used when User Account Control is enabled, the application does not require administrative privilege, and the user does not choose to start the program using Run as administrator.","1480361184.000",14,28,26,november,24,monday,2016,local,,"IP-C6137C2D",main,33,"//_::_\r=\r=___.\r=\r=\r=\r=-...\r=_\r=\r=\r=_\r=_____.\r\r\r\r:\r","WinEventLog:Security","WinEventLog:Security",PersonalSplunk,,23,0
CORP,,"dveuve;-",,,,,,,"IP-C6137C2D.corp.amazonworkspaces.com",,,,4732,0,,Builtin,Users,,,,"Audit Success",Security,,,,0x451177,,,"A member was added to a security-enabled local group.

Subject:
	Security ID:		S-1-5-21-2206723804-4039538768-2100233310-1109
	Account Name:		dveuve
	Account Domain:		CORP
	Logon ID:		0x451177

Member:
	Security ID:		S-1-5-21-530973380-1803174443-1567984831-1004
	Account Name:		-

Group:
	Security ID:		S-1-5-32-545
	Group Name:		Users
	Group Domain:		Builtin

Additional Information:
	Privileges:		-",,,,,,Info,,,,,"-",,,,,131868,,,,"S-1-5-21-2206723804-4039538768-2100233310-1109
S-1-5-21-530973380-1803174443-1567984831-1004
S-1-5-32-545",,,"Microsoft Windows security auditing.",,,,,,"-",,"Security Group Management",,,Information,,,,,,"11/28/2016 02:26:21 PM
LogName=Security
SourceName=Microsoft Windows security auditing.
EventCode=4732
EventType=0
Type=Information
ComputerName=IP-C6137C2D.corp.amazonworkspaces.com
TaskCategory=Security Group Management
OpCode=Info
RecordNumber=131868
Keywords=Audit Success
Message=A member was added to a security-enabled local group.

Subject:
	Security ID:		S-1-5-21-2206723804-4039538768-2100233310-1109
	Account Name:		dveuve
	Account Domain:		CORP
	Logon ID:		0x451177

Member:
	Security ID:		S-1-5-21-530973380-1803174443-1567984831-1004
	Account Name:		-

Group:
	Security ID:		S-1-5-32-545
	Group Name:		Users
	Group Domain:		Builtin

Additional Information:
	Privileges:		-","1480361181.000",14,28,26,november,21,monday,2016,local,,"IP-C6137C2D",main,30,"//_::_\r=\r=___.\r=\r=\r=\r=-...\r=__\r=\r=\r=_\r=______-__.\r","WinEventLog:Security","WinEventLog:Security",PersonalSplunk,,23,0
"CORP
IP-C6137C2D","<never>","dveuve;msmith_admin",,"-",,,,,"IP-C6137C2D.corp.amazonworkspaces.com",,"Mark Smith",,4738,0,,,,"<value not set>","<value not set>",,"Audit Success",Security,,,All,0x451177,,,"A user account was changed.

Subject:
	Security ID:		S-1-5-21-2206723804-4039538768-2100233310-1109
	Account Name:		dveuve
	Account Domain:		CORP
	Logon ID:		0x451177

Target Account:
	Security ID:		S-1-5-21-530973380-1803174443-1567984831-1004
	Account Name:		msmith_admin
	Account Domain:		IP-C6137C2D

Changed Attributes:
	SAM Account Name:	msmith_admin
	Display Name:		Mark Smith
	User Principal Name:	-
	Home Directory:		<value not set>
	Home Drive:		<value not set>
	Script Path:		<value not set>
	Profile Path:		<value not set>
	User Workstations:	<value not set>
	Password Last Set:	11/28/2016 2:26:20 PM
	Account Expires:		<never>
	Primary Group ID:	513
	AllowedToDelegateTo:	-
	Old UAC Value:		0x10
	New UAC Value:		0x10
	User Account Control:	-
	User Parameters:	<value not set>
	SID History:		-
	Logon Hours:		All

Additional Information:
	Privileges:		-",,,,0x10,0x10,Info,,"11/28/2016 2:26:20 PM",,513,"-",,,,"<value not set>",131867,"msmith_admin","-","<value not set>","S-1-5-21-2206723804-4039538768-2100233310-1109
S-1-5-21-530973380-1803174443-1567984831-1004",,,"Microsoft Windows security auditing.",,,,,,"msmith_admin",,"User Account Management",,,Information,"-","<value not set>","-","<value not set>",,"11/28/2016 02:26:21 PM
LogName=Security
SourceName=Microsoft Windows security auditing.
EventCode=4738
EventType=0
Type=Information
ComputerName=IP-C6137C2D.corp.amazonworkspaces.com
TaskCategory=User Account Management
OpCode=Info
RecordNumber=131867
Keywords=Audit Success
Message=A user account was changed.

Subject:
	Security ID:		S-1-5-21-2206723804-4039538768-2100233310-1109
	Account Name:		dveuve
	Account Domain:		CORP
	Logon ID:		0x451177

Target Account:
	Security ID:		S-1-5-21-530973380-1803174443-1567984831-1004
	Account Name:		msmith_admin
	Account Domain:		IP-C6137C2D

Changed Attributes:
	SAM Account Name:	msmith_admin
	Display Name:		Mark Smith
	User Principal Name:	-
	Home Directory:		<value not set>
	Home Drive:		<value not set>
	Script Path:		<value not set>
	Profile Path:		<value not set>
	User Workstations:	<value not set>
	Password Last Set:	11/28/2016 2:26:20 PM
	Account Expires:		<never>
	Primary Group ID:	513
	AllowedToDelegateTo:	-
	Old UAC Value:		0x10
	New UAC Value:		0x10
	User Account Control:	-
	User Parameters:	<value not set>
	SID History:		-
	Logon Hours:		All

Additional Information:
	Privileges:		-","1480361181.000",14,28,26,november,21,monday,2016,local,,"IP-C6137C2D",main,46,"//_::_\r=\r=___.\r=\r=\r=\r=-...\r=__\r=\r=\r=_\r=____.\r\r\r\r:\r","WinEventLog:Security","WinEventLog:Security",PersonalSplunk,,23,0
"CORP
IP-C6137C2D","<never>","dveuve;msmith_admin",,"-",,,,,"IP-C6137C2D.corp.amazonworkspaces.com",,"Mark Smith",,4738,0,,,,"<value not set>","<value not set>",,"Audit Success",Security,,,All,0x451177,,,"A user account was changed.

Subject:
	Security ID:		S-1-5-21-2206723804-4039538768-2100233310-1109
	Account Name:		dveuve
	Account Domain:		CORP
	Logon ID:		0x451177

Target Account:
	Security ID:		S-1-5-21-530973380-1803174443-1567984831-1004
	Account Name:		msmith_admin
	Account Domain:		IP-C6137C2D

Changed Attributes:
	SAM Account Name:	msmith_admin
	Display Name:		Mark Smith
	User Principal Name:	-
	Home Directory:		<value not set>
	Home Drive:		<value not set>
	Script Path:		<value not set>
	Profile Path:		<value not set>
	User Workstations:	<value not set>
	Password Last Set:	11/28/2016 2:26:20 PM
	Account Expires:		<never>
	Primary Group ID:	513
	AllowedToDelegateTo:	-
	Old UAC Value:		0x10
	New UAC Value:		0x10
	User Account Control:	-
	User Parameters:	<value not set>
	SID History:		-
	Logon Hours:		All

Additional Information:
	Privileges:		-",,,,0x10,0x10,Info,,"11/28/2016 2:26:20 PM",,513,"-",,,,"<value not set>",131866,"msmith_admin","-","<value not set>","S-1-5-21-2206723804-4039538768-2100233310-1109
S-1-5-21-530973380-1803174443-1567984831-1004",,,"Microsoft Windows security auditing.",,,,,,"msmith_admin",,"User Account Management",,,Information,"-","<value not set>","-","<value not set>",,"11/28/2016 02:26:21 PM
LogName=Security
SourceName=Microsoft Windows security auditing.
EventCode=4738
EventType=0
Type=Information
ComputerName=IP-C6137C2D.corp.amazonworkspaces.com
TaskCategory=User Account Management
OpCode=Info
RecordNumber=131866
Keywords=Audit Success
Message=A user account was changed.

Subject:
	Security ID:		S-1-5-21-2206723804-4039538768-2100233310-1109
	Account Name:		dveuve
	Account Domain:		CORP
	Logon ID:		0x451177

Target Account:
	Security ID:		S-1-5-21-530973380-1803174443-1567984831-1004
	Account Name:		msmith_admin
	Account Domain:		IP-C6137C2D

Changed Attributes:
	SAM Account Name:	msmith_admin
	Display Name:		Mark Smith
	User Principal Name:	-
	Home Directory:		<value not set>
	Home Drive:		<value not set>
	Script Path:		<value not set>
	Profile Path:		<value not set>
	User Workstations:	<value not set>
	Password Last Set:	11/28/2016 2:26:20 PM
	Account Expires:		<never>
	Primary Group ID:	513
	AllowedToDelegateTo:	-
	Old UAC Value:		0x10
	New UAC Value:		0x10
	User Account Control:	-
	User Parameters:	<value not set>
	SID History:		-
	Logon Hours:		All

Additional Information:
	Privileges:		-","1480361181.000",14,28,26,november,21,monday,2016,local,,"IP-C6137C2D",main,46,"//_::_\r=\r=___.\r=\r=\r=\r=-...\r=__\r=\r=\r=_\r=____.\r\r\r\r:\r","WinEventLog:Security","WinEventLog:Security",PersonalSplunk,,23,0
"CORP
IP-C6137C2D",,"dveuve;msmith_admin",,,,,,,"IP-C6137C2D.corp.amazonworkspaces.com",,,,4724,0,,,,,,,"Audit Success",Security,,,,0x451177,,,"An attempt was made to reset an account's password.

Subject:
	Security ID:		S-1-5-21-2206723804-4039538768-2100233310-1109
	Account Name:		dveuve
	Account Domain:		CORP
	Logon ID:		0x451177

Target Account:
	Security ID:		S-1-5-21-530973380-1803174443-1567984831-1004
	Account Name:		msmith_admin
	Account Domain:		IP-C6137C2D",,,,,,Info,,,,,,,,,,131865,,,,"S-1-5-21-2206723804-4039538768-2100233310-1109
S-1-5-21-530973380-1803174443-1567984831-1004",,,"Microsoft Windows security auditing.",,,,,,"msmith_admin",,"User Account Management",,,Information,,,,,,"11/28/2016 02:26:20 PM
LogName=Security
SourceName=Microsoft Windows security auditing.
EventCode=4724
EventType=0
Type=Information
ComputerName=IP-C6137C2D.corp.amazonworkspaces.com
TaskCategory=User Account Management
OpCode=Info
RecordNumber=131865
Keywords=Audit Success
Message=An attempt was made to reset an account's password.

Subject:
	Security ID:		S-1-5-21-2206723804-4039538768-2100233310-1109
	Account Name:		dveuve
	Account Domain:		CORP
	Logon ID:		0x451177

Target Account:
	Security ID:		S-1-5-21-530973380-1803174443-1567984831-1004
	Account Name:		msmith_admin
	Account Domain:		IP-C6137C2D","1480361180.000",14,28,26,november,20,monday,2016,local,,"IP-C6137C2D",main,23,"//_::_\r=\r=___.\r=\r=\r=\r=-...\r=__\r=\r=\r=_\r=_______'_.\r","WinEventLog:Security","WinEventLog:Security",PersonalSplunk,,23,0
"CORP
IP-C6137C2D","<never>","dveuve;msmith_admin",,"-",,,,,"IP-C6137C2D.corp.amazonworkspaces.com",,"msmith_admin",,4738,0,,,,"<value not set>","<value not set>",,"Audit Success",Security,,,All,0x451177,,,"A user account was changed.

Subject:
	Security ID:		S-1-5-21-2206723804-4039538768-2100233310-1109
	Account Name:		dveuve
	Account Domain:		CORP
	Logon ID:		0x451177

Target Account:
	Security ID:		S-1-5-21-530973380-1803174443-1567984831-1004
	Account Name:		msmith_admin
	Account Domain:		IP-C6137C2D

Changed Attributes:
	SAM Account Name:	msmith_admin
	Display Name:		msmith_admin
	User Principal Name:	-
	Home Directory:		<value not set>
	Home Drive:		<value not set>
	Script Path:		<value not set>
	Profile Path:		<value not set>
	User Workstations:	<value not set>
	Password Last Set:	11/28/2016 2:26:20 PM
	Account Expires:		<never>
	Primary Group ID:	513
	AllowedToDelegateTo:	-
	Old UAC Value:		0x15
	New UAC Value:		0x10
	User Account Control:	
		Account Enabled
		'Password Not Required' - Disabled
	User Parameters:	-
	SID History:		-
	Logon Hours:		All

Additional Information:
	Privileges:		-",,,,0x10,0x15,Info,,"11/28/2016 2:26:20 PM",,513,"-",,,,"<value not set>",131864,"msmith_admin","-","<value not set>","S-1-5-21-2206723804-4039538768-2100233310-1109
S-1-5-21-530973380-1803174443-1567984831-1004",,,"Microsoft Windows security auditing.",,,,,,"msmith_admin",,"User Account Management",,,Information,,"-","-","<value not set>",,"11/28/2016 02:26:20 PM
LogName=Security
SourceName=Microsoft Windows security auditing.
EventCode=4738
EventType=0
Type=Information
ComputerName=IP-C6137C2D.corp.amazonworkspaces.com
TaskCategory=User Account Management
OpCode=Info
RecordNumber=131864
Keywords=Audit Success
Message=A user account was changed.

Subject:
	Security ID:		S-1-5-21-2206723804-4039538768-2100233310-1109
	Account Name:		dveuve
	Account Domain:		CORP
	Logon ID:		0x451177

Target Account:
	Security ID:		S-1-5-21-530973380-1803174443-1567984831-1004
	Account Name:		msmith_admin
	Account Domain:		IP-C6137C2D

Changed Attributes:
	SAM Account Name:	msmith_admin
	Display Name:		msmith_admin
	User Principal Name:	-
	Home Directory:		<value not set>
	Home Drive:		<value not set>
	Script Path:		<value not set>
	Profile Path:		<value not set>
	User Workstations:	<value not set>
	Password Last Set:	11/28/2016 2:26:20 PM
	Account Expires:		<never>
	Primary Group ID:	513
	AllowedToDelegateTo:	-
	Old UAC Value:		0x15
	New UAC Value:		0x10
	User Account Control:	
		Account Enabled
		'Password Not Required' - Disabled
	User Parameters:	-
	SID History:		-
	Logon Hours:		All

Additional Information:
	Privileges:		-","1480361180.000",14,28,26,november,20,monday,2016,local,,"IP-C6137C2D",main,48,"//_::_\r=\r=___.\r=\r=\r=\r=-...\r=__\r=\r=\r=_\r=____.\r\r\r\r:\r","WinEventLog:Security","WinEventLog:Security",PersonalSplunk,,23,0
"CORP
IP-C6137C2D",,"dveuve;msmith_admin",,,,,,,"IP-C6137C2D.corp.amazonworkspaces.com",,,,4722,0,,,,,,,"Audit Success",Security,,,,0x451177,,,"A user account was enabled.

Subject:
	Security ID:		S-1-5-21-2206723804-4039538768-2100233310-1109
	Account Name:		dveuve
	Account Domain:		CORP
	Logon ID:		0x451177

Target Account:
	Security ID:		S-1-5-21-530973380-1803174443-1567984831-1004
	Account Name:		msmith_admin
	Account Domain:		IP-C6137C2D",,,,,,Info,,,,,,,,,,131863,,,,"S-1-5-21-2206723804-4039538768-2100233310-1109
S-1-5-21-530973380-1803174443-1567984831-1004",,,"Microsoft Windows security auditing.",,,,,,"msmith_admin",,"User Account Management",,,Information,,,,,,"11/28/2016 02:26:20 PM
LogName=Security
SourceName=Microsoft Windows security auditing.
EventCode=4722
EventType=0
Type=Information
ComputerName=IP-C6137C2D.corp.amazonworkspaces.com
TaskCategory=User Account Management
OpCode=Info
RecordNumber=131863
Keywords=Audit Success
Message=A user account was enabled.

Subject:
	Security ID:		S-1-5-21-2206723804-4039538768-2100233310-1109
	Account Name:		dveuve
	Account Domain:		CORP
	Logon ID:		0x451177

Target Account:
	Security ID:		S-1-5-21-530973380-1803174443-1567984831-1004
	Account Name:		msmith_admin
	Account Domain:		IP-C6137C2D","1480361180.000",14,28,26,november,20,monday,2016,local,,"IP-C6137C2D",main,23,"//_::_\r=\r=___.\r=\r=\r=\r=-...\r=__\r=\r=\r=_\r=____.\r\r\r\r:\r","WinEventLog:Security","WinEventLog:Security",PersonalSplunk,,23,0
"CORP
IP-C6137C2D","<never>","dveuve;msmith_admin",,,"-",,,,"IP-C6137C2D.corp.amazonworkspaces.com",,"<value not set>",,4720,0,,,,"<value not set>","<value not set>",,"Audit Success",Security,,,All,0x451177,,,"A user account was created.

Subject:
	Security ID:		S-1-5-21-2206723804-4039538768-2100233310-1109
	Account Name:		dveuve
	Account Domain:		CORP
	Logon ID:		0x451177

New Account:
	Security ID:		S-1-5-21-530973380-1803174443-1567984831-1004
	Account Name:		msmith_admin
	Account Domain:		IP-C6137C2D

Attributes:
	SAM Account Name:	msmith_admin
	Display Name:		<value not set>
	User Principal Name:	-
	Home Directory:		<value not set>
	Home Drive:		<value not set>
	Script Path:		<value not set>
	Profile Path:		<value not set>
	User Workstations:	<value not set>
	Password Last Set:	<never>
	Account Expires:		<never>
	Primary Group ID:	513
	Allowed To Delegate To:	-
	Old UAC Value:		0x0
	New UAC Value:		0x15
	User Account Control:	
		Account Disabled
		'Password Not Required' - Enabled
		'Normal Account' - Enabled
	User Parameters:	<value not set>
	SID History:		-
	Logon Hours:		All

Additional Information:
	Privileges		-",,,,0x15,0x0,Info,,"<never>",,513,,,,,"<value not set>",131862,"msmith_admin","-","<value not set>","S-1-5-21-2206723804-4039538768-2100233310-1109
S-1-5-21-530973380-1803174443-1567984831-1004",,,"Microsoft Windows security auditing.",,,,,,"msmith_admin",,"User Account Management",,,Information,,"<value not set>","-","<value not set>",,"11/28/2016 02:26:20 PM
LogName=Security
SourceName=Microsoft Windows security auditing.
EventCode=4720
EventType=0
Type=Information
ComputerName=IP-C6137C2D.corp.amazonworkspaces.com
TaskCategory=User Account Management
OpCode=Info
RecordNumber=131862
Keywords=Audit Success
Message=A user account was created.

Subject:
	Security ID:		S-1-5-21-2206723804-4039538768-2100233310-1109
	Account Name:		dveuve
	Account Domain:		CORP
	Logon ID:		0x451177

New Account:
	Security ID:		S-1-5-21-530973380-1803174443-1567984831-1004
	Account Name:		msmith_admin
	Account Domain:		IP-C6137C2D

Attributes:
	SAM Account Name:	msmith_admin
	Display Name:		<value not set>
	User Principal Name:	-
	Home Directory:		<value not set>
	Home Drive:		<value not set>
	Script Path:		<value not set>
	Profile Path:		<value not set>
	User Workstations:	<value not set>
	Password Last Set:	<never>
	Account Expires:		<never>
	Primary Group ID:	513
	Allowed To Delegate To:	-
	Old UAC Value:		0x0
	New UAC Value:		0x15
	User Account Control:	
		Account Disabled
		'Password Not Required' - Enabled
		'Normal Account' - Enabled
	User Parameters:	<value not set>
	SID History:		-
	Logon Hours:		All

Additional Information:
	Privileges		-","1480361180.000",14,28,26,november,20,monday,2016,local,,"IP-C6137C2D",main,49,"//_::_\r=\r=___.\r=\r=\r=\r=-...\r=__\r=\r=\r=_\r=____.\r\r\r\r:\r","WinEventLog:Security","WinEventLog:Security",PersonalSplunk,,23,0
CORP,,"dveuve;-",,,,,,,"IP-C6137C2D.corp.amazonworkspaces.com",,,,4728,0,,"IP-C6137C2D",None,,,,"Audit Success",Security,,,,0x451177,,,"A member was added to a security-enabled global group.

Subject:
	Security ID:		S-1-5-21-2206723804-4039538768-2100233310-1109
	Account Name:		dveuve
	Account Domain:		CORP
	Logon ID:		0x451177

Member:
	Security ID:		S-1-5-21-530973380-1803174443-1567984831-1004
	Account Name:		-

Group:
	Security ID:		S-1-5-21-530973380-1803174443-1567984831-513
	Group Name:		None
	Group Domain:		IP-C6137C2D

Additional Information:
	Privileges:		-",,,,,,Info,,,,,"-",,,,,131861,,,,"S-1-5-21-2206723804-4039538768-2100233310-1109
S-1-5-21-530973380-1803174443-1567984831-1004
S-1-5-21-530973380-1803174443-1567984831-513",,,"Microsoft Windows security auditing.",,,,,,"-",,"Security Group Management",,,Information,,,,,,"11/28/2016 02:26:20 PM
LogName=Security
SourceName=Microsoft Windows security auditing.
EventCode=4728
EventType=0
Type=Information
ComputerName=IP-C6137C2D.corp.amazonworkspaces.com
TaskCategory=Security Group Management
OpCode=Info
RecordNumber=131861
Keywords=Audit Success
Message=A member was added to a security-enabled global group.

Subject:
	Security ID:		S-1-5-21-2206723804-4039538768-2100233310-1109
	Account Name:		dveuve
	Account Domain:		CORP
	Logon ID:		0x451177

Member:
	Security ID:		S-1-5-21-530973380-1803174443-1567984831-1004
	Account Name:		-

Group:
	Security ID:		S-1-5-21-530973380-1803174443-1567984831-513
	Group Name:		None
	Group Domain:		IP-C6137C2D

Additional Information:
	Privileges:		-","1480361180.000",14,28,26,november,20,monday,2016,local,,"IP-C6137C2D",main,30,"//_::_\r=\r=___.\r=\r=\r=\r=-...\r=__\r=\r=\r=_\r=______-__.\r","WinEventLog:Security","WinEventLog:Security",PersonalSplunk,,23,0
