CORP,,"IP-C6137C2D$",,,,,,,"IP-C6137C2D.corp.amazonworkspaces.com",0x698,,,4688,0,,,,,,,"Audit Success",Security,,,,0x3e7,,,"A new process has been created.

Subject:
	Security ID:		S-1-5-18
	Account Name:		IP-C6137C2D$
	Account Domain:		CORP
	Logon ID:		0x3e7

Process Information:
	New Process ID:		0x1710
	New Process Name:	C:\metasploit\postgresql\bin\postgres.exe
	Token Elevation Type:	TokenElevationTypeDefault (1)
	Creator Process ID:	0x698
	Process Command Line:	

Token Elevation Type indicates the type of token that was assigned to the new process in accordance with User Account Control policy.

Type 1 is a full token with no privileges removed or groups disabled.  A full token is only used if User Account Control is disabled or if the user is the built-in Administrator account or a service account.

Type 2 is an elevated token with no privileges removed or groups disabled.  An elevated token is used when User Account Control is enabled and the user chooses to start the program using Run as administrator.  An elevated token is also used when an application is configured to always require administrative privilege or to always require maximum privilege, and the user is a member of the Administrators group.

Type 3 is a limited token with administrative privileges removed and administrative groups disabled.  The limited token is used when User Account Control is enabled, the application does not require administrative privilege, and the user does not choose to start the program using Run as administrator.",,0x1710,"C:\metasploit\postgresql\bin\postgres.exe",,,Info,,,,,,,,,,131982,,,,"S-1-5-18",,,"Microsoft Windows security auditing.",,,,,,"IP-C6137C2D$",,"Process Creation","TokenElevationTypeDefault (1)",,Information,,,,,,"11/28/2016 02:32:10 PM
LogName=Security
SourceName=Microsoft Windows security auditing.
EventCode=4688
EventType=0
Type=Information
ComputerName=IP-C6137C2D.corp.amazonworkspaces.com
TaskCategory=Process Creation
OpCode=Info
RecordNumber=131982
Keywords=Audit Success
Message=A new process has been created.

Subject:
	Security ID:		S-1-5-18
	Account Name:		IP-C6137C2D$
	Account Domain:		CORP
	Logon ID:		0x3e7

Process Information:
	New Process ID:		0x1710
	New Process Name:	C:\metasploit\postgresql\bin\postgres.exe
	Token Elevation Type:	TokenElevationTypeDefault (1)
	Creator Process ID:	0x698
	Process Command Line:	

Token Elevation Type indicates the type of token that was assigned to the new process in accordance with User Account Control policy.

Type 1 is a full token with no privileges removed or groups disabled.  A full token is only used if User Account Control is disabled or if the user is the built-in Administrator account or a service account.

Type 2 is an elevated token with no privileges removed or groups disabled.  An elevated token is used when User Account Control is enabled and the user chooses to start the program using Run as administrator.  An elevated token is also used when an application is configured to always require administrative privilege or to always require maximum privilege, and the user is a member of the Administrators group.

Type 3 is a limited token with administrative privileges removed and administrative groups disabled.  The limited token is used when User Account Control is enabled, the application does not require administrative privilege, and the user does not choose to start the program using Run as administrator.","1480361530.000",14,28,32,november,10,monday,2016,local,,"IP-C6137C2D",main,33,"//_::_\r=\r=___.\r=\r=\r=\r=-...\r=_\r=\r=\r=_\r=_____.\r\r\r\r:\r","WinEventLog:Security","WinEventLog:Security",PersonalSplunk,,23,0
"IP-C6137C2D",,"msmith_admin",,,,,,,"IP-C6137C2D.corp.amazonworkspaces.com",,,,4634,0,,,,,,,"Audit Success",Security,,,,0x155f60e,,2,"An account was logged off.

Subject:
	Security ID:		S-1-5-21-530973380-1803174443-1567984831-1004
	Account Name:		msmith_admin
	Account Domain:		IP-C6137C2D
	Logon ID:		0x155f60e

Logon Type:			2

This event is generated when a logon session is destroyed. It may be positively correlated with a logon event using the Logon ID value. Logon IDs are only unique between reboots on the same computer.",,,,,,Info,,,,,,,,,,131981,,,,"S-1-5-21-530973380-1803174443-1567984831-1004",,,"Microsoft Windows security auditing.",,,,,,"msmith_admin",,Logoff,,,Information,,,,,,"11/28/2016 02:31:52 PM
LogName=Security
SourceName=Microsoft Windows security auditing.
EventCode=4634
EventType=0
Type=Information
ComputerName=IP-C6137C2D.corp.amazonworkspaces.com
TaskCategory=Logoff
OpCode=Info
RecordNumber=131981
Keywords=Audit Success
Message=An account was logged off.

Subject:
	Security ID:		S-1-5-21-530973380-1803174443-1567984831-1004
	Account Name:		msmith_admin
	Account Domain:		IP-C6137C2D
	Logon ID:		0x155f60e

Logon Type:			2

This event is generated when a logon session is destroyed. It may be positively correlated with a logon event using the Logon ID value. Logon IDs are only unique between reboots on the same computer.","1480361512.000",14,28,31,november,52,monday,2016,local,,"IP-C6137C2D",main,22,"//_::_\r=\r=___.\r=\r=\r=\r=-...\r=\r=\r=\r=_\r=____.\r\r\r\r:\r\rt","WinEventLog:Security","WinEventLog:Security",PersonalSplunk,,23,0
"IP-C6137C2D
IP-C6137C2D",,"msmith_admin;msmith_admin",,,,,,,"IP-C6137C2D.corp.amazonworkspaces.com",,,,4726,0,,,,,,,"Audit Success",Security,,,,0x155f5f6,,,"A user account was deleted.

Subject:
	Security ID:		S-1-5-21-530973380-1803174443-1567984831-1004
	Account Name:		msmith_admin
	Account Domain:		IP-C6137C2D
	Logon ID:		0x155f5f6

Target Account:
	Security ID:		S-1-5-21-530973380-1803174443-1567984831-1004
	Account Name:		msmith_admin
	Account Domain:		IP-C6137C2D

Additional Information:
	Privileges	-",,,,,,Info,,,,,,,,,,131980,,,,"S-1-5-21-530973380-1803174443-1567984831-1004
S-1-5-21-530973380-1803174443-1567984831-1004",,,"Microsoft Windows security auditing.",,,,,,"msmith_admin",,"User Account Management",,,Information,,,,,,"11/28/2016 02:31:49 PM
LogName=Security
SourceName=Microsoft Windows security auditing.
EventCode=4726
EventType=0
Type=Information
ComputerName=IP-C6137C2D.corp.amazonworkspaces.com
TaskCategory=User Account Management
OpCode=Info
RecordNumber=131980
Keywords=Audit Success
Message=A user account was deleted.

Subject:
	Security ID:		S-1-5-21-530973380-1803174443-1567984831-1004
	Account Name:		msmith_admin
	Account Domain:		IP-C6137C2D
	Logon ID:		0x155f5f6

Target Account:
	Security ID:		S-1-5-21-530973380-1803174443-1567984831-1004
	Account Name:		msmith_admin
	Account Domain:		IP-C6137C2D

Additional Information:
	Privileges	-","1480361509.000",14,28,31,november,49,monday,2016,local,,"IP-C6137C2D",main,26,"//_::_\r=\r=___.\r=\r=\r=\r=-...\r=__\r=\r=\r=_\r=____.\r\r\r\r:\r","WinEventLog:Security","WinEventLog:Security",PersonalSplunk,,23,0
"IP-C6137C2D",,"msmith_admin;-",,,,,,,"IP-C6137C2D.corp.amazonworkspaces.com",,,,4729,0,,"IP-C6137C2D",None,,,,"Audit Success",Security,,,,0x155f5f6,,,"A member was removed from a security-enabled global group.

Subject:
	Security ID:		S-1-5-21-530973380-1803174443-1567984831-1004
	Account Name:		msmith_admin
	Account Domain:		IP-C6137C2D
	Logon ID:		0x155f5f6

Member:
	Security ID:		S-1-5-21-530973380-1803174443-1567984831-1004
	Account Name:		-

Group:
	Security ID:		S-1-5-21-530973380-1803174443-1567984831-513
	Group Name:		None
	Group Domain:		IP-C6137C2D

Additional Information:
	Privileges:		-",,,,,,Info,,,,,"-",,,,,131979,,,,"S-1-5-21-530973380-1803174443-1567984831-1004
S-1-5-21-530973380-1803174443-1567984831-1004
S-1-5-21-530973380-1803174443-1567984831-513",,,"Microsoft Windows security auditing.",,,,,,"-",,"Security Group Management",,,Information,,,,,,"11/28/2016 02:31:49 PM
LogName=Security
SourceName=Microsoft Windows security auditing.
EventCode=4729
EventType=0
Type=Information
ComputerName=IP-C6137C2D.corp.amazonworkspaces.com
TaskCategory=Security Group Management
OpCode=Info
RecordNumber=131979
Keywords=Audit Success
Message=A member was removed from a security-enabled global group.

Subject:
	Security ID:		S-1-5-21-530973380-1803174443-1567984831-1004
	Account Name:		msmith_admin
	Account Domain:		IP-C6137C2D
	Logon ID:		0x155f5f6

Member:
	Security ID:		S-1-5-21-530973380-1803174443-1567984831-1004
	Account Name:		-

Group:
	Security ID:		S-1-5-21-530973380-1803174443-1567984831-513
	Group Name:		None
	Group Domain:		IP-C6137C2D

Additional Information:
	Privileges:		-","1480361509.000",14,28,31,november,49,monday,2016,local,,"IP-C6137C2D",main,30,"//_::_\r=\r=___.\r=\r=\r=\r=-...\r=__\r=\r=\r=_\r=______-__.\r","WinEventLog:Security","WinEventLog:Security",PersonalSplunk,,23,0
"IP-C6137C2D",,"msmith_admin;-",,,,,,,"IP-C6137C2D.corp.amazonworkspaces.com",,,,4733,0,,Builtin,Administrators,,,,"Audit Success",Security,,,,0x155f5f6,,,"A member was removed from a security-enabled local group.

Subject:
	Security ID:		S-1-5-21-530973380-1803174443-1567984831-1004
	Account Name:		msmith_admin
	Account Domain:		IP-C6137C2D
	Logon ID:		0x155f5f6

Member:
	Security ID:		S-1-5-21-530973380-1803174443-1567984831-1004
	Account Name:		-

Group:
	Security ID:		S-1-5-32-544
	Group Name:		Administrators
	Group Domain:		Builtin

Additional Information:
	Privileges:		-",,,,,,Info,,,,,"-",,,,,131978,,,,"S-1-5-21-530973380-1803174443-1567984831-1004
S-1-5-21-530973380-1803174443-1567984831-1004
S-1-5-32-544",,,"Microsoft Windows security auditing.",,,,,,"-",,"Security Group Management",,,Information,,,,,,"11/28/2016 02:31:49 PM
LogName=Security
SourceName=Microsoft Windows security auditing.
EventCode=4733
EventType=0
Type=Information
ComputerName=IP-C6137C2D.corp.amazonworkspaces.com
TaskCategory=Security Group Management
OpCode=Info
RecordNumber=131978
Keywords=Audit Success
Message=A member was removed from a security-enabled local group.

Subject:
	Security ID:		S-1-5-21-530973380-1803174443-1567984831-1004
	Account Name:		msmith_admin
	Account Domain:		IP-C6137C2D
	Logon ID:		0x155f5f6

Member:
	Security ID:		S-1-5-21-530973380-1803174443-1567984831-1004
	Account Name:		-

Group:
	Security ID:		S-1-5-32-544
	Group Name:		Administrators
	Group Domain:		Builtin

Additional Information:
	Privileges:		-","1480361509.000",14,28,31,november,49,monday,2016,local,,"IP-C6137C2D",main,30,"//_::_\r=\r=___.\r=\r=\r=\r=-...\r=__\r=\r=\r=_\r=______-__.\r","WinEventLog:Security","WinEventLog:Security",PersonalSplunk,,23,0
"IP-C6137C2D",,"msmith_admin;-",,,,,,,"IP-C6137C2D.corp.amazonworkspaces.com",,,,4733,0,,Builtin,Users,,,,"Audit Success",Security,,,,0x155f5f6,,,"A member was removed from a security-enabled local group.

Subject:
	Security ID:		S-1-5-21-530973380-1803174443-1567984831-1004
	Account Name:		msmith_admin
	Account Domain:		IP-C6137C2D
	Logon ID:		0x155f5f6

Member:
	Security ID:		S-1-5-21-530973380-1803174443-1567984831-1004
	Account Name:		-

Group:
	Security ID:		S-1-5-32-545
	Group Name:		Users
	Group Domain:		Builtin

Additional Information:
	Privileges:		-",,,,,,Info,,,,,"-",,,,,131977,,,,"S-1-5-21-530973380-1803174443-1567984831-1004
S-1-5-21-530973380-1803174443-1567984831-1004
S-1-5-32-545",,,"Microsoft Windows security auditing.",,,,,,"-",,"Security Group Management",,,Information,,,,,,"11/28/2016 02:31:49 PM
LogName=Security
SourceName=Microsoft Windows security auditing.
EventCode=4733
EventType=0
Type=Information
ComputerName=IP-C6137C2D.corp.amazonworkspaces.com
TaskCategory=Security Group Management
OpCode=Info
RecordNumber=131977
Keywords=Audit Success
Message=A member was removed from a security-enabled local group.

Subject:
	Security ID:		S-1-5-21-530973380-1803174443-1567984831-1004
	Account Name:		msmith_admin
	Account Domain:		IP-C6137C2D
	Logon ID:		0x155f5f6

Member:
	Security ID:		S-1-5-21-530973380-1803174443-1567984831-1004
	Account Name:		-

Group:
	Security ID:		S-1-5-32-545
	Group Name:		Users
	Group Domain:		Builtin

Additional Information:
	Privileges:		-","1480361509.000",14,28,31,november,49,monday,2016,local,,"IP-C6137C2D",main,30,"//_::_\r=\r=___.\r=\r=\r=\r=-...\r=__\r=\r=\r=_\r=______-__.\r","WinEventLog:Security","WinEventLog:Security",PersonalSplunk,,23,0
CORP,,"IP-C6137C2D$",,,,,,,"IP-C6137C2D.corp.amazonworkspaces.com",0x698,,,4688,0,,,,,,,"Audit Success",Security,,,,0x3e7,,,"A new process has been created.

Subject:
	Security ID:		S-1-5-18
	Account Name:		IP-C6137C2D$
	Account Domain:		CORP
	Logon ID:		0x3e7

Process Information:
	New Process ID:		0x178c
	New Process Name:	C:\metasploit\postgresql\bin\postgres.exe
	Token Elevation Type:	TokenElevationTypeDefault (1)
	Creator Process ID:	0x698
	Process Command Line:	

Token Elevation Type indicates the type of token that was assigned to the new process in accordance with User Account Control policy.

Type 1 is a full token with no privileges removed or groups disabled.  A full token is only used if User Account Control is disabled or if the user is the built-in Administrator account or a service account.

Type 2 is an elevated token with no privileges removed or groups disabled.  An elevated token is used when User Account Control is enabled and the user chooses to start the program using Run as administrator.  An elevated token is also used when an application is configured to always require administrative privilege or to always require maximum privilege, and the user is a member of the Administrators group.

Type 3 is a limited token with administrative privileges removed and administrative groups disabled.  The limited token is used when User Account Control is enabled, the application does not require administrative privilege, and the user does not choose to start the program using Run as administrator.",,0x178c,"C:\metasploit\postgresql\bin\postgres.exe",,,Info,,,,,,,,,,131976,,,,"S-1-5-18",,,"Microsoft Windows security auditing.",,,,,,"IP-C6137C2D$",,"Process Creation","TokenElevationTypeDefault (1)",,Information,,,,,,"11/28/2016 02:31:40 PM
LogName=Security
SourceName=Microsoft Windows security auditing.
EventCode=4688
EventType=0
Type=Information
ComputerName=IP-C6137C2D.corp.amazonworkspaces.com
TaskCategory=Process Creation
OpCode=Info
RecordNumber=131976
Keywords=Audit Success
Message=A new process has been created.

Subject:
	Security ID:		S-1-5-18
	Account Name:		IP-C6137C2D$
	Account Domain:		CORP
	Logon ID:		0x3e7

Process Information:
	New Process ID:		0x178c
	New Process Name:	C:\metasploit\postgresql\bin\postgres.exe
	Token Elevation Type:	TokenElevationTypeDefault (1)
	Creator Process ID:	0x698
	Process Command Line:	

Token Elevation Type indicates the type of token that was assigned to the new process in accordance with User Account Control policy.

Type 1 is a full token with no privileges removed or groups disabled.  A full token is only used if User Account Control is disabled or if the user is the built-in Administrator account or a service account.

Type 2 is an elevated token with no privileges removed or groups disabled.  An elevated token is used when User Account Control is enabled and the user chooses to start the program using Run as administrator.  An elevated token is also used when an application is configured to always require administrative privilege or to always require maximum privilege, and the user is a member of the Administrators group.

Type 3 is a limited token with administrative privileges removed and administrative groups disabled.  The limited token is used when User Account Control is enabled, the application does not require administrative privilege, and the user does not choose to start the program using Run as administrator.","1480361500.000",14,28,31,november,40,monday,2016,local,,"IP-C6137C2D",main,33,"//_::_\r=\r=___.\r=\r=\r=\r=-...\r=_\r=\r=\r=_\r=_____.\r\r\r\r:\r","WinEventLog:Security","WinEventLog:Security",PersonalSplunk,,23,0
"IP-C6137C2D",,"msmith_admin;-",,,,,,,"IP-C6137C2D.corp.amazonworkspaces.com",,,,4732,0,,Builtin,Administrators,,,,"Audit Success",Security,,,,0x155f5f6,,,"A member was added to a security-enabled local group.

Subject:
	Security ID:		S-1-5-21-530973380-1803174443-1567984831-1004
	Account Name:		msmith_admin
	Account Domain:		IP-C6137C2D
	Logon ID:		0x155f5f6

Member:
	Security ID:		S-1-5-21-530973380-1803174443-1567984831-1005
	Account Name:		-

Group:
	Security ID:		S-1-5-32-544
	Group Name:		Administrators
	Group Domain:		Builtin

Additional Information:
	Privileges:		-",,,,,,Info,,,,,"-",,,,,131975,,,,"S-1-5-21-530973380-1803174443-1567984831-1004
S-1-5-21-530973380-1803174443-1567984831-1005
S-1-5-32-544",,,"Microsoft Windows security auditing.",,,,,,"-",,"Security Group Management",,,Information,,,,,,"11/28/2016 02:31:37 PM
LogName=Security
SourceName=Microsoft Windows security auditing.
EventCode=4732
EventType=0
Type=Information
ComputerName=IP-C6137C2D.corp.amazonworkspaces.com
TaskCategory=Security Group Management
OpCode=Info
RecordNumber=131975
Keywords=Audit Success
Message=A member was added to a security-enabled local group.

Subject:
	Security ID:		S-1-5-21-530973380-1803174443-1567984831-1004
	Account Name:		msmith_admin
	Account Domain:		IP-C6137C2D
	Logon ID:		0x155f5f6

Member:
	Security ID:		S-1-5-21-530973380-1803174443-1567984831-1005
	Account Name:		-

Group:
	Security ID:		S-1-5-32-544
	Group Name:		Administrators
	Group Domain:		Builtin

Additional Information:
	Privileges:		-","1480361497.000",14,28,31,november,37,monday,2016,local,,"IP-C6137C2D",main,30,"//_::_\r=\r=___.\r=\r=\r=\r=-...\r=__\r=\r=\r=_\r=______-__.\r","WinEventLog:Security","WinEventLog:Security",PersonalSplunk,,23,0
CORP,,"IP-C6137C2D$",,,,,,,"IP-C6137C2D.corp.amazonworkspaces.com",0x133c,,,4688,0,,,,,,,"Audit Success",Security,,,,0x3e7,,,"A new process has been created.

Subject:
	Security ID:		S-1-5-18
	Account Name:		IP-C6137C2D$
	Account Domain:		CORP
	Logon ID:		0x3e7

Process Information:
	New Process ID:		0x1684
	New Process Name:	C:\Program Files\Splunk\bin\splunk-winprintmon.exe
	Token Elevation Type:	TokenElevationTypeDefault (1)
	Creator Process ID:	0x133c
	Process Command Line:	

Token Elevation Type indicates the type of token that was assigned to the new process in accordance with User Account Control policy.

Type 1 is a full token with no privileges removed or groups disabled.  A full token is only used if User Account Control is disabled or if the user is the built-in Administrator account or a service account.

Type 2 is an elevated token with no privileges removed or groups disabled.  An elevated token is used when User Account Control is enabled and the user chooses to start the program using Run as administrator.  An elevated token is also used when an application is configured to always require administrative privilege or to always require maximum privilege, and the user is a member of the Administrators group.

Type 3 is a limited token with administrative privileges removed and administrative groups disabled.  The limited token is used when User Account Control is enabled, the application does not require administrative privilege, and the user does not choose to start the program using Run as administrator.",,0x1684,"C:\Program Files\Splunk\bin\splunk-winprintmon.exe",,,Info,,,,,,,,,,131974,,,,"S-1-5-18",,,"Microsoft Windows security auditing.",,,,,,"IP-C6137C2D$",,"Process Creation","TokenElevationTypeDefault (1)",,Information,,,,,,"11/28/2016 02:31:30 PM
LogName=Security
SourceName=Microsoft Windows security auditing.
EventCode=4688
EventType=0
Type=Information
ComputerName=IP-C6137C2D.corp.amazonworkspaces.com
TaskCategory=Process Creation
OpCode=Info
RecordNumber=131974
Keywords=Audit Success
Message=A new process has been created.

Subject:
	Security ID:		S-1-5-18
	Account Name:		IP-C6137C2D$
	Account Domain:		CORP
	Logon ID:		0x3e7

Process Information:
	New Process ID:		0x1684
	New Process Name:	C:\Program Files\Splunk\bin\splunk-winprintmon.exe
	Token Elevation Type:	TokenElevationTypeDefault (1)
	Creator Process ID:	0x133c
	Process Command Line:	

Token Elevation Type indicates the type of token that was assigned to the new process in accordance with User Account Control policy.

Type 1 is a full token with no privileges removed or groups disabled.  A full token is only used if User Account Control is disabled or if the user is the built-in Administrator account or a service account.

Type 2 is an elevated token with no privileges removed or groups disabled.  An elevated token is used when User Account Control is enabled and the user chooses to start the program using Run as administrator.  An elevated token is also used when an application is configured to always require administrative privilege or to always require maximum privilege, and the user is a member of the Administrators group.

Type 3 is a limited token with administrative privileges removed and administrative groups disabled.  The limited token is used when User Account Control is enabled, the application does not require administrative privilege, and the user does not choose to start the program using Run as administrator.","1480361490.000",14,28,31,november,30,monday,2016,local,,"IP-C6137C2D",main,33,"//_::_\r=\r=___.\r=\r=\r=\r=-...\r=_\r=\r=\r=_\r=_____.\r\r\r\r:\r","WinEventLog:Security","WinEventLog:Security",PersonalSplunk,,23,0
CORP,,"IP-C6137C2D$",,,,,,,"IP-C6137C2D.corp.amazonworkspaces.com",0x133c,,,4688,0,,,,,,,"Audit Success",Security,,,,0x3e7,,,"A new process has been created.

Subject:
	Security ID:		S-1-5-18
	Account Name:		IP-C6137C2D$
	Account Domain:		CORP
	Logon ID:		0x3e7

Process Information:
	New Process ID:		0x13a8
	New Process Name:	C:\Program Files\Splunk\bin\splunk-regmon.exe
	Token Elevation Type:	TokenElevationTypeDefault (1)
	Creator Process ID:	0x133c
	Process Command Line:	

Token Elevation Type indicates the type of token that was assigned to the new process in accordance with User Account Control policy.

Type 1 is a full token with no privileges removed or groups disabled.  A full token is only used if User Account Control is disabled or if the user is the built-in Administrator account or a service account.

Type 2 is an elevated token with no privileges removed or groups disabled.  An elevated token is used when User Account Control is enabled and the user chooses to start the program using Run as administrator.  An elevated token is also used when an application is configured to always require administrative privilege or to always require maximum privilege, and the user is a member of the Administrators group.

Type 3 is a limited token with administrative privileges removed and administrative groups disabled.  The limited token is used when User Account Control is enabled, the application does not require administrative privilege, and the user does not choose to start the program using Run as administrator.",,0x13a8,"C:\Program Files\Splunk\bin\splunk-regmon.exe",,,Info,,,,,,,,,,131973,,,,"S-1-5-18",,,"Microsoft Windows security auditing.",,,,,,"IP-C6137C2D$",,"Process Creation","TokenElevationTypeDefault (1)",,Information,,,,,,"11/28/2016 02:31:28 PM
LogName=Security
SourceName=Microsoft Windows security auditing.
EventCode=4688
EventType=0
Type=Information
ComputerName=IP-C6137C2D.corp.amazonworkspaces.com
TaskCategory=Process Creation
OpCode=Info
RecordNumber=131973
Keywords=Audit Success
Message=A new process has been created.

Subject:
	Security ID:		S-1-5-18
	Account Name:		IP-C6137C2D$
	Account Domain:		CORP
	Logon ID:		0x3e7

Process Information:
	New Process ID:		0x13a8
	New Process Name:	C:\Program Files\Splunk\bin\splunk-regmon.exe
	Token Elevation Type:	TokenElevationTypeDefault (1)
	Creator Process ID:	0x133c
	Process Command Line:	

Token Elevation Type indicates the type of token that was assigned to the new process in accordance with User Account Control policy.

Type 1 is a full token with no privileges removed or groups disabled.  A full token is only used if User Account Control is disabled or if the user is the built-in Administrator account or a service account.

Type 2 is an elevated token with no privileges removed or groups disabled.  An elevated token is used when User Account Control is enabled and the user chooses to start the program using Run as administrator.  An elevated token is also used when an application is configured to always require administrative privilege or to always require maximum privilege, and the user is a member of the Administrators group.

Type 3 is a limited token with administrative privileges removed and administrative groups disabled.  The limited token is used when User Account Control is enabled, the application does not require administrative privilege, and the user does not choose to start the program using Run as administrator.","1480361488.000",14,28,31,november,28,monday,2016,local,,"IP-C6137C2D",main,33,"//_::_\r=\r=___.\r=\r=\r=\r=-...\r=_\r=\r=\r=_\r=_____.\r\r\r\r:\r","WinEventLog:Security","WinEventLog:Security",PersonalSplunk,,23,0
CORP,,"IP-C6137C2D$",,,,,,,"IP-C6137C2D.corp.amazonworkspaces.com",0x133c,,,4688,0,,,,,,,"Audit Success",Security,,,,0x3e7,,,"A new process has been created.

Subject:
	Security ID:		S-1-5-18
	Account Name:		IP-C6137C2D$
	Account Domain:		CORP
	Logon ID:		0x3e7

Process Information:
	New Process ID:		0x1acc
	New Process Name:	C:\Program Files\Splunk\bin\splunk-powershell.exe
	Token Elevation Type:	TokenElevationTypeDefault (1)
	Creator Process ID:	0x133c
	Process Command Line:	

Token Elevation Type indicates the type of token that was assigned to the new process in accordance with User Account Control policy.

Type 1 is a full token with no privileges removed or groups disabled.  A full token is only used if User Account Control is disabled or if the user is the built-in Administrator account or a service account.

Type 2 is an elevated token with no privileges removed or groups disabled.  An elevated token is used when User Account Control is enabled and the user chooses to start the program using Run as administrator.  An elevated token is also used when an application is configured to always require administrative privilege or to always require maximum privilege, and the user is a member of the Administrators group.

Type 3 is a limited token with administrative privileges removed and administrative groups disabled.  The limited token is used when User Account Control is enabled, the application does not require administrative privilege, and the user does not choose to start the program using Run as administrator.",,0x1acc,"C:\Program Files\Splunk\bin\splunk-powershell.exe",,,Info,,,,,,,,,,131972,,,,"S-1-5-18",,,"Microsoft Windows security auditing.",,,,,,"IP-C6137C2D$",,"Process Creation","TokenElevationTypeDefault (1)",,Information,,,,,,"11/28/2016 02:31:28 PM
LogName=Security
SourceName=Microsoft Windows security auditing.
EventCode=4688
EventType=0
Type=Information
ComputerName=IP-C6137C2D.corp.amazonworkspaces.com
TaskCategory=Process Creation
OpCode=Info
RecordNumber=131972
Keywords=Audit Success
Message=A new process has been created.

Subject:
	Security ID:		S-1-5-18
	Account Name:		IP-C6137C2D$
	Account Domain:		CORP
	Logon ID:		0x3e7

Process Information:
	New Process ID:		0x1acc
	New Process Name:	C:\Program Files\Splunk\bin\splunk-powershell.exe
	Token Elevation Type:	TokenElevationTypeDefault (1)
	Creator Process ID:	0x133c
	Process Command Line:	

Token Elevation Type indicates the type of token that was assigned to the new process in accordance with User Account Control policy.

Type 1 is a full token with no privileges removed or groups disabled.  A full token is only used if User Account Control is disabled or if the user is the built-in Administrator account or a service account.

Type 2 is an elevated token with no privileges removed or groups disabled.  An elevated token is used when User Account Control is enabled and the user chooses to start the program using Run as administrator.  An elevated token is also used when an application is configured to always require administrative privilege or to always require maximum privilege, and the user is a member of the Administrators group.

Type 3 is a limited token with administrative privileges removed and administrative groups disabled.  The limited token is used when User Account Control is enabled, the application does not require administrative privilege, and the user does not choose to start the program using Run as administrator.","1480361488.000",14,28,31,november,28,monday,2016,local,,"IP-C6137C2D",main,33,"//_::_\r=\r=___.\r=\r=\r=\r=-...\r=_\r=\r=\r=_\r=_____.\r\r\r\r:\r","WinEventLog:Security","WinEventLog:Security",PersonalSplunk,,23,0
CORP,,"IP-C6137C2D$",,,,,,,"IP-C6137C2D.corp.amazonworkspaces.com",0x133c,,,4688,0,,,,,,,"Audit Success",Security,,,,0x3e7,,,"A new process has been created.

Subject:
	Security ID:		S-1-5-18
	Account Name:		IP-C6137C2D$
	Account Domain:		CORP
	Logon ID:		0x3e7

Process Information:
	New Process ID:		0xa6c
	New Process Name:	C:\Program Files\Splunk\bin\splunk-powershell.exe
	Token Elevation Type:	TokenElevationTypeDefault (1)
	Creator Process ID:	0x133c
	Process Command Line:	

Token Elevation Type indicates the type of token that was assigned to the new process in accordance with User Account Control policy.

Type 1 is a full token with no privileges removed or groups disabled.  A full token is only used if User Account Control is disabled or if the user is the built-in Administrator account or a service account.

Type 2 is an elevated token with no privileges removed or groups disabled.  An elevated token is used when User Account Control is enabled and the user chooses to start the program using Run as administrator.  An elevated token is also used when an application is configured to always require administrative privilege or to always require maximum privilege, and the user is a member of the Administrators group.

Type 3 is a limited token with administrative privileges removed and administrative groups disabled.  The limited token is used when User Account Control is enabled, the application does not require administrative privilege, and the user does not choose to start the program using Run as administrator.",,0xa6c,"C:\Program Files\Splunk\bin\splunk-powershell.exe",,,Info,,,,,,,,,,131971,,,,"S-1-5-18",,,"Microsoft Windows security auditing.",,,,,,"IP-C6137C2D$",,"Process Creation","TokenElevationTypeDefault (1)",,Information,,,,,,"11/28/2016 02:31:27 PM
LogName=Security
SourceName=Microsoft Windows security auditing.
EventCode=4688
EventType=0
Type=Information
ComputerName=IP-C6137C2D.corp.amazonworkspaces.com
TaskCategory=Process Creation
OpCode=Info
RecordNumber=131971
Keywords=Audit Success
Message=A new process has been created.

Subject:
	Security ID:		S-1-5-18
	Account Name:		IP-C6137C2D$
	Account Domain:		CORP
	Logon ID:		0x3e7

Process Information:
	New Process ID:		0xa6c
	New Process Name:	C:\Program Files\Splunk\bin\splunk-powershell.exe
	Token Elevation Type:	TokenElevationTypeDefault (1)
	Creator Process ID:	0x133c
	Process Command Line:	

Token Elevation Type indicates the type of token that was assigned to the new process in accordance with User Account Control policy.

Type 1 is a full token with no privileges removed or groups disabled.  A full token is only used if User Account Control is disabled or if the user is the built-in Administrator account or a service account.

Type 2 is an elevated token with no privileges removed or groups disabled.  An elevated token is used when User Account Control is enabled and the user chooses to start the program using Run as administrator.  An elevated token is also used when an application is configured to always require administrative privilege or to always require maximum privilege, and the user is a member of the Administrators group.

Type 3 is a limited token with administrative privileges removed and administrative groups disabled.  The limited token is used when User Account Control is enabled, the application does not require administrative privilege, and the user does not choose to start the program using Run as administrator.","1480361487.000",14,28,31,november,27,monday,2016,local,,"IP-C6137C2D",main,33,"//_::_\r=\r=___.\r=\r=\r=\r=-...\r=_\r=\r=\r=_\r=_____.\r\r\r\r:\r","WinEventLog:Security","WinEventLog:Security",PersonalSplunk,,23,0
CORP,,"IP-C6137C2D$",,,,,,,"IP-C6137C2D.corp.amazonworkspaces.com",0x133c,,,4688,0,,,,,,,"Audit Success",Security,,,,0x3e7,,,"A new process has been created.

Subject:
	Security ID:		S-1-5-18
	Account Name:		IP-C6137C2D$
	Account Domain:		CORP
	Logon ID:		0x3e7

Process Information:
	New Process ID:		0x1998
	New Process Name:	C:\Program Files\Splunk\bin\splunk-netmon.exe
	Token Elevation Type:	TokenElevationTypeDefault (1)
	Creator Process ID:	0x133c
	Process Command Line:	

Token Elevation Type indicates the type of token that was assigned to the new process in accordance with User Account Control policy.

Type 1 is a full token with no privileges removed or groups disabled.  A full token is only used if User Account Control is disabled or if the user is the built-in Administrator account or a service account.

Type 2 is an elevated token with no privileges removed or groups disabled.  An elevated token is used when User Account Control is enabled and the user chooses to start the program using Run as administrator.  An elevated token is also used when an application is configured to always require administrative privilege or to always require maximum privilege, and the user is a member of the Administrators group.

Type 3 is a limited token with administrative privileges removed and administrative groups disabled.  The limited token is used when User Account Control is enabled, the application does not require administrative privilege, and the user does not choose to start the program using Run as administrator.",,0x1998,"C:\Program Files\Splunk\bin\splunk-netmon.exe",,,Info,,,,,,,,,,131970,,,,"S-1-5-18",,,"Microsoft Windows security auditing.",,,,,,"IP-C6137C2D$",,"Process Creation","TokenElevationTypeDefault (1)",,Information,,,,,,"11/28/2016 02:31:26 PM
LogName=Security
SourceName=Microsoft Windows security auditing.
EventCode=4688
EventType=0
Type=Information
ComputerName=IP-C6137C2D.corp.amazonworkspaces.com
TaskCategory=Process Creation
OpCode=Info
RecordNumber=131970
Keywords=Audit Success
Message=A new process has been created.

Subject:
	Security ID:		S-1-5-18
	Account Name:		IP-C6137C2D$
	Account Domain:		CORP
	Logon ID:		0x3e7

Process Information:
	New Process ID:		0x1998
	New Process Name:	C:\Program Files\Splunk\bin\splunk-netmon.exe
	Token Elevation Type:	TokenElevationTypeDefault (1)
	Creator Process ID:	0x133c
	Process Command Line:	

Token Elevation Type indicates the type of token that was assigned to the new process in accordance with User Account Control policy.

Type 1 is a full token with no privileges removed or groups disabled.  A full token is only used if User Account Control is disabled or if the user is the built-in Administrator account or a service account.

Type 2 is an elevated token with no privileges removed or groups disabled.  An elevated token is used when User Account Control is enabled and the user chooses to start the program using Run as administrator.  An elevated token is also used when an application is configured to always require administrative privilege or to always require maximum privilege, and the user is a member of the Administrators group.

Type 3 is a limited token with administrative privileges removed and administrative groups disabled.  The limited token is used when User Account Control is enabled, the application does not require administrative privilege, and the user does not choose to start the program using Run as administrator.","1480361486.000",14,28,31,november,26,monday,2016,local,,"IP-C6137C2D",main,33,"//_::_\r=\r=___.\r=\r=\r=\r=-...\r=_\r=\r=\r=_\r=_____.\r\r\r\r:\r","WinEventLog:Security","WinEventLog:Security",PersonalSplunk,,23,0
"IP-C6137C2D",,"msmith_admin;-",,,,,,,"IP-C6137C2D.corp.amazonworkspaces.com",,,,4732,0,,Builtin,Users,,,,"Audit Success",Security,,,,0x155f5f6,,,"A member was added to a security-enabled local group.

Subject:
	Security ID:		S-1-5-21-530973380-1803174443-1567984831-1004
	Account Name:		msmith_admin
	Account Domain:		IP-C6137C2D
	Logon ID:		0x155f5f6

Member:
	Security ID:		S-1-5-21-530973380-1803174443-1567984831-1005
	Account Name:		-

Group:
	Security ID:		S-1-5-32-545
	Group Name:		Users
	Group Domain:		Builtin

Additional Information:
	Privileges:		-",,,,,,Info,,,,,"-",,,,,131969,,,,"S-1-5-21-530973380-1803174443-1567984831-1004
S-1-5-21-530973380-1803174443-1567984831-1005
S-1-5-32-545",,,"Microsoft Windows security auditing.",,,,,,"-",,"Security Group Management",,,Information,,,,,,"11/28/2016 02:31:25 PM
LogName=Security
SourceName=Microsoft Windows security auditing.
EventCode=4732
EventType=0
Type=Information
ComputerName=IP-C6137C2D.corp.amazonworkspaces.com
TaskCategory=Security Group Management
OpCode=Info
RecordNumber=131969
Keywords=Audit Success
Message=A member was added to a security-enabled local group.

Subject:
	Security ID:		S-1-5-21-530973380-1803174443-1567984831-1004
	Account Name:		msmith_admin
	Account Domain:		IP-C6137C2D
	Logon ID:		0x155f5f6

Member:
	Security ID:		S-1-5-21-530973380-1803174443-1567984831-1005
	Account Name:		-

Group:
	Security ID:		S-1-5-32-545
	Group Name:		Users
	Group Domain:		Builtin

Additional Information:
	Privileges:		-","1480361485.000",14,28,31,november,25,monday,2016,local,,"IP-C6137C2D",main,30,"//_::_\r=\r=___.\r=\r=\r=\r=-...\r=__\r=\r=\r=_\r=______-__.\r","WinEventLog:Security","WinEventLog:Security",PersonalSplunk,,23,0
"IP-C6137C2D
IP-C6137C2D","<never>","msmith_admin;msmith",,"-",,,,,"IP-C6137C2D.corp.amazonworkspaces.com",,msmith,,4738,0,,,,"<value not set>","<value not set>",,"Audit Success",Security,,,All,0x155f5f6,,,"A user account was changed.

Subject:
	Security ID:		S-1-5-21-530973380-1803174443-1567984831-1004
	Account Name:		msmith_admin
	Account Domain:		IP-C6137C2D
	Logon ID:		0x155f5f6

Target Account:
	Security ID:		S-1-5-21-530973380-1803174443-1567984831-1005
	Account Name:		msmith
	Account Domain:		IP-C6137C2D

Changed Attributes:
	SAM Account Name:	msmith
	Display Name:		msmith
	User Principal Name:	-
	Home Directory:		<value not set>
	Home Drive:		<value not set>
	Script Path:		<value not set>
	Profile Path:		<value not set>
	User Workstations:	<value not set>
	Password Last Set:	11/28/2016 2:31:25 PM
	Account Expires:		<never>
	Primary Group ID:	513
	AllowedToDelegateTo:	-
	Old UAC Value:		0x10
	New UAC Value:		0x210
	User Account Control:	
		'Don't Expire Password' - Enabled
	User Parameters:	<value not set>
	SID History:		-
	Logon Hours:		All

Additional Information:
	Privileges:		-",,,,0x210,0x10,Info,,"11/28/2016 2:31:25 PM",,513,"-",,,,"<value not set>",131968,msmith,"-","<value not set>","S-1-5-21-530973380-1803174443-1567984831-1004
S-1-5-21-530973380-1803174443-1567984831-1005",,,"Microsoft Windows security auditing.",,,,,,msmith,,"User Account Management",,,Information,,"<value not set>","-","<value not set>",,"11/28/2016 02:31:25 PM
LogName=Security
SourceName=Microsoft Windows security auditing.
EventCode=4738
EventType=0
Type=Information
ComputerName=IP-C6137C2D.corp.amazonworkspaces.com
TaskCategory=User Account Management
OpCode=Info
RecordNumber=131968
Keywords=Audit Success
Message=A user account was changed.

Subject:
	Security ID:		S-1-5-21-530973380-1803174443-1567984831-1004
	Account Name:		msmith_admin
	Account Domain:		IP-C6137C2D
	Logon ID:		0x155f5f6

Target Account:
	Security ID:		S-1-5-21-530973380-1803174443-1567984831-1005
	Account Name:		msmith
	Account Domain:		IP-C6137C2D

Changed Attributes:
	SAM Account Name:	msmith
	Display Name:		msmith
	User Principal Name:	-
	Home Directory:		<value not set>
	Home Drive:		<value not set>
	Script Path:		<value not set>
	Profile Path:		<value not set>
	User Workstations:	<value not set>
	Password Last Set:	11/28/2016 2:31:25 PM
	Account Expires:		<never>
	Primary Group ID:	513
	AllowedToDelegateTo:	-
	Old UAC Value:		0x10
	New UAC Value:		0x210
	User Account Control:	
		'Don't Expire Password' - Enabled
	User Parameters:	<value not set>
	SID History:		-
	Logon Hours:		All

Additional Information:
	Privileges:		-","1480361485.000",14,28,31,november,25,monday,2016,local,,"IP-C6137C2D",main,47,"//_::_\r=\r=___.\r=\r=\r=\r=-...\r=__\r=\r=\r=_\r=____.\r\r\r\r:\r","WinEventLog:Security","WinEventLog:Security",PersonalSplunk,,23,0
"IP-C6137C2D
IP-C6137C2D","<never>","msmith_admin;msmith",,"-",,,,,"IP-C6137C2D.corp.amazonworkspaces.com",,msmith,,4738,0,,,,"<value not set>","<value not set>",,"Audit Success",Security,,,All,0x155f5f6,,,"A user account was changed.

Subject:
	Security ID:		S-1-5-21-530973380-1803174443-1567984831-1004
	Account Name:		msmith_admin
	Account Domain:		IP-C6137C2D
	Logon ID:		0x155f5f6

Target Account:
	Security ID:		S-1-5-21-530973380-1803174443-1567984831-1005
	Account Name:		msmith
	Account Domain:		IP-C6137C2D

Changed Attributes:
	SAM Account Name:	msmith
	Display Name:		msmith
	User Principal Name:	-
	Home Directory:		<value not set>
	Home Drive:		<value not set>
	Script Path:		<value not set>
	Profile Path:		<value not set>
	User Workstations:	<value not set>
	Password Last Set:	11/28/2016 2:31:25 PM
	Account Expires:		<never>
	Primary Group ID:	513
	AllowedToDelegateTo:	-
	Old UAC Value:		0x10
	New UAC Value:		0x10
	User Account Control:	-
	User Parameters:	<value not set>
	SID History:		-
	Logon Hours:		All

Additional Information:
	Privileges:		-",,,,0x10,0x10,Info,,"11/28/2016 2:31:25 PM",,513,"-",,,,"<value not set>",131967,msmith,"-","<value not set>","S-1-5-21-530973380-1803174443-1567984831-1004
S-1-5-21-530973380-1803174443-1567984831-1005",,,"Microsoft Windows security auditing.",,,,,,msmith,,"User Account Management",,,Information,"-","<value not set>","-","<value not set>",,"11/28/2016 02:31:25 PM
LogName=Security
SourceName=Microsoft Windows security auditing.
EventCode=4738
EventType=0
Type=Information
ComputerName=IP-C6137C2D.corp.amazonworkspaces.com
TaskCategory=User Account Management
OpCode=Info
RecordNumber=131967
Keywords=Audit Success
Message=A user account was changed.

Subject:
	Security ID:		S-1-5-21-530973380-1803174443-1567984831-1004
	Account Name:		msmith_admin
	Account Domain:		IP-C6137C2D
	Logon ID:		0x155f5f6

Target Account:
	Security ID:		S-1-5-21-530973380-1803174443-1567984831-1005
	Account Name:		msmith
	Account Domain:		IP-C6137C2D

Changed Attributes:
	SAM Account Name:	msmith
	Display Name:		msmith
	User Principal Name:	-
	Home Directory:		<value not set>
	Home Drive:		<value not set>
	Script Path:		<value not set>
	Profile Path:		<value not set>
	User Workstations:	<value not set>
	Password Last Set:	11/28/2016 2:31:25 PM
	Account Expires:		<never>
	Primary Group ID:	513
	AllowedToDelegateTo:	-
	Old UAC Value:		0x10
	New UAC Value:		0x10
	User Account Control:	-
	User Parameters:	<value not set>
	SID History:		-
	Logon Hours:		All

Additional Information:
	Privileges:		-","1480361485.000",14,28,31,november,25,monday,2016,local,,"IP-C6137C2D",main,46,"//_::_\r=\r=___.\r=\r=\r=\r=-...\r=__\r=\r=\r=_\r=____.\r\r\r\r:\r","WinEventLog:Security","WinEventLog:Security",PersonalSplunk,,23,0
"IP-C6137C2D
IP-C6137C2D",,"msmith_admin;msmith",,,,,,,"IP-C6137C2D.corp.amazonworkspaces.com",,,,4724,0,,,,,,,"Audit Success",Security,,,,0x155f5f6,,,"An attempt was made to reset an account's password.

Subject:
	Security ID:		S-1-5-21-530973380-1803174443-1567984831-1004
	Account Name:		msmith_admin
	Account Domain:		IP-C6137C2D
	Logon ID:		0x155f5f6

Target Account:
	Security ID:		S-1-5-21-530973380-1803174443-1567984831-1005
	Account Name:		msmith
	Account Domain:		IP-C6137C2D",,,,,,Info,,,,,,,,,,131966,,,,"S-1-5-21-530973380-1803174443-1567984831-1004
S-1-5-21-530973380-1803174443-1567984831-1005",,,"Microsoft Windows security auditing.",,,,,,msmith,,"User Account Management",,,Information,,,,,,"11/28/2016 02:31:25 PM
LogName=Security
SourceName=Microsoft Windows security auditing.
EventCode=4724
EventType=0
Type=Information
ComputerName=IP-C6137C2D.corp.amazonworkspaces.com
TaskCategory=User Account Management
OpCode=Info
RecordNumber=131966
Keywords=Audit Success
Message=An attempt was made to reset an account's password.

Subject:
	Security ID:		S-1-5-21-530973380-1803174443-1567984831-1004
	Account Name:		msmith_admin
	Account Domain:		IP-C6137C2D
	Logon ID:		0x155f5f6

Target Account:
	Security ID:		S-1-5-21-530973380-1803174443-1567984831-1005
	Account Name:		msmith
	Account Domain:		IP-C6137C2D","1480361485.000",14,28,31,november,25,monday,2016,local,,"IP-C6137C2D",main,23,"//_::_\r=\r=___.\r=\r=\r=\r=-...\r=__\r=\r=\r=_\r=_______'_.\r","WinEventLog:Security","WinEventLog:Security",PersonalSplunk,,23,0
"IP-C6137C2D
IP-C6137C2D","<never>","msmith_admin;msmith",,"-",,,,,"IP-C6137C2D.corp.amazonworkspaces.com",,msmith,,4738,0,,,,"<value not set>","<value not set>",,"Audit Success",Security,,,All,0x155f5f6,,,"A user account was changed.

Subject:
	Security ID:		S-1-5-21-530973380-1803174443-1567984831-1004
	Account Name:		msmith_admin
	Account Domain:		IP-C6137C2D
	Logon ID:		0x155f5f6

Target Account:
	Security ID:		S-1-5-21-530973380-1803174443-1567984831-1005
	Account Name:		msmith
	Account Domain:		IP-C6137C2D

Changed Attributes:
	SAM Account Name:	msmith
	Display Name:		msmith
	User Principal Name:	-
	Home Directory:		<value not set>
	Home Drive:		<value not set>
	Script Path:		<value not set>
	Profile Path:		<value not set>
	User Workstations:	<value not set>
	Password Last Set:	11/28/2016 2:31:25 PM
	Account Expires:		<never>
	Primary Group ID:	513
	AllowedToDelegateTo:	-
	Old UAC Value:		0x15
	New UAC Value:		0x10
	User Account Control:	
		Account Enabled
		'Password Not Required' - Disabled
	User Parameters:	-
	SID History:		-
	Logon Hours:		All

Additional Information:
	Privileges:		-",,,,0x10,0x15,Info,,"11/28/2016 2:31:25 PM",,513,"-",,,,"<value not set>",131965,msmith,"-","<value not set>","S-1-5-21-530973380-1803174443-1567984831-1004
S-1-5-21-530973380-1803174443-1567984831-1005",,,"Microsoft Windows security auditing.",,,,,,msmith,,"User Account Management",,,Information,,"-","-","<value not set>",,"11/28/2016 02:31:25 PM
LogName=Security
SourceName=Microsoft Windows security auditing.
EventCode=4738
EventType=0
Type=Information
ComputerName=IP-C6137C2D.corp.amazonworkspaces.com
TaskCategory=User Account Management
OpCode=Info
RecordNumber=131965
Keywords=Audit Success
Message=A user account was changed.

Subject:
	Security ID:		S-1-5-21-530973380-1803174443-1567984831-1004
	Account Name:		msmith_admin
	Account Domain:		IP-C6137C2D
	Logon ID:		0x155f5f6

Target Account:
	Security ID:		S-1-5-21-530973380-1803174443-1567984831-1005
	Account Name:		msmith
	Account Domain:		IP-C6137C2D

Changed Attributes:
	SAM Account Name:	msmith
	Display Name:		msmith
	User Principal Name:	-
	Home Directory:		<value not set>
	Home Drive:		<value not set>
	Script Path:		<value not set>
	Profile Path:		<value not set>
	User Workstations:	<value not set>
	Password Last Set:	11/28/2016 2:31:25 PM
	Account Expires:		<never>
	Primary Group ID:	513
	AllowedToDelegateTo:	-
	Old UAC Value:		0x15
	New UAC Value:		0x10
	User Account Control:	
		Account Enabled
		'Password Not Required' - Disabled
	User Parameters:	-
	SID History:		-
	Logon Hours:		All

Additional Information:
	Privileges:		-","1480361485.000",14,28,31,november,25,monday,2016,local,,"IP-C6137C2D",main,48,"//_::_\r=\r=___.\r=\r=\r=\r=-...\r=__\r=\r=\r=_\r=____.\r\r\r\r:\r","WinEventLog:Security","WinEventLog:Security",PersonalSplunk,,23,0
"IP-C6137C2D
IP-C6137C2D",,"msmith_admin;msmith",,,,,,,"IP-C6137C2D.corp.amazonworkspaces.com",,,,4722,0,,,,,,,"Audit Success",Security,,,,0x155f5f6,,,"A user account was enabled.

Subject:
	Security ID:		S-1-5-21-530973380-1803174443-1567984831-1004
	Account Name:		msmith_admin
	Account Domain:		IP-C6137C2D
	Logon ID:		0x155f5f6

Target Account:
	Security ID:		S-1-5-21-530973380-1803174443-1567984831-1005
	Account Name:		msmith
	Account Domain:		IP-C6137C2D",,,,,,Info,,,,,,,,,,131964,,,,"S-1-5-21-530973380-1803174443-1567984831-1004
S-1-5-21-530973380-1803174443-1567984831-1005",,,"Microsoft Windows security auditing.",,,,,,msmith,,"User Account Management",,,Information,,,,,,"11/28/2016 02:31:25 PM
