CORP,,"IP-C6137C2D$",,,,,,,"IP-C6137C2D.corp.amazonworkspaces.com",0x133c,,,4688,0,,,,,,,"Audit Success",Security,,,,0x3e7,,,"A new process has been created.

Subject:
	Security ID:		S-1-5-18
	Account Name:		IP-C6137C2D$
	Account Domain:		CORP
	Logon ID:		0x3e7

Process Information:
	New Process ID:		0xbcc
	New Process Name:	C:\Program Files\Splunk\bin\splunk-winprintmon.exe
	Token Elevation Type:	TokenElevationTypeDefault (1)
	Creator Process ID:	0x133c
	Process Command Line:	

Token Elevation Type indicates the type of token that was assigned to the new process in accordance with User Account Control policy.

Type 1 is a full token with no privileges removed or groups disabled.  A full token is only used if User Account Control is disabled or if the user is the built-in Administrator account or a service account.

Type 2 is an elevated token with no privileges removed or groups disabled.  An elevated token is used when User Account Control is enabled and the user chooses to start the program using Run as administrator.  An elevated token is also used when an application is configured to always require administrative privilege or to always require maximum privilege, and the user is a member of the Administrators group.

Type 3 is a limited token with administrative privileges removed and administrative groups disabled.  The limited token is used when User Account Control is enabled, the application does not require administrative privilege, and the user does not choose to start the program using Run as administrator.",,0xbcc,"C:\Program Files\Splunk\bin\splunk-winprintmon.exe",,,Info,,,,,,,,,,131922,,,,"S-1-5-18",,,"Microsoft Windows security auditing.",,,,,,"IP-C6137C2D$",,"Process Creation","TokenElevationTypeDefault (1)",,Information,,,,,,"11/28/2016 02:28:30 PM
LogName=Security
SourceName=Microsoft Windows security auditing.
EventCode=4688
EventType=0
Type=Information
ComputerName=IP-C6137C2D.corp.amazonworkspaces.com
TaskCategory=Process Creation
OpCode=Info
RecordNumber=131922
Keywords=Audit Success
Message=A new process has been created.

Subject:
	Security ID:		S-1-5-18
	Account Name:		IP-C6137C2D$
	Account Domain:		CORP
	Logon ID:		0x3e7

Process Information:
	New Process ID:		0xbcc
	New Process Name:	C:\Program Files\Splunk\bin\splunk-winprintmon.exe
	Token Elevation Type:	TokenElevationTypeDefault (1)
	Creator Process ID:	0x133c
	Process Command Line:	

Token Elevation Type indicates the type of token that was assigned to the new process in accordance with User Account Control policy.

Type 1 is a full token with no privileges removed or groups disabled.  A full token is only used if User Account Control is disabled or if the user is the built-in Administrator account or a service account.

Type 2 is an elevated token with no privileges removed or groups disabled.  An elevated token is used when User Account Control is enabled and the user chooses to start the program using Run as administrator.  An elevated token is also used when an application is configured to always require administrative privilege or to always require maximum privilege, and the user is a member of the Administrators group.

Type 3 is a limited token with administrative privileges removed and administrative groups disabled.  The limited token is used when User Account Control is enabled, the application does not require administrative privilege, and the user does not choose to start the program using Run as administrator.","1480361310.000",14,28,28,november,30,monday,2016,local,,"IP-C6137C2D",main,33,"//_::_\r=\r=___.\r=\r=\r=\r=-...\r=_\r=\r=\r=_\r=_____.\r\r\r\r:\r","WinEventLog:Security","WinEventLog:Security",PersonalSplunk,,23,0
CORP,,"IP-C6137C2D$",,,,,,,"IP-C6137C2D.corp.amazonworkspaces.com",0x133c,,,4688,0,,,,,,,"Audit Success",Security,,,,0x3e7,,,"A new process has been created.

Subject:
	Security ID:		S-1-5-18
	Account Name:		IP-C6137C2D$
	Account Domain:		CORP
	Logon ID:		0x3e7

Process Information:
	New Process ID:		0x14f8
	New Process Name:	C:\Program Files\Splunk\bin\splunk-regmon.exe
	Token Elevation Type:	TokenElevationTypeDefault (1)
	Creator Process ID:	0x133c
	Process Command Line:	

Token Elevation Type indicates the type of token that was assigned to the new process in accordance with User Account Control policy.

Type 1 is a full token with no privileges removed or groups disabled.  A full token is only used if User Account Control is disabled or if the user is the built-in Administrator account or a service account.

Type 2 is an elevated token with no privileges removed or groups disabled.  An elevated token is used when User Account Control is enabled and the user chooses to start the program using Run as administrator.  An elevated token is also used when an application is configured to always require administrative privilege or to always require maximum privilege, and the user is a member of the Administrators group.

Type 3 is a limited token with administrative privileges removed and administrative groups disabled.  The limited token is used when User Account Control is enabled, the application does not require administrative privilege, and the user does not choose to start the program using Run as administrator.",,0x14f8,"C:\Program Files\Splunk\bin\splunk-regmon.exe",,,Info,,,,,,,,,,131921,,,,"S-1-5-18",,,"Microsoft Windows security auditing.",,,,,,"IP-C6137C2D$",,"Process Creation","TokenElevationTypeDefault (1)",,Information,,,,,,"11/28/2016 02:28:28 PM
LogName=Security
SourceName=Microsoft Windows security auditing.
EventCode=4688
EventType=0
Type=Information
ComputerName=IP-C6137C2D.corp.amazonworkspaces.com
TaskCategory=Process Creation
OpCode=Info
RecordNumber=131921
Keywords=Audit Success
Message=A new process has been created.

Subject:
	Security ID:		S-1-5-18
	Account Name:		IP-C6137C2D$
	Account Domain:		CORP
	Logon ID:		0x3e7

Process Information:
	New Process ID:		0x14f8
	New Process Name:	C:\Program Files\Splunk\bin\splunk-regmon.exe
	Token Elevation Type:	TokenElevationTypeDefault (1)
	Creator Process ID:	0x133c
	Process Command Line:	

Token Elevation Type indicates the type of token that was assigned to the new process in accordance with User Account Control policy.

Type 1 is a full token with no privileges removed or groups disabled.  A full token is only used if User Account Control is disabled or if the user is the built-in Administrator account or a service account.

Type 2 is an elevated token with no privileges removed or groups disabled.  An elevated token is used when User Account Control is enabled and the user chooses to start the program using Run as administrator.  An elevated token is also used when an application is configured to always require administrative privilege or to always require maximum privilege, and the user is a member of the Administrators group.

Type 3 is a limited token with administrative privileges removed and administrative groups disabled.  The limited token is used when User Account Control is enabled, the application does not require administrative privilege, and the user does not choose to start the program using Run as administrator.","1480361308.000",14,28,28,november,28,monday,2016,local,,"IP-C6137C2D",main,33,"//_::_\r=\r=___.\r=\r=\r=\r=-...\r=_\r=\r=\r=_\r=_____.\r\r\r\r:\r","WinEventLog:Security","WinEventLog:Security",PersonalSplunk,,23,0
CORP,,"IP-C6137C2D$",,,,,,,"IP-C6137C2D.corp.amazonworkspaces.com",0x133c,,,4688,0,,,,,,,"Audit Success",Security,,,,0x3e7,,,"A new process has been created.

Subject:
	Security ID:		S-1-5-18
	Account Name:		IP-C6137C2D$
	Account Domain:		CORP
	Logon ID:		0x3e7

Process Information:
	New Process ID:		0x1778
	New Process Name:	C:\Program Files\Splunk\bin\splunk-powershell.exe
	Token Elevation Type:	TokenElevationTypeDefault (1)
	Creator Process ID:	0x133c
	Process Command Line:	

Token Elevation Type indicates the type of token that was assigned to the new process in accordance with User Account Control policy.

Type 1 is a full token with no privileges removed or groups disabled.  A full token is only used if User Account Control is disabled or if the user is the built-in Administrator account or a service account.

Type 2 is an elevated token with no privileges removed or groups disabled.  An elevated token is used when User Account Control is enabled and the user chooses to start the program using Run as administrator.  An elevated token is also used when an application is configured to always require administrative privilege or to always require maximum privilege, and the user is a member of the Administrators group.

Type 3 is a limited token with administrative privileges removed and administrative groups disabled.  The limited token is used when User Account Control is enabled, the application does not require administrative privilege, and the user does not choose to start the program using Run as administrator.",,0x1778,"C:\Program Files\Splunk\bin\splunk-powershell.exe",,,Info,,,,,,,,,,131920,,,,"S-1-5-18",,,"Microsoft Windows security auditing.",,,,,,"IP-C6137C2D$",,"Process Creation","TokenElevationTypeDefault (1)",,Information,,,,,,"11/28/2016 02:28:28 PM
LogName=Security
SourceName=Microsoft Windows security auditing.
EventCode=4688
EventType=0
Type=Information
ComputerName=IP-C6137C2D.corp.amazonworkspaces.com
TaskCategory=Process Creation
OpCode=Info
RecordNumber=131920
Keywords=Audit Success
Message=A new process has been created.

Subject:
	Security ID:		S-1-5-18
	Account Name:		IP-C6137C2D$
	Account Domain:		CORP
	Logon ID:		0x3e7

Process Information:
	New Process ID:		0x1778
	New Process Name:	C:\Program Files\Splunk\bin\splunk-powershell.exe
	Token Elevation Type:	TokenElevationTypeDefault (1)
	Creator Process ID:	0x133c
	Process Command Line:	

Token Elevation Type indicates the type of token that was assigned to the new process in accordance with User Account Control policy.

Type 1 is a full token with no privileges removed or groups disabled.  A full token is only used if User Account Control is disabled or if the user is the built-in Administrator account or a service account.

Type 2 is an elevated token with no privileges removed or groups disabled.  An elevated token is used when User Account Control is enabled and the user chooses to start the program using Run as administrator.  An elevated token is also used when an application is configured to always require administrative privilege or to always require maximum privilege, and the user is a member of the Administrators group.

Type 3 is a limited token with administrative privileges removed and administrative groups disabled.  The limited token is used when User Account Control is enabled, the application does not require administrative privilege, and the user does not choose to start the program using Run as administrator.","1480361308.000",14,28,28,november,28,monday,2016,local,,"IP-C6137C2D",main,33,"//_::_\r=\r=___.\r=\r=\r=\r=-...\r=_\r=\r=\r=_\r=_____.\r\r\r\r:\r","WinEventLog:Security","WinEventLog:Security",PersonalSplunk,,23,0
CORP,,"IP-C6137C2D$",,,,,,,"IP-C6137C2D.corp.amazonworkspaces.com",0x133c,,,4688,0,,,,,,,"Audit Success",Security,,,,0x3e7,,,"A new process has been created.

Subject:
	Security ID:		S-1-5-18
	Account Name:		IP-C6137C2D$
	Account Domain:		CORP
	Logon ID:		0x3e7

Process Information:
	New Process ID:		0x1044
	New Process Name:	C:\Program Files\Splunk\bin\splunk-powershell.exe
	Token Elevation Type:	TokenElevationTypeDefault (1)
	Creator Process ID:	0x133c
	Process Command Line:	

Token Elevation Type indicates the type of token that was assigned to the new process in accordance with User Account Control policy.

Type 1 is a full token with no privileges removed or groups disabled.  A full token is only used if User Account Control is disabled or if the user is the built-in Administrator account or a service account.

Type 2 is an elevated token with no privileges removed or groups disabled.  An elevated token is used when User Account Control is enabled and the user chooses to start the program using Run as administrator.  An elevated token is also used when an application is configured to always require administrative privilege or to always require maximum privilege, and the user is a member of the Administrators group.

Type 3 is a limited token with administrative privileges removed and administrative groups disabled.  The limited token is used when User Account Control is enabled, the application does not require administrative privilege, and the user does not choose to start the program using Run as administrator.",,0x1044,"C:\Program Files\Splunk\bin\splunk-powershell.exe",,,Info,,,,,,,,,,131919,,,,"S-1-5-18",,,"Microsoft Windows security auditing.",,,,,,"IP-C6137C2D$",,"Process Creation","TokenElevationTypeDefault (1)",,Information,,,,,,"11/28/2016 02:28:27 PM
LogName=Security
SourceName=Microsoft Windows security auditing.
EventCode=4688
EventType=0
Type=Information
ComputerName=IP-C6137C2D.corp.amazonworkspaces.com
TaskCategory=Process Creation
OpCode=Info
RecordNumber=131919
Keywords=Audit Success
Message=A new process has been created.

Subject:
	Security ID:		S-1-5-18
	Account Name:		IP-C6137C2D$
	Account Domain:		CORP
	Logon ID:		0x3e7

Process Information:
	New Process ID:		0x1044
	New Process Name:	C:\Program Files\Splunk\bin\splunk-powershell.exe
	Token Elevation Type:	TokenElevationTypeDefault (1)
	Creator Process ID:	0x133c
	Process Command Line:	

Token Elevation Type indicates the type of token that was assigned to the new process in accordance with User Account Control policy.

Type 1 is a full token with no privileges removed or groups disabled.  A full token is only used if User Account Control is disabled or if the user is the built-in Administrator account or a service account.

Type 2 is an elevated token with no privileges removed or groups disabled.  An elevated token is used when User Account Control is enabled and the user chooses to start the program using Run as administrator.  An elevated token is also used when an application is configured to always require administrative privilege or to always require maximum privilege, and the user is a member of the Administrators group.

Type 3 is a limited token with administrative privileges removed and administrative groups disabled.  The limited token is used when User Account Control is enabled, the application does not require administrative privilege, and the user does not choose to start the program using Run as administrator.","1480361307.000",14,28,28,november,27,monday,2016,local,,"IP-C6137C2D",main,33,"//_::_\r=\r=___.\r=\r=\r=\r=-...\r=_\r=\r=\r=_\r=_____.\r\r\r\r:\r","WinEventLog:Security","WinEventLog:Security",PersonalSplunk,,23,0
CORP,,"IP-C6137C2D$",,,,,,,"IP-C6137C2D.corp.amazonworkspaces.com",0x133c,,,4688,0,,,,,,,"Audit Success",Security,,,,0x3e7,,,"A new process has been created.

Subject:
	Security ID:		S-1-5-18
	Account Name:		IP-C6137C2D$
	Account Domain:		CORP
	Logon ID:		0x3e7

Process Information:
	New Process ID:		0x908
	New Process Name:	C:\Program Files\Splunk\bin\splunk-netmon.exe
	Token Elevation Type:	TokenElevationTypeDefault (1)
	Creator Process ID:	0x133c
	Process Command Line:	

Token Elevation Type indicates the type of token that was assigned to the new process in accordance with User Account Control policy.

Type 1 is a full token with no privileges removed or groups disabled.  A full token is only used if User Account Control is disabled or if the user is the built-in Administrator account or a service account.

Type 2 is an elevated token with no privileges removed or groups disabled.  An elevated token is used when User Account Control is enabled and the user chooses to start the program using Run as administrator.  An elevated token is also used when an application is configured to always require administrative privilege or to always require maximum privilege, and the user is a member of the Administrators group.

Type 3 is a limited token with administrative privileges removed and administrative groups disabled.  The limited token is used when User Account Control is enabled, the application does not require administrative privilege, and the user does not choose to start the program using Run as administrator.",,0x908,"C:\Program Files\Splunk\bin\splunk-netmon.exe",,,Info,,,,,,,,,,131918,,,,"S-1-5-18",,,"Microsoft Windows security auditing.",,,,,,"IP-C6137C2D$",,"Process Creation","TokenElevationTypeDefault (1)",,Information,,,,,,"11/28/2016 02:28:26 PM
LogName=Security
SourceName=Microsoft Windows security auditing.
EventCode=4688
EventType=0
Type=Information
ComputerName=IP-C6137C2D.corp.amazonworkspaces.com
TaskCategory=Process Creation
OpCode=Info
RecordNumber=131918
Keywords=Audit Success
Message=A new process has been created.

Subject:
	Security ID:		S-1-5-18
	Account Name:		IP-C6137C2D$
	Account Domain:		CORP
	Logon ID:		0x3e7

Process Information:
	New Process ID:		0x908
	New Process Name:	C:\Program Files\Splunk\bin\splunk-netmon.exe
	Token Elevation Type:	TokenElevationTypeDefault (1)
	Creator Process ID:	0x133c
	Process Command Line:	

Token Elevation Type indicates the type of token that was assigned to the new process in accordance with User Account Control policy.

Type 1 is a full token with no privileges removed or groups disabled.  A full token is only used if User Account Control is disabled or if the user is the built-in Administrator account or a service account.

Type 2 is an elevated token with no privileges removed or groups disabled.  An elevated token is used when User Account Control is enabled and the user chooses to start the program using Run as administrator.  An elevated token is also used when an application is configured to always require administrative privilege or to always require maximum privilege, and the user is a member of the Administrators group.

Type 3 is a limited token with administrative privileges removed and administrative groups disabled.  The limited token is used when User Account Control is enabled, the application does not require administrative privilege, and the user does not choose to start the program using Run as administrator.","1480361306.000",14,28,28,november,26,monday,2016,local,,"IP-C6137C2D",main,33,"//_::_\r=\r=___.\r=\r=\r=\r=-...\r=_\r=\r=\r=_\r=_____.\r\r\r\r:\r","WinEventLog:Security","WinEventLog:Security",PersonalSplunk,,23,0
CORP,,"IP-C6137C2D$",,,,,,,"IP-C6137C2D.corp.amazonworkspaces.com",0x133c,,,4688,0,,,,,,,"Audit Success",Security,,,,0x3e7,,,"A new process has been created.

Subject:
	Security ID:		S-1-5-18
	Account Name:		IP-C6137C2D$
	Account Domain:		CORP
	Logon ID:		0x3e7

Process Information:
	New Process ID:		0x10fc
	New Process Name:	C:\Program Files\Splunk\bin\splunk-admon.exe
	Token Elevation Type:	TokenElevationTypeDefault (1)
	Creator Process ID:	0x133c
	Process Command Line:	

Token Elevation Type indicates the type of token that was assigned to the new process in accordance with User Account Control policy.

Type 1 is a full token with no privileges removed or groups disabled.  A full token is only used if User Account Control is disabled or if the user is the built-in Administrator account or a service account.

Type 2 is an elevated token with no privileges removed or groups disabled.  An elevated token is used when User Account Control is enabled and the user chooses to start the program using Run as administrator.  An elevated token is also used when an application is configured to always require administrative privilege or to always require maximum privilege, and the user is a member of the Administrators group.

Type 3 is a limited token with administrative privileges removed and administrative groups disabled.  The limited token is used when User Account Control is enabled, the application does not require administrative privilege, and the user does not choose to start the program using Run as administrator.",,0x10fc,"C:\Program Files\Splunk\bin\splunk-admon.exe",,,Info,,,,,,,,,,131917,,,,"S-1-5-18",,,"Microsoft Windows security auditing.",,,,,,"IP-C6137C2D$",,"Process Creation","TokenElevationTypeDefault (1)",,Information,,,,,,"11/28/2016 02:28:25 PM
LogName=Security
SourceName=Microsoft Windows security auditing.
EventCode=4688
EventType=0
Type=Information
ComputerName=IP-C6137C2D.corp.amazonworkspaces.com
TaskCategory=Process Creation
OpCode=Info
RecordNumber=131917
Keywords=Audit Success
Message=A new process has been created.

Subject:
	Security ID:		S-1-5-18
	Account Name:		IP-C6137C2D$
	Account Domain:		CORP
	Logon ID:		0x3e7

Process Information:
	New Process ID:		0x10fc
	New Process Name:	C:\Program Files\Splunk\bin\splunk-admon.exe
	Token Elevation Type:	TokenElevationTypeDefault (1)
	Creator Process ID:	0x133c
	Process Command Line:	

Token Elevation Type indicates the type of token that was assigned to the new process in accordance with User Account Control policy.

Type 1 is a full token with no privileges removed or groups disabled.  A full token is only used if User Account Control is disabled or if the user is the built-in Administrator account or a service account.

Type 2 is an elevated token with no privileges removed or groups disabled.  An elevated token is used when User Account Control is enabled and the user chooses to start the program using Run as administrator.  An elevated token is also used when an application is configured to always require administrative privilege or to always require maximum privilege, and the user is a member of the Administrators group.

Type 3 is a limited token with administrative privileges removed and administrative groups disabled.  The limited token is used when User Account Control is enabled, the application does not require administrative privilege, and the user does not choose to start the program using Run as administrator.","1480361305.000",14,28,28,november,25,monday,2016,local,,"IP-C6137C2D",main,33,"//_::_\r=\r=___.\r=\r=\r=\r=-...\r=_\r=\r=\r=_\r=_____.\r\r\r\r:\r","WinEventLog:Security","WinEventLog:Security",PersonalSplunk,,23,0
CORP,,"IP-C6137C2D$",,,,,,,"IP-C6137C2D.corp.amazonworkspaces.com",0x133c,,,4688,0,,,,,,,"Audit Success",Security,,,,0x3e7,,,"A new process has been created.

Subject:
	Security ID:		S-1-5-18
	Account Name:		IP-C6137C2D$
	Account Domain:		CORP
	Logon ID:		0x3e7

Process Information:
	New Process ID:		0x9c4
	New Process Name:	C:\Program Files\Splunk\bin\splunk-MonitorNoHandle.exe
	Token Elevation Type:	TokenElevationTypeDefault (1)
	Creator Process ID:	0x133c
	Process Command Line:	

Token Elevation Type indicates the type of token that was assigned to the new process in accordance with User Account Control policy.

Type 1 is a full token with no privileges removed or groups disabled.  A full token is only used if User Account Control is disabled or if the user is the built-in Administrator account or a service account.

Type 2 is an elevated token with no privileges removed or groups disabled.  An elevated token is used when User Account Control is enabled and the user chooses to start the program using Run as administrator.  An elevated token is also used when an application is configured to always require administrative privilege or to always require maximum privilege, and the user is a member of the Administrators group.

Type 3 is a limited token with administrative privileges removed and administrative groups disabled.  The limited token is used when User Account Control is enabled, the application does not require administrative privilege, and the user does not choose to start the program using Run as administrator.",,0x9c4,"C:\Program Files\Splunk\bin\splunk-MonitorNoHandle.exe",,,Info,,,,,,,,,,131916,,,,"S-1-5-18",,,"Microsoft Windows security auditing.",,,,,,"IP-C6137C2D$",,"Process Creation","TokenElevationTypeDefault (1)",,Information,,,,,,"11/28/2016 02:28:24 PM
LogName=Security
SourceName=Microsoft Windows security auditing.
EventCode=4688
EventType=0
Type=Information
ComputerName=IP-C6137C2D.corp.amazonworkspaces.com
TaskCategory=Process Creation
OpCode=Info
RecordNumber=131916
Keywords=Audit Success
Message=A new process has been created.

Subject:
	Security ID:		S-1-5-18
	Account Name:		IP-C6137C2D$
	Account Domain:		CORP
	Logon ID:		0x3e7

Process Information:
	New Process ID:		0x9c4
	New Process Name:	C:\Program Files\Splunk\bin\splunk-MonitorNoHandle.exe
	Token Elevation Type:	TokenElevationTypeDefault (1)
	Creator Process ID:	0x133c
	Process Command Line:	

Token Elevation Type indicates the type of token that was assigned to the new process in accordance with User Account Control policy.

Type 1 is a full token with no privileges removed or groups disabled.  A full token is only used if User Account Control is disabled or if the user is the built-in Administrator account or a service account.

Type 2 is an elevated token with no privileges removed or groups disabled.  An elevated token is used when User Account Control is enabled and the user chooses to start the program using Run as administrator.  An elevated token is also used when an application is configured to always require administrative privilege or to always require maximum privilege, and the user is a member of the Administrators group.

Type 3 is a limited token with administrative privileges removed and administrative groups disabled.  The limited token is used when User Account Control is enabled, the application does not require administrative privilege, and the user does not choose to start the program using Run as administrator.","1480361304.000",14,28,28,november,24,monday,2016,local,,"IP-C6137C2D",main,33,"//_::_\r=\r=___.\r=\r=\r=\r=-...\r=_\r=\r=\r=_\r=_____.\r\r\r\r:\r","WinEventLog:Security","WinEventLog:Security",PersonalSplunk,,23,0
CORP,,"IP-C6137C2D$",,,,,,,"IP-C6137C2D.corp.amazonworkspaces.com",0x698,,,4688,0,,,,,,,"Audit Success",Security,,,,0x3e7,,,"A new process has been created.

Subject:
	Security ID:		S-1-5-18
	Account Name:		IP-C6137C2D$
	Account Domain:		CORP
	Logon ID:		0x3e7

Process Information:
	New Process ID:		0x1918
	New Process Name:	C:\metasploit\postgresql\bin\postgres.exe
	Token Elevation Type:	TokenElevationTypeDefault (1)
	Creator Process ID:	0x698
	Process Command Line:	

Token Elevation Type indicates the type of token that was assigned to the new process in accordance with User Account Control policy.

Type 1 is a full token with no privileges removed or groups disabled.  A full token is only used if User Account Control is disabled or if the user is the built-in Administrator account or a service account.

Type 2 is an elevated token with no privileges removed or groups disabled.  An elevated token is used when User Account Control is enabled and the user chooses to start the program using Run as administrator.  An elevated token is also used when an application is configured to always require administrative privilege or to always require maximum privilege, and the user is a member of the Administrators group.

Type 3 is a limited token with administrative privileges removed and administrative groups disabled.  The limited token is used when User Account Control is enabled, the application does not require administrative privilege, and the user does not choose to start the program using Run as administrator.",,0x1918,"C:\metasploit\postgresql\bin\postgres.exe",,,Info,,,,,,,,,,131915,,,,"S-1-5-18",,,"Microsoft Windows security auditing.",,,,,,"IP-C6137C2D$",,"Process Creation","TokenElevationTypeDefault (1)",,Information,,,,,,"11/28/2016 02:28:10 PM
LogName=Security
SourceName=Microsoft Windows security auditing.
EventCode=4688
EventType=0
Type=Information
ComputerName=IP-C6137C2D.corp.amazonworkspaces.com
TaskCategory=Process Creation
OpCode=Info
RecordNumber=131915
Keywords=Audit Success
Message=A new process has been created.

Subject:
	Security ID:		S-1-5-18
	Account Name:		IP-C6137C2D$
	Account Domain:		CORP
	Logon ID:		0x3e7

Process Information:
	New Process ID:		0x1918
	New Process Name:	C:\metasploit\postgresql\bin\postgres.exe
	Token Elevation Type:	TokenElevationTypeDefault (1)
	Creator Process ID:	0x698
	Process Command Line:	

Token Elevation Type indicates the type of token that was assigned to the new process in accordance with User Account Control policy.

Type 1 is a full token with no privileges removed or groups disabled.  A full token is only used if User Account Control is disabled or if the user is the built-in Administrator account or a service account.

Type 2 is an elevated token with no privileges removed or groups disabled.  An elevated token is used when User Account Control is enabled and the user chooses to start the program using Run as administrator.  An elevated token is also used when an application is configured to always require administrative privilege or to always require maximum privilege, and the user is a member of the Administrators group.

Type 3 is a limited token with administrative privileges removed and administrative groups disabled.  The limited token is used when User Account Control is enabled, the application does not require administrative privilege, and the user does not choose to start the program using Run as administrator.","1480361290.000",14,28,28,november,10,monday,2016,local,,"IP-C6137C2D",main,33,"//_::_\r=\r=___.\r=\r=\r=\r=-...\r=_\r=\r=\r=_\r=_____.\r\r\r\r:\r","WinEventLog:Security","WinEventLog:Security",PersonalSplunk,,23,0
"NT AUTHORITY",,"LOCAL SERVICE",,,,,,,"IP-C6137C2D.corp.amazonworkspaces.com",0x22c,,,4688,0,,,,,,,"Audit Success",Security,,,,0x3e5,,,"A new process has been created.

Subject:
	Security ID:		S-1-5-19
	Account Name:		LOCAL SERVICE
	Account Domain:		NT AUTHORITY
	Logon ID:		0x3e5

Process Information:
	New Process ID:		0x1840
	New Process Name:	C:\Windows\System32\audiodg.exe
	Token Elevation Type:	TokenElevationTypeDefault (1)
	Creator Process ID:	0x22c
	Process Command Line:	

Token Elevation Type indicates the type of token that was assigned to the new process in accordance with User Account Control policy.

Type 1 is a full token with no privileges removed or groups disabled.  A full token is only used if User Account Control is disabled or if the user is the built-in Administrator account or a service account.

Type 2 is an elevated token with no privileges removed or groups disabled.  An elevated token is used when User Account Control is enabled and the user chooses to start the program using Run as administrator.  An elevated token is also used when an application is configured to always require administrative privilege or to always require maximum privilege, and the user is a member of the Administrators group.

Type 3 is a limited token with administrative privileges removed and administrative groups disabled.  The limited token is used when User Account Control is enabled, the application does not require administrative privilege, and the user does not choose to start the program using Run as administrator.",,0x1840,"C:\Windows\System32\audiodg.exe",,,Info,,,,,,,,,,131914,,,,"S-1-5-19",,,"Microsoft Windows security auditing.",,,,,,"LOCAL SERVICE",,"Process Creation","TokenElevationTypeDefault (1)",,Information,,,,,,"11/28/2016 02:28:02 PM
LogName=Security
SourceName=Microsoft Windows security auditing.
EventCode=4688
EventType=0
Type=Information
ComputerName=IP-C6137C2D.corp.amazonworkspaces.com
TaskCategory=Process Creation
OpCode=Info
RecordNumber=131914
Keywords=Audit Success
Message=A new process has been created.

Subject:
	Security ID:		S-1-5-19
	Account Name:		LOCAL SERVICE
	Account Domain:		NT AUTHORITY
	Logon ID:		0x3e5

Process Information:
	New Process ID:		0x1840
	New Process Name:	C:\Windows\System32\audiodg.exe
	Token Elevation Type:	TokenElevationTypeDefault (1)
	Creator Process ID:	0x22c
	Process Command Line:	

Token Elevation Type indicates the type of token that was assigned to the new process in accordance with User Account Control policy.

Type 1 is a full token with no privileges removed or groups disabled.  A full token is only used if User Account Control is disabled or if the user is the built-in Administrator account or a service account.

Type 2 is an elevated token with no privileges removed or groups disabled.  An elevated token is used when User Account Control is enabled and the user chooses to start the program using Run as administrator.  An elevated token is also used when an application is configured to always require administrative privilege or to always require maximum privilege, and the user is a member of the Administrators group.

Type 3 is a limited token with administrative privileges removed and administrative groups disabled.  The limited token is used when User Account Control is enabled, the application does not require administrative privilege, and the user does not choose to start the program using Run as administrator.","1480361282.000",14,28,28,november,2,monday,2016,local,,"IP-C6137C2D",main,33,"//_::_\r=\r=___.\r=\r=\r=\r=-...\r=_\r=\r=\r=_\r=_____.\r\r\r\r:\r","WinEventLog:Security","WinEventLog:Security",PersonalSplunk,,23,0
CORP,,"IP-C6137C2D$",,,,,,,"IP-C6137C2D.corp.amazonworkspaces.com",0x698,,,4688,0,,,,,,,"Audit Success",Security,,,,0x3e7,,,"A new process has been created.

Subject:
	Security ID:		S-1-5-18
	Account Name:		IP-C6137C2D$
	Account Domain:		CORP
	Logon ID:		0x3e7

Process Information:
	New Process ID:		0x17f0
	New Process Name:	C:\metasploit\postgresql\bin\postgres.exe
	Token Elevation Type:	TokenElevationTypeDefault (1)
	Creator Process ID:	0x698
	Process Command Line:	

Token Elevation Type indicates the type of token that was assigned to the new process in accordance with User Account Control policy.

Type 1 is a full token with no privileges removed or groups disabled.  A full token is only used if User Account Control is disabled or if the user is the built-in Administrator account or a service account.

Type 2 is an elevated token with no privileges removed or groups disabled.  An elevated token is used when User Account Control is enabled and the user chooses to start the program using Run as administrator.  An elevated token is also used when an application is configured to always require administrative privilege or to always require maximum privilege, and the user is a member of the Administrators group.

Type 3 is a limited token with administrative privileges removed and administrative groups disabled.  The limited token is used when User Account Control is enabled, the application does not require administrative privilege, and the user does not choose to start the program using Run as administrator.",,0x17f0,"C:\metasploit\postgresql\bin\postgres.exe",,,Info,,,,,,,,,,131913,,,,"S-1-5-18",,,"Microsoft Windows security auditing.",,,,,,"IP-C6137C2D$",,"Process Creation","TokenElevationTypeDefault (1)",,Information,,,,,,"11/28/2016 02:27:40 PM
LogName=Security
SourceName=Microsoft Windows security auditing.
EventCode=4688
EventType=0
Type=Information
ComputerName=IP-C6137C2D.corp.amazonworkspaces.com
TaskCategory=Process Creation
OpCode=Info
RecordNumber=131913
Keywords=Audit Success
Message=A new process has been created.

Subject:
	Security ID:		S-1-5-18
	Account Name:		IP-C6137C2D$
	Account Domain:		CORP
	Logon ID:		0x3e7

Process Information:
	New Process ID:		0x17f0
	New Process Name:	C:\metasploit\postgresql\bin\postgres.exe
	Token Elevation Type:	TokenElevationTypeDefault (1)
	Creator Process ID:	0x698
	Process Command Line:	

Token Elevation Type indicates the type of token that was assigned to the new process in accordance with User Account Control policy.

Type 1 is a full token with no privileges removed or groups disabled.  A full token is only used if User Account Control is disabled or if the user is the built-in Administrator account or a service account.

Type 2 is an elevated token with no privileges removed or groups disabled.  An elevated token is used when User Account Control is enabled and the user chooses to start the program using Run as administrator.  An elevated token is also used when an application is configured to always require administrative privilege or to always require maximum privilege, and the user is a member of the Administrators group.

Type 3 is a limited token with administrative privileges removed and administrative groups disabled.  The limited token is used when User Account Control is enabled, the application does not require administrative privilege, and the user does not choose to start the program using Run as administrator.","1480361260.000",14,28,27,november,40,monday,2016,local,,"IP-C6137C2D",main,33,"//_::_\r=\r=___.\r=\r=\r=\r=-...\r=_\r=\r=\r=_\r=_____.\r\r\r\r:\r","WinEventLog:Security","WinEventLog:Security",PersonalSplunk,,23,0
"IP-C6137C2D",,"msmith_admin",,,,,,,"IP-C6137C2D.corp.amazonworkspaces.com",,,,4634,0,,,,,,,"Audit Success",Security,,,,0x15022e0,,2,"An account was logged off.

Subject:
	Security ID:		S-1-5-21-530973380-1803174443-1567984831-1004
	Account Name:		msmith_admin
	Account Domain:		IP-C6137C2D
	Logon ID:		0x15022e0

Logon Type:			2

This event is generated when a logon session is destroyed. It may be positively correlated with a logon event using the Logon ID value. Logon IDs are only unique between reboots on the same computer.",,,,,,Info,,,,,,,,,,131912,,,,"S-1-5-21-530973380-1803174443-1567984831-1004",,,"Microsoft Windows security auditing.",,,,,,"msmith_admin",,Logoff,,,Information,,,,,,"11/28/2016 02:27:34 PM
LogName=Security
SourceName=Microsoft Windows security auditing.
EventCode=4634
EventType=0
Type=Information
ComputerName=IP-C6137C2D.corp.amazonworkspaces.com
TaskCategory=Logoff
OpCode=Info
RecordNumber=131912
Keywords=Audit Success
Message=An account was logged off.

Subject:
	Security ID:		S-1-5-21-530973380-1803174443-1567984831-1004
	Account Name:		msmith_admin
	Account Domain:		IP-C6137C2D
	Logon ID:		0x15022e0

Logon Type:			2

This event is generated when a logon session is destroyed. It may be positively correlated with a logon event using the Logon ID value. Logon IDs are only unique between reboots on the same computer.","1480361254.000",14,28,27,november,34,monday,2016,local,,"IP-C6137C2D",main,22,"//_::_\r=\r=___.\r=\r=\r=\r=-...\r=\r=\r=\r=_\r=____.\r\r\r\r:\r\rt","WinEventLog:Security","WinEventLog:Security",PersonalSplunk,,23,0
"IP-C6137C2D",,"msmith_admin",,,,,,,"IP-C6137C2D.corp.amazonworkspaces.com",,,,4634,0,,,,,,,"Audit Success",Security,,,,0x15022f4,,2,"An account was logged off.

Subject:
	Security ID:		S-1-5-21-530973380-1803174443-1567984831-1004
	Account Name:		msmith_admin
	Account Domain:		IP-C6137C2D
	Logon ID:		0x15022f4

Logon Type:			2

This event is generated when a logon session is destroyed. It may be positively correlated with a logon event using the Logon ID value. Logon IDs are only unique between reboots on the same computer.",,,,,,Info,,,,,,,,,,131911,,,,"S-1-5-21-530973380-1803174443-1567984831-1004",,,"Microsoft Windows security auditing.",,,,,,"msmith_admin",,Logoff,,,Information,,,,,,"11/28/2016 02:27:34 PM
LogName=Security
SourceName=Microsoft Windows security auditing.
EventCode=4634
EventType=0
Type=Information
ComputerName=IP-C6137C2D.corp.amazonworkspaces.com
TaskCategory=Logoff
OpCode=Info
RecordNumber=131911
Keywords=Audit Success
Message=An account was logged off.

Subject:
	Security ID:		S-1-5-21-530973380-1803174443-1567984831-1004
	Account Name:		msmith_admin
	Account Domain:		IP-C6137C2D
	Logon ID:		0x15022f4

Logon Type:			2

This event is generated when a logon session is destroyed. It may be positively correlated with a logon event using the Logon ID value. Logon IDs are only unique between reboots on the same computer.","1480361254.000",14,28,27,november,34,monday,2016,local,,"IP-C6137C2D",main,22,"//_::_\r=\r=___.\r=\r=\r=\r=-...\r=\r=\r=\r=_\r=____.\r\r\r\r:\r\rt","WinEventLog:Security","WinEventLog:Security",PersonalSplunk,,23,0
CORP,,"IP-C6137C2D$",,,,,,,"IP-C6137C2D.corp.amazonworkspaces.com",0x1bac,,,4688,0,,,,,,,"Audit Success",Security,,,,0x3e7,,,"A new process has been created.

Subject:
	Security ID:		S-1-5-18
	Account Name:		IP-C6137C2D$
	Account Domain:		CORP
	Logon ID:		0x3e7

Process Information:
	New Process ID:		0x13c8
	New Process Name:	C:\Windows\System32\mmc.exe
	Token Elevation Type:	TokenElevationTypeLimited (3)
	Creator Process ID:	0x1bac
	Process Command Line:	

Token Elevation Type indicates the type of token that was assigned to the new process in accordance with User Account Control policy.

Type 1 is a full token with no privileges removed or groups disabled.  A full token is only used if User Account Control is disabled or if the user is the built-in Administrator account or a service account.

Type 2 is an elevated token with no privileges removed or groups disabled.  An elevated token is used when User Account Control is enabled and the user chooses to start the program using Run as administrator.  An elevated token is also used when an application is configured to always require administrative privilege or to always require maximum privilege, and the user is a member of the Administrators group.

Type 3 is a limited token with administrative privileges removed and administrative groups disabled.  The limited token is used when User Account Control is enabled, the application does not require administrative privilege, and the user does not choose to start the program using Run as administrator.",,0x13c8,"C:\Windows\System32\mmc.exe",,,Info,,,,,,,,,,131910,,,,"S-1-5-18",,,"Microsoft Windows security auditing.",,,,,,"IP-C6137C2D$",,"Process Creation","TokenElevationTypeLimited (3)",,Information,,,,,,"11/28/2016 02:27:34 PM
LogName=Security
SourceName=Microsoft Windows security auditing.
EventCode=4688
EventType=0
Type=Information
ComputerName=IP-C6137C2D.corp.amazonworkspaces.com
TaskCategory=Process Creation
OpCode=Info
RecordNumber=131910
Keywords=Audit Success
Message=A new process has been created.

Subject:
	Security ID:		S-1-5-18
	Account Name:		IP-C6137C2D$
	Account Domain:		CORP
	Logon ID:		0x3e7

Process Information:
	New Process ID:		0x13c8
	New Process Name:	C:\Windows\System32\mmc.exe
	Token Elevation Type:	TokenElevationTypeLimited (3)
	Creator Process ID:	0x1bac
	Process Command Line:	

Token Elevation Type indicates the type of token that was assigned to the new process in accordance with User Account Control policy.

Type 1 is a full token with no privileges removed or groups disabled.  A full token is only used if User Account Control is disabled or if the user is the built-in Administrator account or a service account.

Type 2 is an elevated token with no privileges removed or groups disabled.  An elevated token is used when User Account Control is enabled and the user chooses to start the program using Run as administrator.  An elevated token is also used when an application is configured to always require administrative privilege or to always require maximum privilege, and the user is a member of the Administrators group.

Type 3 is a limited token with administrative privileges removed and administrative groups disabled.  The limited token is used when User Account Control is enabled, the application does not require administrative privilege, and the user does not choose to start the program using Run as administrator.","1480361254.000",14,28,27,november,34,monday,2016,local,,"IP-C6137C2D",main,33,"//_::_\r=\r=___.\r=\r=\r=\r=-...\r=_\r=\r=\r=_\r=_____.\r\r\r\r:\r","WinEventLog:Security","WinEventLog:Security",PersonalSplunk,,23,0
CORP,,"IP-C6137C2D$",,,,,,,"IP-C6137C2D.corp.amazonworkspaces.com",0x330,,,4688,0,,,,,,,"Audit Success",Security,,,,0x3e7,,,"A new process has been created.

Subject:
	Security ID:		S-1-5-18
	Account Name:		IP-C6137C2D$
	Account Domain:		CORP
	Logon ID:		0x3e7

Process Information:
	New Process ID:		0x1448
	New Process Name:	C:\Windows\System32\dllhost.exe
	Token Elevation Type:	TokenElevationTypeDefault (1)
	Creator Process ID:	0x330
	Process Command Line:	

Token Elevation Type indicates the type of token that was assigned to the new process in accordance with User Account Control policy.

Type 1 is a full token with no privileges removed or groups disabled.  A full token is only used if User Account Control is disabled or if the user is the built-in Administrator account or a service account.

Type 2 is an elevated token with no privileges removed or groups disabled.  An elevated token is used when User Account Control is enabled and the user chooses to start the program using Run as administrator.  An elevated token is also used when an application is configured to always require administrative privilege or to always require maximum privilege, and the user is a member of the Administrators group.

Type 3 is a limited token with administrative privileges removed and administrative groups disabled.  The limited token is used when User Account Control is enabled, the application does not require administrative privilege, and the user does not choose to start the program using Run as administrator.",,0x1448,"C:\Windows\System32\dllhost.exe",,,Info,,,,,,,,,,131909,,,,"S-1-5-18",,,"Microsoft Windows security auditing.",,,,,,"IP-C6137C2D$",,"Process Creation","TokenElevationTypeDefault (1)",,Information,,,,,,"11/28/2016 02:27:34 PM
LogName=Security
SourceName=Microsoft Windows security auditing.
EventCode=4688
EventType=0
Type=Information
ComputerName=IP-C6137C2D.corp.amazonworkspaces.com
TaskCategory=Process Creation
OpCode=Info
RecordNumber=131909
Keywords=Audit Success
Message=A new process has been created.

Subject:
	Security ID:		S-1-5-18
	Account Name:		IP-C6137C2D$
	Account Domain:		CORP
	Logon ID:		0x3e7

Process Information:
	New Process ID:		0x1448
	New Process Name:	C:\Windows\System32\dllhost.exe
	Token Elevation Type:	TokenElevationTypeDefault (1)
	Creator Process ID:	0x330
	Process Command Line:	

Token Elevation Type indicates the type of token that was assigned to the new process in accordance with User Account Control policy.

Type 1 is a full token with no privileges removed or groups disabled.  A full token is only used if User Account Control is disabled or if the user is the built-in Administrator account or a service account.

Type 2 is an elevated token with no privileges removed or groups disabled.  An elevated token is used when User Account Control is enabled and the user chooses to start the program using Run as administrator.  An elevated token is also used when an application is configured to always require administrative privilege or to always require maximum privilege, and the user is a member of the Administrators group.

Type 3 is a limited token with administrative privileges removed and administrative groups disabled.  The limited token is used when User Account Control is enabled, the application does not require administrative privilege, and the user does not choose to start the program using Run as administrator.","1480361254.000",14,28,27,november,34,monday,2016,local,,"IP-C6137C2D",main,33,"//_::_\r=\r=___.\r=\r=\r=\r=-...\r=_\r=\r=\r=_\r=_____.\r\r\r\r:\r","WinEventLog:Security","WinEventLog:Security",PersonalSplunk,,23,0
"IP-C6137C2D",,"msmith_admin",,,,,,,"IP-C6137C2D.corp.amazonworkspaces.com",,,,4672,0,,,,,,,"Audit Success",Security,,,,0x15022e0,,,"Special privileges assigned to new logon.

Subject:
	Security ID:		S-1-5-21-530973380-1803174443-1567984831-1004
	Account Name:		msmith_admin
	Account Domain:		IP-C6137C2D
	Logon ID:		0x15022e0

Privileges:		SeSecurityPrivilege
			SeTakeOwnershipPrivilege
			SeLoadDriverPrivilege
			SeBackupPrivilege
			SeRestorePrivilege
			SeDebugPrivilege
			SeSystemEnvironmentPrivilege
			SeImpersonatePrivilege",,,,,,Info,,,,,SeSecurityPrivilege,,,,,131908,,,,"S-1-5-21-530973380-1803174443-1567984831-1004",,,"Microsoft Windows security auditing.",,,,,,"msmith_admin",,"Special Logon",,,Information,,,,,,"11/28/2016 02:27:34 PM
